2018-05-05 23:30:28.726178: I tensorflow/core/platform/cpu_feature_guard.cc:137] Your CPU supports instructions that this TensorFlow binary was not compiled to use: SSE4.1 SSE4.2 AVX AVX2 FMA
2018-05-05 23:30:29.647737: I tensorflow/core/common_runtime/gpu/gpu_device.cc:1030] Found device 0 with properties: 
name: GeForce GTX TITAN X major: 5 minor: 2 memoryClockRate(GHz): 1.076
pciBusID: 0000:04:00.0
totalMemory: 11.92GiB freeMemory: 11.80GiB
2018-05-05 23:30:29.647766: I tensorflow/core/common_runtime/gpu/gpu_device.cc:1120] Creating TensorFlow device (/device:GPU:0) -> (device: 0, name: GeForce GTX TITAN X, pci bus id: 0000:04:00.0, compute capability: 5.2)
WARNING::lambda1_stud not found in config file
WARNING::lambda2_stud not found in config file
2018-05-05 23:30:29.751435: I tensorflow/core/common_runtime/gpu/gpu_device.cc:1120] Creating TensorFlow device (/device:GPU:0) -> (device: 0, name: GeForce GTX TITAN X, pci bus id: 0000:04:00.0, compute capability: 5.2)
2018-05-05 23:30:29.862545: I tensorflow/core/common_runtime/gpu/gpu_device.cc:1120] Creating TensorFlow device (/device:GPU:0) -> (device: 0, name: GeForce GTX TITAN X, pci bus id: 0000:04:00.0, compute capability: 5.2)
/users/hzhang2/haowen/miniconda3/envs/py35_tf/lib/python3.5/site-packages/tensorflow/python/ops/gradients_impl.py:96: UserWarning: Converting sparse IndexedSlices to a dense Tensor of unknown shape. This may consume a large amount of memory.
  "Converting sparse IndexedSlices to a dense Tensor of unknown shape. "
INFO::=================
INFO::episodes: 0
INFO::----step1000----
INFO::hq_ratio: 0.0318
INFO::entropy: 2.066862020083765
INFO::----step2000----
INFO::hq_ratio: 0.0415
INFO::entropy: 2.046506596619983
INFO::----step3000----
INFO::hq_ratio: 0.0408
INFO::entropy: 2.178663415913432
INFO::----step4000----
INFO::hq_ratio: 0.026
INFO::entropy: 1.957462758153546
INFO::----step5000----
INFO::hq_ratio: 0.0249
INFO::entropy: 0.7100680955797884
INFO::----step6000----
INFO::hq_ratio: 0.1975
INFO::entropy: 0.004352682756185841
INFO::----step7000----
INFO::hq_ratio: 0.0182
INFO::entropy: 4.410963378559342e-06
INFO::----step8000----
INFO::hq_ratio: 0.022
INFO::entropy: 0.029055867864329333
INFO::----step9000----
INFO::hq_ratio: 0.0109
INFO::entropy: 1.4332182104367133
INFO::----step10000----
INFO::hq_ratio: 0.0303
INFO::entropy: 1.4495264982858969
INFO::----step11000----
INFO::hq_ratio: 0.1059
INFO::entropy: 0.6709537455690832
INFO::----step12000----
INFO::hq_ratio: 0.0363
INFO::entropy: 1.4198248966457405
INFO::----step13000----
INFO::hq_ratio: 0.0278
INFO::entropy: 1.0098219426129602
INFO::----step14000----
INFO::hq_ratio: 0.0486
INFO::entropy: 2.0026635881441175
INFO::----step15000----
INFO::hq_ratio: 0.0673
INFO::entropy: 2.33524704256672
INFO::----step16000----
INFO::hq_ratio: 0.0803
INFO::entropy: 2.5369219300731727
INFO::----step17000----
INFO::hq_ratio: 0.1149
INFO::entropy: 2.8468660204224485
INFO::----step18000----
INFO::hq_ratio: 0.1126
INFO::entropy: 2.880315993071083
INFO::----step19000----
INFO::hq_ratio: 0.1042
INFO::entropy: 2.9113948322061707
INFO::----step20000----
INFO::hq_ratio: 0.1424
INFO::entropy: 2.9589938770346866
INFO::----step21000----
INFO::hq_ratio: 0.1573
INFO::entropy: 2.92145314067059
INFO::----step22000----
INFO::hq_ratio: 0.156
INFO::entropy: 2.8883715311466336
INFO::----step23000----
INFO::hq_ratio: 0.1787
INFO::entropy: 2.9449374918360154
INFO::----step24000----
INFO::hq_ratio: 0.1685
INFO::entropy: 2.9181645157857585
INFO::----step25000----
INFO::hq_ratio: 0.2178
INFO::entropy: 2.895705690139347
INFO::----step26000----
INFO::hq_ratio: 0.197
INFO::entropy: 2.9154137962314914
INFO::----step27000----
INFO::hq_ratio: 0.2852
INFO::entropy: 2.835418784727491
INFO::----step28000----
INFO::hq_ratio: 0.2696
INFO::entropy: 2.8307424956152505
INFO::----step29000----
INFO::hq_ratio: 0.3161
INFO::entropy: 2.8545595679938476
INFO::----step30000----
INFO::hq_ratio: 0.3334
INFO::entropy: 2.8704644498026783
INFO::----step31000----
INFO::hq_ratio: 0.3138
INFO::entropy: 2.8442715418266116
INFO::----step32000----
INFO::hq_ratio: 0.3512
INFO::entropy: 2.8148503046837794
INFO::----step33000----
INFO::hq_ratio: 0.3622
INFO::entropy: 2.7873647290522143
INFO::----step34000----
INFO::hq_ratio: 0.4074
INFO::entropy: 2.8099772710218267
INFO::----step35000----
INFO::hq_ratio: 0.4286
INFO::entropy: 2.7851639443084997
INFO::----step36000----
INFO::hq_ratio: 0.3914
INFO::entropy: 2.78244558938427
INFO::----step37000----
INFO::hq_ratio: 0.4309
INFO::entropy: 2.738358150245422
INFO::----step38000----
INFO::hq_ratio: 0.3642
INFO::entropy: 2.779411814547795
INFO::----step39000----
INFO::hq_ratio: 0.4714
INFO::entropy: 2.738323384066093
INFO::----step40000----
INFO::hq_ratio: 0.4459
INFO::entropy: 2.687061361914667
INFO::----step41000----
INFO::hq_ratio: 0.4885
INFO::entropy: 2.6994251590821934
INFO::----step42000----
INFO::hq_ratio: 0.4885
INFO::entropy: 2.7324438261690767
INFO::----step43000----
INFO::hq_ratio: 0.3754
INFO::entropy: 2.6977866965407573
INFO::----step44000----
INFO::hq_ratio: 0.5412
INFO::entropy: 2.703287727820249
INFO::----step45000----
INFO::hq_ratio: 0.5327
INFO::entropy: 2.67989771258961
INFO::----step46000----
INFO::hq_ratio: 0.5449
INFO::entropy: 2.6865467318514384
INFO::----step47000----
INFO::hq_ratio: 0.5813
INFO::entropy: 2.7041497302242434
INFO::----step48000----
INFO::hq_ratio: 0.5771
INFO::entropy: 2.694635664059671
INFO::----step49000----
INFO::hq_ratio: 0.5779
INFO::entropy: 2.7098840104684823
INFO::----step50000----
INFO::hq_ratio: 0.6142
INFO::entropy: 2.67127584011264
INFO::----step51000----
INFO::hq_ratio: 0.6053
INFO::entropy: 2.672864179875775
INFO::----step52000----
INFO::hq_ratio: 0.6305
INFO::entropy: 2.65672959365111
INFO::----step53000----
INFO::hq_ratio: 0.603
INFO::entropy: 2.660209385023668
INFO::----step54000----
INFO::hq_ratio: 0.5906
INFO::entropy: 2.643021822339784
INFO::----step55000----
INFO::hq_ratio: 0.6116
INFO::entropy: 2.6679630228332774
INFO::----step56000----
INFO::hq_ratio: 0.6474
INFO::entropy: 2.6570253969178976
INFO::----step57000----
INFO::hq_ratio: 0.6419
INFO::entropy: 2.6629356305325227
INFO::----step58000----
INFO::hq_ratio: 0.6558
INFO::entropy: 2.668674020106098
INFO::----step59000----
INFO::hq_ratio: 0.6399
INFO::entropy: 2.6383170717163624
INFO::----step60000----
INFO::hq_ratio: 0.6194
INFO::entropy: 2.666479063490642
INFO::----step61000----
INFO::hq_ratio: 0.661
INFO::entropy: 2.6595552754217193
INFO::----step62000----
INFO::hq_ratio: 0.6416
INFO::entropy: 2.6734723836494916
INFO::----step63000----
INFO::hq_ratio: 0.6557
INFO::entropy: 2.6527211428512465
INFO::----step64000----
INFO::hq_ratio: 0.6662
INFO::entropy: 2.6669353332126424
INFO::----step65000----
INFO::hq_ratio: 0.6728
INFO::entropy: 2.6491568615198506
INFO::----step66000----
INFO::hq_ratio: 0.6414
INFO::entropy: 2.6456328312893693
INFO::----step67000----
INFO::hq_ratio: 0.664
INFO::entropy: 2.6457195668231557
INFO::----step68000----
INFO::hq_ratio: 0.6801
INFO::entropy: 2.644261256558664
INFO::----step69000----
INFO::hq_ratio: 0.6684
INFO::entropy: 2.639643613216977
INFO::----step70000----
INFO::hq_ratio: 0.7031
INFO::entropy: 2.684059873524887
INFO::----step71000----
INFO::hq_ratio: 0.697
INFO::entropy: 2.6569953729499676
INFO::----step72000----
INFO::hq_ratio: 0.6963
INFO::entropy: 2.6622065471913707
INFO::----step73000----
INFO::hq_ratio: 0.6833
INFO::entropy: 2.673642623177282
INFO::----step74000----
INFO::hq_ratio: 0.6949
INFO::entropy: 2.670043994685705
INFO::----step75000----
INFO::hq_ratio: 0.6911
INFO::entropy: 2.6801321884350413
INFO::----step76000----
INFO::hq_ratio: 0.7025
INFO::entropy: 2.692606441259943
INFO::----step77000----
INFO::hq_ratio: 0.7064
INFO::entropy: 2.7033415230899482
INFO::----step78000----
INFO::hq_ratio: 0.7162
INFO::entropy: 2.6741625422978013
INFO::----step79000----
INFO::hq_ratio: 0.7119
INFO::entropy: 2.696011154983779
INFO::----step80000----
INFO::hq_ratio: 0.7177
INFO::entropy: 2.6730740780001963
INFO::----step81000----
INFO::hq_ratio: 0.715
INFO::entropy: 2.69941892399615
INFO::----step82000----
INFO::hq_ratio: 0.7223
INFO::entropy: 2.681772173008477
INFO::----step83000----
INFO::hq_ratio: 0.6994
INFO::entropy: 2.6723840412299023
INFO::----step84000----
INFO::hq_ratio: 0.7138
INFO::entropy: 2.6809298315128376
INFO::----step85000----
INFO::hq_ratio: 0.7315
INFO::entropy: 2.681089025222091
INFO::----step86000----
INFO::hq_ratio: 0.5019
INFO::entropy: 2.6408612455504468
INFO::----step87000----
INFO::hq_ratio: 0.7253
INFO::entropy: 2.6888174195695553
INFO::----step88000----
INFO::hq_ratio: 0.7239
INFO::entropy: 2.666818306918408
INFO::----step89000----
INFO::hq_ratio: 0.7152
INFO::entropy: 2.6999609631893127
INFO::----step90000----
INFO::hq_ratio: 0.7158
INFO::entropy: 2.6964995195376007
INFO::----step91000----
INFO::hq_ratio: 0.7329
INFO::entropy: 2.686145877823979
INFO::----step92000----
INFO::hq_ratio: 0.731
INFO::entropy: 2.6748305779507775
INFO::----step93000----
INFO::hq_ratio: 0.7389
INFO::entropy: 2.6800900966922105
INFO::----step94000----
INFO::hq_ratio: 0.7229
INFO::entropy: 2.6781889751403014
INFO::----step95000----
INFO::hq_ratio: 0.7289
INFO::entropy: 2.6820155161014254
INFO::----step96000----
INFO::hq_ratio: 0.7331
INFO::entropy: 2.678363951136591
INFO::----step97000----
INFO::hq_ratio: 0.7347
INFO::entropy: 2.693771721772512
INFO::----step98000----
INFO::hq_ratio: 0.5457
INFO::entropy: 2.686346917548922
INFO::----step99000----
INFO::hq_ratio: 0.7528
INFO::entropy: 2.717418175892619
INFO::----step100000----
INFO::hq_ratio: 0.708
INFO::entropy: 2.7256067645019697
INFO::----step101000----
INFO::hq_ratio: 0.7213
INFO::entropy: 2.709091397342563
INFO::----step102000----
INFO::hq_ratio: 0.746
INFO::entropy: 2.7368895349540567
INFO::----step103000----
INFO::hq_ratio: 0.6933
INFO::entropy: 2.7538802764217114
INFO::----step104000----
INFO::hq_ratio: 0.7427
INFO::entropy: 2.7473593189744117
INFO::----step105000----
INFO::hq_ratio: 0.7098
INFO::entropy: 2.766709698428865
INFO::----step106000----
INFO::hq_ratio: 0.7223
INFO::entropy: 2.7533156263730008
INFO::----step107000----
INFO::hq_ratio: 0.764
INFO::entropy: 2.772756623770407
INFO::----step108000----
INFO::hq_ratio: 0.7585
INFO::entropy: 2.7540210455391563
INFO::----step109000----
INFO::hq_ratio: 0.7477
INFO::entropy: 2.768681392240716
INFO::----step110000----
INFO::hq_ratio: 0.7206
INFO::entropy: 2.7764034063357754
INFO::----step111000----
INFO::hq_ratio: 0.7469
INFO::entropy: 2.799904230065027
INFO::----step112000----
INFO::hq_ratio: 0.7405
INFO::entropy: 2.8062270597413015
INFO::----step113000----
INFO::hq_ratio: 0.7435
INFO::entropy: 2.8243307694686655
INFO::----step114000----
INFO::hq_ratio: 0.7502
INFO::entropy: 2.84445887155905
INFO::----step115000----
INFO::hq_ratio: 0.7638
INFO::entropy: 2.8355784028671627
INFO::----step116000----
INFO::hq_ratio: 0.7696
INFO::entropy: 2.8150533534964457
INFO::----step117000----
INFO::hq_ratio: 0.7735
INFO::entropy: 2.8655974391624097
INFO::----step118000----
INFO::hq_ratio: 0.7717
INFO::entropy: 2.8263698493210994
INFO::----step119000----
INFO::hq_ratio: 0.7147
INFO::entropy: 2.8470449897151022
INFO::----step120000----
INFO::hq_ratio: 0.7423
INFO::entropy: 2.846279751195589
INFO::----step121000----
INFO::hq_ratio: 0.7798
INFO::entropy: 2.88161698839592
INFO::----step122000----
INFO::hq_ratio: 0.7647
INFO::entropy: 2.8509620538494223
INFO::----step123000----
INFO::hq_ratio: 0.7694
INFO::entropy: 2.878690223218836
INFO::----step124000----
INFO::hq_ratio: 0.741
INFO::entropy: 2.8363454566072983
INFO::----step125000----
INFO::hq_ratio: 0.7726
INFO::entropy: 2.884289309731971
INFO::----step126000----
INFO::hq_ratio: 0.777
INFO::entropy: 2.887631049208416
INFO::----step127000----
INFO::hq_ratio: 0.7921
INFO::entropy: 2.876450199862356
INFO::----step128000----
INFO::hq_ratio: 0.7848
INFO::entropy: 2.911126443559601
INFO::----step129000----
INFO::hq_ratio: 0.7759
INFO::entropy: 2.884986099206888
INFO::----step130000----
INFO::hq_ratio: 0.7626
INFO::entropy: 2.89556213150412
INFO::----step131000----
INFO::hq_ratio: 0.7954
INFO::entropy: 2.9099706034297923
INFO::----step132000----
INFO::hq_ratio: 0.7729
INFO::entropy: 2.9120661416536326
INFO::----step133000----
INFO::hq_ratio: 0.7889
INFO::entropy: 2.9004702716213857
INFO::----step134000----
INFO::hq_ratio: 0.8083
INFO::entropy: 2.9036183594516327
INFO::----step135000----
INFO::hq_ratio: 0.7694
INFO::entropy: 2.908953896046722
INFO::----step136000----
INFO::hq_ratio: 0.7989
INFO::entropy: 2.9173360182686854
INFO::----step137000----
INFO::hq_ratio: 0.7511
INFO::entropy: 2.8824322601834647
INFO::----step138000----
INFO::hq_ratio: 0.8113
INFO::entropy: 2.9052731594185666
INFO::----step139000----
INFO::hq_ratio: 0.7971
INFO::entropy: 2.926719032392729
INFO::----step140000----
INFO::hq_ratio: 0.8077
INFO::entropy: 2.9166892591702362
INFO::----step141000----
INFO::hq_ratio: 0.7555
INFO::entropy: 2.922721586130411
INFO::----step142000----
INFO::hq_ratio: 0.8115
INFO::entropy: 2.9376689130081335
INFO::----step143000----
INFO::hq_ratio: 0.7984
INFO::entropy: 2.9241730413977725
INFO::----step144000----
INFO::hq_ratio: 0.7915
INFO::entropy: 2.9390460896365975
INFO::----step145000----
INFO::hq_ratio: 0.7635
INFO::entropy: 2.9172774835090642
INFO::----step146000----
INFO::hq_ratio: 0.8172
INFO::entropy: 2.9287009718173853
INFO::----step147000----
INFO::hq_ratio: 0.7688
INFO::entropy: 2.9178413739043165
INFO::----step148000----
INFO::hq_ratio: 0.8122
INFO::entropy: 2.925135904755543
INFO::----step149000----
INFO::hq_ratio: 0.8181
INFO::entropy: 2.938119694683918
INFO::----step150000----
INFO::hq_ratio: 0.8115
INFO::entropy: 2.9206005524473806
INFO::----step151000----
INFO::hq_ratio: 0.7954
INFO::entropy: 2.93909149997764
INFO::----step152000----
INFO::hq_ratio: 0.7864
INFO::entropy: 2.9451970522705975
INFO::----step153000----
INFO::hq_ratio: 0.8275
INFO::entropy: 2.958473604579353
INFO::----step154000----
INFO::hq_ratio: 0.7987
INFO::entropy: 2.9449462869823324
INFO::----step155000----
INFO::hq_ratio: 0.8141
INFO::entropy: 2.942917406235306
INFO::----step156000----
INFO::hq_ratio: 0.8304
INFO::entropy: 2.94070664410617
INFO::----step157000----
INFO::hq_ratio: 0.8227
INFO::entropy: 2.9308623258921935
INFO::----step158000----
INFO::hq_ratio: 0.8287
INFO::entropy: 2.905177336072123
INFO::----step159000----
INFO::hq_ratio: 0.8345
INFO::entropy: 2.9489359086731803
INFO::----step160000----
INFO::hq_ratio: 0.647
INFO::entropy: 2.8986548142629553
INFO::----step161000----
INFO::hq_ratio: 0.7902
INFO::entropy: 2.9434570903775734
INFO::----step162000----
INFO::hq_ratio: 0.8366
INFO::entropy: 2.9280574372692585
INFO::----step163000----
INFO::hq_ratio: 0.8322
INFO::entropy: 2.9084728847866232
INFO::----step164000----
INFO::hq_ratio: 0.8199
INFO::entropy: 2.9283341504593494
INFO::----step165000----
INFO::hq_ratio: 0.819
INFO::entropy: 2.9642888225041357
INFO::----step166000----
INFO::hq_ratio: 0.6903
INFO::entropy: 2.957490388836996
INFO::----step167000----
INFO::hq_ratio: 0.8333
INFO::entropy: 2.9544181407738077
INFO::----step168000----
INFO::hq_ratio: 0.8383
INFO::entropy: 2.960208200628977
INFO::----step169000----
INFO::hq_ratio: 0.8246
INFO::entropy: 2.957411248757985
INFO::----step170000----
INFO::hq_ratio: 0.8465
INFO::entropy: 2.937721316148877
INFO::----step171000----
INFO::hq_ratio: 0.8248
INFO::entropy: 2.9580839936634202
INFO::----step172000----
INFO::hq_ratio: 0.8377
INFO::entropy: 2.9645596405656245
INFO::----step173000----
INFO::hq_ratio: 0.8377
INFO::entropy: 2.9797158882257935
INFO::----step174000----
INFO::hq_ratio: 0.8093
INFO::entropy: 2.9737178436131457
INFO::----step175000----
INFO::hq_ratio: 0.8055
INFO::entropy: 2.998187724975663
INFO::----step176000----
INFO::hq_ratio: 0.8217
INFO::entropy: 2.970123161916835
INFO::----step177000----
INFO::hq_ratio: 0.7715
INFO::entropy: 2.9679230946031945
INFO::----step178000----
INFO::hq_ratio: 0.8484
INFO::entropy: 2.9645984928933693
INFO::----step179000----
INFO::hq_ratio: 0.8413
INFO::entropy: 2.96582823189082
INFO::----step180000----
INFO::hq_ratio: 0.7121
INFO::entropy: 2.9451121508922657
INFO::----step181000----
INFO::hq_ratio: 0.8408
INFO::entropy: 2.980600733594258
INFO::----step182000----
INFO::hq_ratio: 0.825
INFO::entropy: 2.9696780933059523
INFO::----step183000----
INFO::hq_ratio: 0.8462
INFO::entropy: 2.976385193576253
INFO::----step184000----
INFO::hq_ratio: 0.8458
INFO::entropy: 2.9754272178844636
INFO::----step185000----
INFO::hq_ratio: 0.8453
INFO::entropy: 2.9551066607380307
INFO::----step186000----
INFO::hq_ratio: 0.552
INFO::entropy: 2.8318526824432757
INFO::----step187000----
INFO::hq_ratio: 0.8567
INFO::entropy: 2.971995751025643
INFO::----step188000----
INFO::hq_ratio: 0.8251
INFO::entropy: 2.9651335103298906
INFO::----step189000----
INFO::hq_ratio: 0.8644
INFO::entropy: 2.9748059917508956
INFO::----step190000----
INFO::hq_ratio: 0.8658
INFO::entropy: 2.974916715044671
INFO::----step191000----
INFO::hq_ratio: 0.8304
INFO::entropy: 2.9356455033272684
INFO::----step192000----
INFO::hq_ratio: 0.8549
INFO::entropy: 2.98242921385453
INFO::----step193000----
INFO::hq_ratio: 0.8598
INFO::entropy: 2.982291557142268
INFO::----step194000----
INFO::hq_ratio: 0.8542
INFO::entropy: 2.974302709335732
INFO::----step195000----
INFO::hq_ratio: 0.8529
INFO::entropy: 2.9735840324911993
INFO::----step196000----
INFO::hq_ratio: 0.8552
INFO::entropy: 2.9717806632210246
INFO::----step197000----
INFO::hq_ratio: 0.8309
INFO::entropy: 2.988485913132485
INFO::----step198000----
INFO::hq_ratio: 0.7683
INFO::entropy: 2.996545193803853
INFO::----step199000----
INFO::hq_ratio: 0.8553
INFO::entropy: 2.9854915864550904
INFO::----step200000----
INFO::hq_ratio: 0.8562
INFO::entropy: 2.974815030540222
load 100000 samples.
load 2000 samples.
Traceback (most recent call last):
  File "trainer.py", line 271, in <module>
    trainer.train()
  File "trainer.py", line 134, in train
    final_reward, adv = model_stud.get_final_reward()
  File "/users/hzhang2/haowen/GitHub/autoLoss/models/gan_grid.py", line 339, in get_final_reward
    reward = self.best_hq_ratio * self.reward_c
AttributeError: 'Gan_grid' object has no attribute 'reward_c'
