WARNING::lambda1_stud not found in config file
WARNING::lambda2_stud not found in config file
2018-05-09 09:16:05.198850: I tensorflow/core/platform/cpu_feature_guard.cc:137] Your CPU supports instructions that this TensorFlow binary was not compiled to use: SSE4.1 SSE4.2 AVX AVX2 FMA
2018-05-09 09:16:06.172409: I tensorflow/core/common_runtime/gpu/gpu_device.cc:1030] Found device 0 with properties: 
name: GeForce GTX TITAN X major: 5 minor: 2 memoryClockRate(GHz): 1.076
pciBusID: 0000:04:00.0
totalMemory: 11.92GiB freeMemory: 11.80GiB
2018-05-09 09:16:06.172586: I tensorflow/core/common_runtime/gpu/gpu_device.cc:1120] Creating TensorFlow device (/device:GPU:0) -> (device: 0, name: GeForce GTX TITAN X, pci bus id: 0000:04:00.0, compute capability: 5.2)
INFO::Loading pretrained model from: /datasets/BigLearning/haowen/autoLoss/saved_models/mnist_classification/model-20000
INFO::h0.haowen6.biglearning.orca.pdl.cmu.edu
WARNING::lambda1_stud not found in config file
WARNING::lambda2_stud not found in config file
2018-05-09 09:16:07.440438: I tensorflow/core/common_runtime/gpu/gpu_device.cc:1120] Creating TensorFlow device (/device:GPU:0) -> (device: 0, name: GeForce GTX TITAN X, pci bus id: 0000:04:00.0, compute capability: 5.2)
2018-05-09 09:16:07.577958: I tensorflow/core/common_runtime/gpu/gpu_device.cc:1120] Creating TensorFlow device (/device:GPU:0) -> (device: 0, name: GeForce GTX TITAN X, pci bus id: 0000:04:00.0, compute capability: 5.2)
/users/hzhang2/haowen/miniconda3/envs/py35_tf/lib/python3.5/site-packages/tensorflow/python/ops/gradients_impl.py:96: UserWarning: Converting sparse IndexedSlices to a dense Tensor of unknown shape. This may consume a large amount of memory.
  "Converting sparse IndexedSlices to a dense Tensor of unknown shape. "
INFO::=================
INFO::episodes: 0
INFO::----step1000----
INFO::inception_score: (4.089935, 0.0)
INFO::inps_baseline: 4.089934825897217
INFO::----step2000----
INFO::inception_score: (4.9789777, 0.0)
INFO::inps_baseline: 4.267743396759033
INFO::----step3000----
INFO::inception_score: (6.241653, 0.0)
INFO::inps_baseline: 4.662525310516357
INFO::----step4000----
INFO::inception_score: (6.976945, 0.0)
INFO::inps_baseline: 5.1254092330932615
INFO::----step5000----
INFO::inception_score: (7.234485, 0.0)
INFO::inps_baseline: 5.547224416351319
INFO::----step6000----
INFO::inception_score: (7.323374, 0.0)
INFO::inps_baseline: 5.902454291992187
INFO::----step7000----
INFO::inception_score: (7.285027, 0.0)
INFO::inps_baseline: 6.178968839019775
INFO::----step8000----
INFO::inception_score: (7.4141355, 0.0)
INFO::inps_baseline: 6.4260021624328605
INFO::----step9000----
INFO::inception_score: (7.4409375, 0.0)
INFO::inps_baseline: 6.628989233760986
INFO::----step10000----
INFO::inception_score: (7.561311, 0.0)
INFO::inps_baseline: 6.8154535406342776
INFO::----step11000----
INFO::inception_score: (7.66869, 0.0)
INFO::inps_baseline: 6.986100873431494
INFO::----step12000----
INFO::inception_score: (7.6811004, 0.0)
INFO::inps_baseline: 7.125100772445146
INFO::----step13000----
INFO::inception_score: (7.720551, 0.0)
INFO::inps_baseline: 7.244190820745423
INFO::----step14000----
INFO::inception_score: (7.81118, 0.0)
INFO::inps_baseline: 7.357588679545557
INFO::----step15000----
INFO::inception_score: (7.8402324, 0.0)
INFO::inps_baseline: 7.454117418093233
INFO::----step16000----
INFO::inception_score: (7.8441887, 0.0)
INFO::inps_baseline: 7.532131672511696
INFO::----step17000----
INFO::inception_score: (7.782937, 0.0)
INFO::inps_baseline: 7.5822927479825015
INFO::----step18000----
INFO::inception_score: (7.8218026, 0.0)
INFO::inps_baseline: 7.630194721609878
INFO::----step19000----
INFO::inception_score: (7.8980756, 0.0)
INFO::inps_baseline: 7.683770893407287
INFO::----step20000----
INFO::inception_score: (7.909942, 0.0)
INFO::inps_baseline: 7.7290051447490224
INFO::----step21000----
INFO::inception_score: (7.9999638, 0.0)
INFO::inps_baseline: 7.783196867874413
