WARNING::lambda1_stud not found in config file
WARNING::lambda2_stud not found in config file
2018-05-09 09:16:24.020023: I tensorflow/core/platform/cpu_feature_guard.cc:137] Your CPU supports instructions that this TensorFlow binary was not compiled to use: SSE4.1 SSE4.2 AVX AVX2 FMA
2018-05-09 09:16:25.020560: I tensorflow/core/common_runtime/gpu/gpu_device.cc:1030] Found device 0 with properties: 
name: GeForce GTX TITAN X major: 5 minor: 2 memoryClockRate(GHz): 1.076
pciBusID: 0000:04:00.0
totalMemory: 11.92GiB freeMemory: 11.80GiB
2018-05-09 09:16:25.020738: I tensorflow/core/common_runtime/gpu/gpu_device.cc:1120] Creating TensorFlow device (/device:GPU:0) -> (device: 0, name: GeForce GTX TITAN X, pci bus id: 0000:04:00.0, compute capability: 5.2)
INFO::Loading pretrained model from: /datasets/BigLearning/haowen/autoLoss/saved_models/mnist_classification/model-20000
INFO::h1.haowen6.biglearning.orca.pdl.cmu.edu
WARNING::lambda1_stud not found in config file
WARNING::lambda2_stud not found in config file
2018-05-09 09:16:26.207554: I tensorflow/core/common_runtime/gpu/gpu_device.cc:1120] Creating TensorFlow device (/device:GPU:0) -> (device: 0, name: GeForce GTX TITAN X, pci bus id: 0000:04:00.0, compute capability: 5.2)
2018-05-09 09:16:26.290626: I tensorflow/core/common_runtime/gpu/gpu_device.cc:1120] Creating TensorFlow device (/device:GPU:0) -> (device: 0, name: GeForce GTX TITAN X, pci bus id: 0000:04:00.0, compute capability: 5.2)
/users/hzhang2/haowen/miniconda3/envs/py35_tf/lib/python3.5/site-packages/tensorflow/python/ops/gradients_impl.py:96: UserWarning: Converting sparse IndexedSlices to a dense Tensor of unknown shape. This may consume a large amount of memory.
  "Converting sparse IndexedSlices to a dense Tensor of unknown shape. "
INFO::=================
INFO::episodes: 0
INFO::----step1000----
INFO::inception_score: (4.074865, 0.0)
INFO::inps_baseline: 4.074864864349365
INFO::----step2000----
INFO::inception_score: (4.37072, 0.0)
INFO::inps_baseline: 4.134035873413086
INFO::----step3000----
INFO::inception_score: (5.2346196, 0.0)
INFO::inps_baseline: 4.3541526222229
INFO::----step4000----
INFO::inception_score: (6.3881526, 0.0)
INFO::inps_baseline: 4.760952617645263
INFO::----step5000----
INFO::inception_score: (6.9084044, 0.0)
INFO::inps_baseline: 5.190442964172362
INFO::----step6000----
INFO::inception_score: (6.8483224, 0.0)
INFO::inps_baseline: 5.522018849639892
INFO::----step7000----
INFO::inception_score: (6.8893867, 0.0)
INFO::inps_baseline: 5.795492410491943
INFO::----step8000----
INFO::inception_score: (6.895526, 0.0)
INFO::inps_baseline: 6.015499114855957
INFO::----step9000----
INFO::inception_score: (7.0446663, 0.0)
INFO::inps_baseline: 6.2213325499414065
INFO::----step10000----
INFO::inception_score: (7.152774, 0.0)
INFO::inps_baseline: 6.407620811376465
INFO::----step11000----
INFO::inception_score: (7.2276974, 0.0)
INFO::inps_baseline: 6.571636123588477
INFO::----step12000----
INFO::inception_score: (7.3503494, 0.0)
INFO::inps_baseline: 6.727378784124689
INFO::----step13000----
INFO::inception_score: (7.3273225, 0.0)
INFO::inps_baseline: 6.8473675239122995
INFO::----step14000----
INFO::inception_score: (7.320453, 0.0)
INFO::inps_baseline: 6.941984652522174
INFO::----step15000----
INFO::inception_score: (7.4469686, 0.0)
INFO::inps_baseline: 7.042981433107827
INFO::----step16000----
INFO::inception_score: (7.408718, 0.0)
INFO::inps_baseline: 7.116128768312434
INFO::----step17000----
INFO::inception_score: (7.532439, 0.0)
INFO::inps_baseline: 7.199390861024458
INFO::----step18000----
INFO::inception_score: (7.5912833, 0.0)
INFO::inps_baseline: 7.277769353095689
INFO::----step19000----
INFO::inception_score: (7.4723854, 0.0)
INFO::inps_baseline: 7.316692563775379
INFO::----step20000----
INFO::inception_score: (7.568807, 0.0)
INFO::inps_baseline: 7.367115476038614
INFO::----step21000----
INFO::inception_score: (7.590889, 0.0)
INFO::inps_baseline: 7.411870176241048
