WARNING::lambda1_stud not found in config file
WARNING::lambda2_stud not found in config file
2018-05-14 17:23:27.027059: I tensorflow/core/platform/cpu_feature_guard.cc:137] Your CPU supports instructions that this TensorFlow binary was not compiled to use: SSE4.1 SSE4.2 AVX AVX2 FMA
2018-05-14 17:23:28.033969: I tensorflow/core/common_runtime/gpu/gpu_device.cc:1030] Found device 0 with properties: 
name: GeForce GTX TITAN X major: 5 minor: 2 memoryClockRate(GHz): 1.076
pciBusID: 0000:04:00.0
totalMemory: 11.92GiB freeMemory: 11.80GiB
2018-05-14 17:23:28.034152: I tensorflow/core/common_runtime/gpu/gpu_device.cc:1120] Creating TensorFlow device (/device:GPU:0) -> (device: 0, name: GeForce GTX TITAN X, pci bus id: 0000:04:00.0, compute capability: 5.2)
INFO::Loading pretrained model from: /datasets/BigLearning/haowen/autoLoss/saved_models/mnist_classification/model-20000
2018-05-14 17:23:30.969072: I tensorflow/core/common_runtime/gpu/gpu_device.cc:1120] Creating TensorFlow device (/device:GPU:0) -> (device: 0, name: GeForce GTX TITAN X, pci bus id: 0000:04:00.0, compute capability: 5.2)
INFO::h3.haowen6.biglearning.orca.pdl.cmu.edu
WARNING::lambda1_stud not found in config file
WARNING::lambda2_stud not found in config file
INFO::[DEFAULT]
INFO::[env]
INFO::exp_dir:: ~/haowen/GitHub/autoLoss
INFO::data_dir:: /datasets/BigLearning/haowen/mnist
INFO::model_dir:: /datasets/BigLearning/haowen/autoLoss/saved_models
INFO::save_images_dir:: /datasets/BigLearning/haowen/autoLoss/saved_images
INFO::[data]
INFO::[stud]
INFO::student_model_name:: gan
INFO::batch_size:: 128
INFO::lr_stud:: 0.0002
INFO::beta1:: 0.5
INFO::beta2:: 0.999
INFO::valid_frequency_stud:: 500
INFO::print_frequency_stud:: 2000
INFO::max_endurance_stud:: 10
INFO::max_training_step:: 200000
INFO::stop_strategy_stud:: exceeding_endurance
INFO::[gan]
INFO::dim_z:: 128
INFO::dim_x:: 784
INFO::dim_c:: 64
INFO::disc_iters:: 1
INFO::gen_iters:: 1
INFO::inps_threshold:: 6.3
INFO::inps_batches:: 200
INFO::inps_splits:: 5
INFO::[evaluate]
INFO::[rl]
INFO::controller_model_name:: linear_logits_clipping
INFO::logit_clipping_c:: 2
INFO::dim_state_rl:: 5
INFO::dim_hidden_rl:: 16
INFO::dim_action_rl:: 2
INFO::lr_rl:: 2
INFO::lr_decay_rl:: 1
INFO::total_episodes:: 1000
INFO::update_frequency:: 1
INFO::save_frequency:: 100
INFO::inps_baseline_decay:: 0.8
INFO::reward_c:: 10
INFO::reward_step_rl:: 0.1
INFO::reward_max_value:: 20
INFO::explore_rate_decay_rl:: 100
INFO::explore_rate_rl:: 0
INFO::max_endurance_rl:: 50
INFO::state_decay:: 0.9
INFO::metric_decay:: 0.8
INFO::exp_name: h3-haowen6_05-14-23-23
2018-05-14 17:23:30.989864: I tensorflow/core/common_runtime/gpu/gpu_device.cc:1120] Creating TensorFlow device (/device:GPU:0) -> (device: 0, name: GeForce GTX TITAN X, pci bus id: 0000:04:00.0, compute capability: 5.2)
/users/hzhang2/haowen/miniconda3/envs/py35_tf/lib/python3.5/site-packages/tensorflow/python/ops/gradients_impl.py:96: UserWarning: Converting sparse IndexedSlices to a dense Tensor of unknown shape. This may consume a large amount of memory.
  "Converting sparse IndexedSlices to a dense Tensor of unknown shape. "
INFO::architecture:
INFO::activation_D: leakyRelu
INFO::activation_G: relu
INFO::batchnorm_D: False
INFO::batchnorm_G: False
INFO::depth_D: 4
INFO::depth_G: 4
INFO::dim_c_D: 128
INFO::dim_c_G: 128
INFO::dim_z: 64
2018-05-14 17:23:31.057844: I tensorflow/core/common_runtime/gpu/gpu_device.cc:1120] Creating TensorFlow device (/device:GPU:0) -> (device: 0, name: GeForce GTX TITAN X, pci bus id: 0000:04:00.0, compute capability: 5.2)
INFO::BASELINE
INFO::========Step0========
INFO::0
INFO::(1.0151176, 9.259649e-05)
INFO::inps_baseline: 1.0151176452636719
INFO::gen_cost: 0.6897683143615723
INFO::disc_cost fake: 0.6965410113334656, real: 0.636887788772583
INFO::========Step500========
INFO::0
INFO::(4.720427, 0.0783688)
INFO::inps_baseline: 1.7561795234680173
INFO::========Step1000========
INFO::0
INFO::(6.041502, 0.009466672)
INFO::inps_baseline: 2.6132440185546875
INFO::========Step1500========
INFO::0
INFO::(6.833925, 0.021150222)
INFO::inps_baseline: 3.4573801689147947
INFO::========Step2000========
INFO::0
INFO::(7.1551285, 0.022721704)
INFO::inps_baseline: 4.196929830932617
INFO::gen_cost: 0.8364008069038391
INFO::disc_cost fake: 0.6455710530281067, real: 0.2413160651922226
INFO::========Step2500========
INFO::0
INFO::(7.190554, 0.046320878)
INFO::inps_baseline: 4.795654693145751
INFO::========Step3000========
INFO::0
INFO::(7.3396964, 0.029244011)
INFO::inps_baseline: 5.304463035980224
INFO::========Step3500========
INFO::0
INFO::(7.402243, 0.055408336)
INFO::inps_baseline: 5.724019056256103
INFO::========Step4000========
INFO::0
INFO::(7.5100794, 0.030058812)
INFO::inps_baseline: 6.081231121774902
INFO::gen_cost: 0.7458922863006592
INFO::disc_cost fake: 0.724777102470398, real: 0.340486615896225
INFO::========Step4500========
INFO::0
INFO::(7.6136117, 0.039676603)
INFO::inps_baseline: 6.387707237050049
INFO::========Step5000========
INFO::0
INFO::(7.6323104, 0.046049573)
INFO::inps_baseline: 6.636627867734521
INFO::========Step5500========
INFO::0
INFO::(7.702024, 0.04933472)
INFO::inps_baseline: 6.849707090787959
INFO::========Step6000========
INFO::0
INFO::(7.7936563, 0.05174242)
INFO::inps_baseline: 7.038496942466793
INFO::gen_cost: 0.9296616911888123
INFO::disc_cost fake: 0.5618796944618225, real: 0.5069928765296936
INFO::========Step6500========
INFO::0
INFO::(7.85607, 0.042946387)
INFO::inps_baseline: 7.202011562304733
INFO::========Step7000========
INFO::0
INFO::(7.8884597, 0.013376194)
INFO::inps_baseline: 7.339301186336706
INFO::========Step7500========
INFO::0
INFO::(7.926137, 0.03932699)
INFO::inps_baseline: 7.4566683431733685
INFO::========Step8000========
INFO::0
INFO::(7.9853973, 0.07575015)
INFO::inps_baseline: 7.562414142312132
INFO::gen_cost: 0.8666390776634216
INFO::disc_cost fake: 0.5919325947761536, real: 0.4888554513454437
INFO::========Step8500========
INFO::0
INFO::(7.978517, 0.051159855)
INFO::inps_baseline: 7.645634724952001
INFO::========Step9000========
INFO::0
INFO::(7.9908576, 0.043516282)
INFO::inps_baseline: 7.714679300194756
INFO::========Step9500========
INFO::0
INFO::(8.033285, 0.057831865)
INFO::inps_baseline: 7.778400468354047
INFO::========Step10000========
INFO::0
INFO::(8.093418, 0.026117569)
INFO::inps_baseline: 7.841403998950816
INFO::gen_cost: 0.9261400103569031
INFO::disc_cost fake: 0.5582712888717651, real: 0.5443116426467896
INFO::========Step10500========
INFO::0
INFO::(8.060951, 0.03788009)
INFO::inps_baseline: 7.885313445742684
INFO::========Step11000========
INFO::0
INFO::(8.118468, 0.044111155)
INFO::inps_baseline: 7.931944413515534
INFO::========Step11500========
INFO::0
INFO::(8.113489, 0.02567358)
INFO::inps_baseline: 7.968253361012623
INFO::========Step12000========
INFO::0
INFO::(8.092726, 0.030251794)
INFO::inps_baseline: 7.993147839566935
INFO::gen_cost: 0.7154289484024048
INFO::disc_cost fake: 0.7522185444831848, real: 0.39039433002471924
INFO::========Step12500========
INFO::0
INFO::(8.177329, 0.043328427)
INFO::inps_baseline: 8.029984084336654
INFO::========Step13000========
INFO::0
INFO::(8.221888, 0.050690047)
INFO::inps_baseline: 8.068364785169518
INFO::========Step13500========
INFO::0
INFO::(8.206121, 0.057150044)
INFO::inps_baseline: 8.095916117076044
INFO::========Step14000========
INFO::0
INFO::(8.224268, 0.03810725)
INFO::inps_baseline: 8.12158648557978
INFO::gen_cost: 1.2085134983062744
INFO::disc_cost fake: 0.40418553352355957, real: 0.7136214971542358
INFO::========Step14500========
INFO::0
INFO::(8.250706, 0.038375515)
INFO::inps_baseline: 8.147410332262652
INFO::========Step15000========
INFO::0
INFO::(8.285652, 0.026376149)
INFO::inps_baseline: 8.175058697939027
INFO::========Step15500========
INFO::0
INFO::(8.320793, 0.03511933)
INFO::inps_baseline: 8.204205588722315
INFO::========Step16000========
INFO::0
INFO::(8.313626, 0.04809809)
INFO::inps_baseline: 8.226089728851386
INFO::gen_cost: 0.9749702215194702
INFO::disc_cost fake: 0.531970739364624, real: 0.596211850643158
INFO::========Step16500========
INFO::0
INFO::(8.308252, 0.035731927)
INFO::inps_baseline: 8.242522250000054
INFO::========Step17000========
INFO::0
INFO::(8.353407, 0.029963432)
INFO::inps_baseline: 8.264699181225629
INFO::========Step17500========
INFO::0
INFO::(8.349181, 0.047571722)
INFO::inps_baseline: 8.28159558002689
INFO::========Step18000========
INFO::0
INFO::(8.345551, 0.042042524)
INFO::inps_baseline: 8.294386571443386
INFO::gen_cost: 1.1134220361709595
INFO::disc_cost fake: 0.4379924535751343, real: 0.639367401599884
INFO::========Step18500========
INFO::0
INFO::(8.333509, 0.037564743)
INFO::inps_baseline: 8.302211146192795
INFO::========Step19000========
INFO::0
INFO::(8.345246, 0.01614163)
INFO::inps_baseline: 8.310818179954724
INFO::========Step19500========
INFO::0
INFO::(8.384901, 0.029700333)
INFO::inps_baseline: 8.325634753314365
INFO::========Step20000========
INFO::0
INFO::(8.414095, 0.037383564)
INFO::inps_baseline: 8.343326787636844
INFO::gen_cost: 1.317115306854248
INFO::disc_cost fake: 0.3822147250175476, real: 0.7235319018363953
INFO::========Step20500========
INFO::0
INFO::(8.409909, 0.035041638)
INFO::inps_baseline: 8.356643279779885
INFO::========Step21000========
INFO::0
INFO::(8.39058, 0.036859166)
INFO::inps_baseline: 8.363430659285333
INFO::========Step21500========
INFO::0
INFO::(8.376018, 0.055719614)
INFO::inps_baseline: 8.365948041527387
INFO::========Step22000========
INFO::0
INFO::(8.433449, 0.0582014)
INFO::inps_baseline: 8.379448191522691
INFO::gen_cost: 1.4954190254211426
INFO::disc_cost fake: 0.2985265851020813, real: 0.9433404803276062
INFO::========Step22500========
INFO::0
INFO::(8.391672, 0.026998281)
INFO::inps_baseline: 8.381892980098035
INFO::========Step23000========
INFO::0
INFO::(8.435177, 0.034037814)
INFO::inps_baseline: 8.392549753951474
INFO::========Step23500========
INFO::0
INFO::(8.419764, 0.035391673)
INFO::inps_baseline: 8.397992516173876
INFO::========Step24000========
INFO::0
INFO::(8.392718, 0.014712017)
INFO::inps_baseline: 8.396937675964002
INFO::gen_cost: 1.4236348867416382
INFO::disc_cost fake: 0.32484498620033264, real: 0.8060768246650696
INFO::========Step24500========
INFO::1
INFO::(8.449094, 0.024782361)
INFO::inps_baseline: 8.407368904504112
INFO::========Step25000========
INFO::0
INFO::(8.477455, 0.039839484)
INFO::inps_baseline: 8.421386151435321
INFO::========Step25500========
INFO::0
INFO::(8.490502, 0.016895661)
INFO::inps_baseline: 8.43520939264484
INFO::========Step26000========
INFO::0
INFO::(8.452544, 0.02635036)
INFO::inps_baseline: 8.438676356584134
INFO::gen_cost: 0.654780387878418
INFO::disc_cost fake: 0.8385277986526489, real: 0.3504091203212738
INFO::========Step26500========
INFO::0
INFO::(8.480715, 0.041013632)
INFO::inps_baseline: 8.447084044862033
INFO::========Step27000========
INFO::0
INFO::(8.468501, 0.04685147)
INFO::inps_baseline: 8.45136745409031
INFO::========Step27500========
INFO::0
INFO::(8.48102, 0.040916678)
INFO::inps_baseline: 8.457297958023224
INFO::========Step28000========
INFO::0
INFO::(8.457125, 0.017282393)
INFO::inps_baseline: 8.45726330843518
INFO::gen_cost: 0.9641395807266235
INFO::disc_cost fake: 0.5668908357620239, real: 0.4767264127731323
INFO::========Step28500========
INFO::1
INFO::(8.46744, 0.0340868)
INFO::inps_baseline: 8.459298577045995
INFO::========Step29000========
INFO::0
INFO::(8.489826, 0.061948925)
INFO::inps_baseline: 8.465404102115311
INFO::========Step29500========
INFO::0
INFO::(8.492274, 0.030501282)
INFO::inps_baseline: 8.470778138564807
INFO::========Step30000========
INFO::0
INFO::(8.466806, 0.03971969)
INFO::inps_baseline: 8.469983793200479
INFO::gen_cost: 1.5044842958450317
INFO::disc_cost fake: 0.2969403862953186, real: 0.8519970774650574
INFO::========Step30500========
INFO::1
INFO::(8.493308, 0.024475433)
INFO::inps_baseline: 8.474648648024738
INFO::========Step31000========
INFO::0
INFO::(8.527986, 0.04260826)
INFO::inps_baseline: 8.485316032982778
INFO::========Step31500========
INFO::0
INFO::(8.522093, 0.051520035)
INFO::inps_baseline: 8.492671390228997
INFO::========Step32000========
INFO::0
INFO::(8.464574, 0.030552547)
INFO::inps_baseline: 8.48705188421689
INFO::gen_cost: 1.5317083597183228
INFO::disc_cost fake: 0.28968995809555054, real: 0.8370158672332764
INFO::========Step32500========
INFO::1
INFO::(8.491074, 0.046261035)
INFO::inps_baseline: 8.487856229053198
INFO::========Step33000========
INFO::2
INFO::(8.466772, 0.045584682)
INFO::inps_baseline: 8.483639399136113
INFO::========Step33500========
INFO::3
INFO::(8.484444, 0.03746383)
INFO::inps_baseline: 8.483800252219046
INFO::========Step34000========
INFO::4
INFO::(8.508036, 0.020025373)
INFO::inps_baseline: 8.488647333733246
INFO::gen_cost: 1.3183649778366089
INFO::disc_cost fake: 0.3850110173225403, real: 0.6751938462257385
INFO::========Step34500========
INFO::5
INFO::(8.508789, 0.027075782)
INFO::inps_baseline: 8.492675679486597
INFO::========Step35000========
INFO::0
INFO::(8.499932, 0.03579988)
INFO::inps_baseline: 8.494127001413984
INFO::========Step35500========
INFO::0
INFO::(8.548901, 0.052438695)
INFO::inps_baseline: 8.505081721980797
INFO::========Step36000========
INFO::0
INFO::(8.547704, 0.043778583)
INFO::inps_baseline: 8.51360612618083
INFO::gen_cost: 0.9566422700881958
INFO::disc_cost fake: 0.5996438264846802, real: 0.44121211767196655
INFO::========Step36500========
INFO::0
INFO::(8.5084095, 0.021208497)
INFO::inps_baseline: 8.512566800969077
INFO::========Step37000========
INFO::1
INFO::(8.514704, 0.027481098)
INFO::inps_baseline: 8.512994190897333
INFO::========Step37500========
INFO::2
INFO::(8.510603, 0.04674452)
INFO::inps_baseline: 8.512515942927827
INFO::========Step38000========
INFO::3
INFO::(8.523268, 0.03861707)
INFO::inps_baseline: 8.514666303536597
INFO::gen_cost: 0.8402623534202576
INFO::disc_cost fake: 0.6950535774230957, real: 0.3782336115837097
INFO::========Step38500========
INFO::0
INFO::(8.559367, 0.064329006)
INFO::inps_baseline: 8.5236064788034
INFO::========Step39000========
INFO::0
INFO::(8.527576, 0.03711374)
INFO::inps_baseline: 8.524400472349361
INFO::========Step39500========
INFO::0
INFO::(8.535084, 0.039441094)
INFO::inps_baseline: 8.52653713202988
INFO::========Step40000========
INFO::0
INFO::(8.505628, 0.04928535)
INFO::inps_baseline: 8.522355232052126
INFO::gen_cost: 1.1644577980041504
INFO::disc_cost fake: 0.4905010163784027, real: 0.5846566557884216
INFO::========Step40500========
INFO::1
INFO::(8.546699, 0.035750903)
INFO::inps_baseline: 8.527223899691993
INFO::========Step41000========
INFO::0
INFO::(8.527925, 0.07752672)
INFO::inps_baseline: 8.527364027285333
INFO::========Step41500========
INFO::0
INFO::(8.557596, 0.042432167)
INFO::inps_baseline: 8.533410463161275
INFO::========Step42000========
INFO::0
INFO::(8.503885, 0.037712697)
INFO::inps_baseline: 8.527505424362028
INFO::gen_cost: 1.275040626525879
INFO::disc_cost fake: 0.40953266620635986, real: 0.6460682153701782
INFO::========Step42500========
INFO::1
INFO::(8.537609, 0.044936385)
INFO::inps_baseline: 8.529526159557982
INFO::========Step43000========
INFO::2
INFO::(8.503075, 0.039507534)
INFO::inps_baseline: 8.524235856845603
INFO::========Step43500========
INFO::3
INFO::(8.496129, 0.059054714)
INFO::inps_baseline: 8.518614492666424
INFO::========Step44000========
INFO::4
INFO::(8.535838, 0.02533035)
INFO::inps_baseline: 8.522059219560386
INFO::gen_cost: 0.7813177108764648
INFO::disc_cost fake: 0.7426530718803406, real: 0.3881579637527466
INFO::========Step44500========
INFO::5
INFO::(8.492303, 0.038001597)
INFO::inps_baseline: 8.516107954566767
INFO::========Step45000========
INFO::6
INFO::(8.546212, 0.05004805)
INFO::inps_baseline: 8.522128802923433
INFO::========Step45500========
INFO::7
INFO::(8.509958, 0.06318667)
INFO::inps_baseline: 8.51969469578113
INFO::========Step46000========
INFO::8
INFO::(8.513186, 0.057324555)
INFO::inps_baseline: 8.518393047579494
INFO::gen_cost: 0.8621479272842407
INFO::disc_cost fake: 0.6838293075561523, real: 0.3754420876502991
INFO::========Step46500========
INFO::9
INFO::(8.542669, 0.05378398)
INFO::inps_baseline: 8.523248297316524
INFO::========Step47000========
INFO::10
INFO::(8.498674, 0.058024757)
INFO::inps_baseline: 8.518333516393259
INFO::best_inps: 8.533410463161275
INFO::inps_baseline: (8.526823, 0.0072938316)
INFO::[(8.526823, 0.0072938316)]
INFO::TEST
INFO::Loading pretrained model from: /datasets/BigLearning/haowen/autoLoss/saved_models/h2-haowen6_05-13-20-21_ctrl/model-20
INFO::step: 500, new best result: 4.4132490158081055
INFO::Save model at /datasets/BigLearning/haowen/autoLoss/saved_models/h3-haowen6_05-14-23-23_gan/model
INFO::step: 1000, new best result: 4.643158721923828
INFO::Save model at /datasets/BigLearning/haowen/autoLoss/saved_models/h3-haowen6_05-14-23-23_gan/model
INFO::step: 1500, new best result: 4.974848499298095
INFO::Save model at /datasets/BigLearning/haowen/autoLoss/saved_models/h3-haowen6_05-14-23-23_gan/model
INFO::step: 2000, new best result: 5.420689193725585
INFO::Save model at /datasets/BigLearning/haowen/autoLoss/saved_models/h3-haowen6_05-14-23-23_gan/model
INFO::----step2000----
INFO::inception_score: (7.204052, 0.048369665)
INFO::inps_baseline: 5.420689193725585
INFO::step: 2500, new best result: 5.8320982681274405
INFO::Save model at /datasets/BigLearning/haowen/autoLoss/saved_models/h3-haowen6_05-14-23-23_gan/model
INFO::step: 3000, new best result: 6.205743044738768
INFO::Save model at /datasets/BigLearning/haowen/autoLoss/saved_models/h3-haowen6_05-14-23-23_gan/model
INFO::step: 3500, new best result: 6.516894888977049
INFO::Save model at /datasets/BigLearning/haowen/autoLoss/saved_models/h3-haowen6_05-14-23-23_gan/model
INFO::step: 4000, new best result: 6.767695770343016
INFO::Save model at /datasets/BigLearning/haowen/autoLoss/saved_models/h3-haowen6_05-14-23-23_gan/model
INFO::----step4000----
INFO::inception_score: (7.7708993, 0.04202323)
INFO::inps_baseline: 6.767695770343016
INFO::step: 4500, new best result: 6.98089169317871
INFO::Save model at /datasets/BigLearning/haowen/autoLoss/saved_models/h3-haowen6_05-14-23-23_gan/model
INFO::step: 5000, new best result: 7.152680292561767
INFO::Save model at /datasets/BigLearning/haowen/autoLoss/saved_models/h3-haowen6_05-14-23-23_gan/model
INFO::step: 5500, new best result: 7.313200580942723
INFO::Save model at /datasets/BigLearning/haowen/autoLoss/saved_models/h3-haowen6_05-14-23-23_gan/model
INFO::step: 6000, new best result: 7.4562117480183385
INFO::Save model at /datasets/BigLearning/haowen/autoLoss/saved_models/h3-haowen6_05-14-23-23_gan/model
INFO::----step6000----
INFO::inception_score: (8.028256, 0.03932609)
INFO::inps_baseline: 7.4562117480183385
INFO::step: 6500, new best result: 7.5864556807633035
INFO::Save model at /datasets/BigLearning/haowen/autoLoss/saved_models/h3-haowen6_05-14-23-23_gan/model
INFO::step: 7000, new best result: 7.684452706842088
INFO::Save model at /datasets/BigLearning/haowen/autoLoss/saved_models/h3-haowen6_05-14-23-23_gan/model
INFO::step: 7500, new best result: 7.772475381110878
INFO::Save model at /datasets/BigLearning/haowen/autoLoss/saved_models/h3-haowen6_05-14-23-23_gan/model
INFO::step: 8000, new best result: 7.83894893281839
INFO::Save model at /datasets/BigLearning/haowen/autoLoss/saved_models/h3-haowen6_05-14-23-23_gan/model
INFO::----step8000----
INFO::inception_score: (8.104843, 0.039827496)
INFO::inps_baseline: 7.83894893281839
INFO::step: 8500, new best result: 7.912411663954908
INFO::Save model at /datasets/BigLearning/haowen/autoLoss/saved_models/h3-haowen6_05-14-23-23_gan/model
INFO::step: 9000, new best result: 7.972367266039415
INFO::Save model at /datasets/BigLearning/haowen/autoLoss/saved_models/h3-haowen6_05-14-23-23_gan/model
INFO::step: 9500, new best result: 8.017032988246571
INFO::Save model at /datasets/BigLearning/haowen/autoLoss/saved_models/h3-haowen6_05-14-23-23_gan/model
INFO::step: 10000, new best result: 8.0693068562955
INFO::Save model at /datasets/BigLearning/haowen/autoLoss/saved_models/h3-haowen6_05-14-23-23_gan/model
INFO::----step10000----
INFO::inception_score: (8.278402, 0.031297874)
INFO::inps_baseline: 8.0693068562955
INFO::step: 10500, new best result: 8.108842663686302
INFO::Save model at /datasets/BigLearning/haowen/autoLoss/saved_models/h3-haowen6_05-14-23-23_gan/model
INFO::step: 11000, new best result: 8.122411388334296
INFO::Save model at /datasets/BigLearning/haowen/autoLoss/saved_models/h3-haowen6_05-14-23-23_gan/model
INFO::step: 11500, new best result: 8.159238543650835
INFO::Save model at /datasets/BigLearning/haowen/autoLoss/saved_models/h3-haowen6_05-14-23-23_gan/model
INFO::step: 12000, new best result: 8.198105213277602
INFO::Save model at /datasets/BigLearning/haowen/autoLoss/saved_models/h3-haowen6_05-14-23-23_gan/model
INFO::----step12000----
INFO::inception_score: (8.353572, 0.02393786)
INFO::inps_baseline: 8.198105213277602
INFO::step: 12500, new best result: 8.22019185800001
INFO::Save model at /datasets/BigLearning/haowen/autoLoss/saved_models/h3-haowen6_05-14-23-23_gan/model
INFO::step: 13000, new best result: 8.248383253245711
INFO::Save model at /datasets/BigLearning/haowen/autoLoss/saved_models/h3-haowen6_05-14-23-23_gan/model
INFO::step: 13500, new best result: 8.260287832760143
INFO::Save model at /datasets/BigLearning/haowen/autoLoss/saved_models/h3-haowen6_05-14-23-23_gan/model
INFO::step: 14000, new best result: 8.276245936984482
INFO::Save model at /datasets/BigLearning/haowen/autoLoss/saved_models/h3-haowen6_05-14-23-23_gan/model
INFO::----step14000----
INFO::inception_score: (8.340078, 0.027836766)
INFO::inps_baseline: 8.276245936984482
INFO::step: 14500, new best result: 8.299225127883485
INFO::Save model at /datasets/BigLearning/haowen/autoLoss/saved_models/h3-haowen6_05-14-23-23_gan/model
INFO::step: 15500, new best result: 8.333659614682343
INFO::Save model at /datasets/BigLearning/haowen/autoLoss/saved_models/h3-haowen6_05-14-23-23_gan/model
INFO::step: 16000, new best result: 8.364798518467065
INFO::Save model at /datasets/BigLearning/haowen/autoLoss/saved_models/h3-haowen6_05-14-23-23_gan/model
INFO::----step16000----
INFO::inception_score: (8.489354, 0.052579567)
INFO::inps_baseline: 8.364798518467065
INFO::step: 16500, new best result: 8.39011113838205
INFO::Save model at /datasets/BigLearning/haowen/autoLoss/saved_models/h3-haowen6_05-14-23-23_gan/model
INFO::step: 17000, new best result: 8.410349027282788
INFO::Save model at /datasets/BigLearning/haowen/autoLoss/saved_models/h3-haowen6_05-14-23-23_gan/model
INFO::step: 17500, new best result: 8.425530160241758
INFO::Save model at /datasets/BigLearning/haowen/autoLoss/saved_models/h3-haowen6_05-14-23-23_gan/model
INFO::step: 18000, new best result: 8.436039896626024
INFO::Save model at /datasets/BigLearning/haowen/autoLoss/saved_models/h3-haowen6_05-14-23-23_gan/model
INFO::----step18000----
INFO::inception_score: (8.478079, 0.054311555)
INFO::inps_baseline: 8.436039896626024
INFO::step: 18500, new best result: 8.45109727527201
INFO::Save model at /datasets/BigLearning/haowen/autoLoss/saved_models/h3-haowen6_05-14-23-23_gan/model
INFO::step: 19000, new best result: 8.465114041531084
INFO::Save model at /datasets/BigLearning/haowen/autoLoss/saved_models/h3-haowen6_05-14-23-23_gan/model
INFO::step: 19500, new best result: 8.492233979196547
INFO::Save model at /datasets/BigLearning/haowen/autoLoss/saved_models/h3-haowen6_05-14-23-23_gan/model
INFO::step: 20000, new best result: 8.508367337776182
INFO::Save model at /datasets/BigLearning/haowen/autoLoss/saved_models/h3-haowen6_05-14-23-23_gan/model
INFO::----step20000----
INFO::inception_score: (8.572901, 0.060861666)
INFO::inps_baseline: 8.508367337776182
INFO::step: 20500, new best result: 8.526791602764892
INFO::Save model at /datasets/BigLearning/haowen/autoLoss/saved_models/h3-haowen6_05-14-23-23_gan/model
INFO::step: 21000, new best result: 8.541763711289061
INFO::Save model at /datasets/BigLearning/haowen/autoLoss/saved_models/h3-haowen6_05-14-23-23_gan/model
INFO::step: 21500, new best result: 8.5521035578374
INFO::Save model at /datasets/BigLearning/haowen/autoLoss/saved_models/h3-haowen6_05-14-23-23_gan/model
INFO::step: 22000, new best result: 8.56086009236367
INFO::Save model at /datasets/BigLearning/haowen/autoLoss/saved_models/h3-haowen6_05-14-23-23_gan/model
INFO::----step22000----
INFO::inception_score: (8.595886, 0.016172655)
INFO::inps_baseline: 8.56086009236367
INFO::step: 22500, new best result: 8.567773004310858
INFO::Save model at /datasets/BigLearning/haowen/autoLoss/saved_models/h3-haowen6_05-14-23-23_gan/model
INFO::step: 23000, new best result: 8.58400718366109
INFO::Save model at /datasets/BigLearning/haowen/autoLoss/saved_models/h3-haowen6_05-14-23-23_gan/model
INFO::step: 23500, new best result: 8.592864545146645
INFO::Save model at /datasets/BigLearning/haowen/autoLoss/saved_models/h3-haowen6_05-14-23-23_gan/model
INFO::step: 24000, new best result: 8.60528490699134
INFO::Save model at /datasets/BigLearning/haowen/autoLoss/saved_models/h3-haowen6_05-14-23-23_gan/model
INFO::----step24000----
INFO::inception_score: (8.654966, 0.031563368)
INFO::inps_baseline: 8.60528490699134
INFO::step: 24500, new best result: 8.623025304133112
INFO::Save model at /datasets/BigLearning/haowen/autoLoss/saved_models/h3-haowen6_05-14-23-23_gan/model
INFO::step: 25000, new best result: 8.62523451332602
INFO::Save model at /datasets/BigLearning/haowen/autoLoss/saved_models/h3-haowen6_05-14-23-23_gan/model
INFO::step: 25500, new best result: 8.63100063708904
INFO::Save model at /datasets/BigLearning/haowen/autoLoss/saved_models/h3-haowen6_05-14-23-23_gan/model
INFO::step: 26000, new best result: 8.641203784207365
INFO::Save model at /datasets/BigLearning/haowen/autoLoss/saved_models/h3-haowen6_05-14-23-23_gan/model
INFO::----step26000----
INFO::inception_score: (8.682016, 0.032841552)
INFO::inps_baseline: 8.641203784207365
INFO::step: 26500, new best result: 8.645861358054368
INFO::Save model at /datasets/BigLearning/haowen/autoLoss/saved_models/h3-haowen6_05-14-23-23_gan/model
INFO::step: 27000, new best result: 8.651420951372694
INFO::Save model at /datasets/BigLearning/haowen/autoLoss/saved_models/h3-haowen6_05-14-23-23_gan/model
INFO::step: 27500, new best result: 8.652554607777843
INFO::Save model at /datasets/BigLearning/haowen/autoLoss/saved_models/h3-haowen6_05-14-23-23_gan/model
INFO::step: 28000, new best result: 8.658460121463973
INFO::Save model at /datasets/BigLearning/haowen/autoLoss/saved_models/h3-haowen6_05-14-23-23_gan/model
INFO::----step28000----
INFO::inception_score: (8.682082, 0.010244893)
INFO::inps_baseline: 8.658460121463973
INFO::step: 30000, new best result: 8.668071763554376
INFO::Save model at /datasets/BigLearning/haowen/autoLoss/saved_models/h3-haowen6_05-14-23-23_gan/model
INFO::----step30000----
INFO::inception_score: (8.760265, 0.057917535)
INFO::inps_baseline: 8.668071763554376
INFO::step: 30500, new best result: 8.678288854630122
INFO::Save model at /datasets/BigLearning/haowen/autoLoss/saved_models/h3-haowen6_05-14-23-23_gan/model
INFO::step: 31000, new best result: 8.682848292566401
INFO::Save model at /datasets/BigLearning/haowen/autoLoss/saved_models/h3-haowen6_05-14-23-23_gan/model
INFO::step: 31500, new best result: 8.689435448628316
INFO::Save model at /datasets/BigLearning/haowen/autoLoss/saved_models/h3-haowen6_05-14-23-23_gan/model
INFO::step: 32000, new best result: 8.698799488053044
INFO::Save model at /datasets/BigLearning/haowen/autoLoss/saved_models/h3-haowen6_05-14-23-23_gan/model
INFO::----step32000----
INFO::inception_score: (8.736256, 0.00930099)
INFO::inps_baseline: 8.698799488053044
INFO::step: 32500, new best result: 8.70090932616021
INFO::Save model at /datasets/BigLearning/haowen/autoLoss/saved_models/h3-haowen6_05-14-23-23_gan/model
INFO::step: 33000, new best result: 8.708018644399846
INFO::Save model at /datasets/BigLearning/haowen/autoLoss/saved_models/h3-haowen6_05-14-23-23_gan/model
INFO::step: 33500, new best result: 8.709579359489604
INFO::Save model at /datasets/BigLearning/haowen/autoLoss/saved_models/h3-haowen6_05-14-23-23_gan/model
INFO::step: 34000, new best result: 8.712221059002816
INFO::Save model at /datasets/BigLearning/haowen/autoLoss/saved_models/h3-haowen6_05-14-23-23_gan/model
INFO::----step34000----
INFO::inception_score: (8.722788, 0.024446957)
INFO::inps_baseline: 8.712221059002816
INFO::step: 34500, new best result: 8.718033912021589
INFO::Save model at /datasets/BigLearning/haowen/autoLoss/saved_models/h3-haowen6_05-14-23-23_gan/model
INFO::step: 35000, new best result: 8.724718000283776
INFO::Save model at /datasets/BigLearning/haowen/autoLoss/saved_models/h3-haowen6_05-14-23-23_gan/model
INFO::step: 35500, new best result: 8.736184998981903
INFO::Save model at /datasets/BigLearning/haowen/autoLoss/saved_models/h3-haowen6_05-14-23-23_gan/model
INFO::step: 36000, new best result: 8.75072358817478
INFO::Save model at /datasets/BigLearning/haowen/autoLoss/saved_models/h3-haowen6_05-14-23-23_gan/model
INFO::----step36000----
INFO::inception_score: (8.808878, 0.04418917)
INFO::inps_baseline: 8.75072358817478
INFO::step: 37000, new best result: 8.754731284908422
INFO::Save model at /datasets/BigLearning/haowen/autoLoss/saved_models/h3-haowen6_05-14-23-23_gan/model
INFO::step: 37500, new best result: 8.757932557528788
INFO::Save model at /datasets/BigLearning/haowen/autoLoss/saved_models/h3-haowen6_05-14-23-23_gan/model
INFO::step: 38000, new best result: 8.767548858217854
INFO::Save model at /datasets/BigLearning/haowen/autoLoss/saved_models/h3-haowen6_05-14-23-23_gan/model
INFO::----step38000----
INFO::inception_score: (8.806014, 0.019011615)
INFO::inps_baseline: 8.767548858217854
INFO::step: 38500, new best result: 8.773231171840397
INFO::Save model at /datasets/BigLearning/haowen/autoLoss/saved_models/h3-haowen6_05-14-23-23_gan/model
INFO::step: 39000, new best result: 8.782005996127102
INFO::Save model at /datasets/BigLearning/haowen/autoLoss/saved_models/h3-haowen6_05-14-23-23_gan/model
INFO::step: 39500, new best result: 8.789850783840158
INFO::Save model at /datasets/BigLearning/haowen/autoLoss/saved_models/h3-haowen6_05-14-23-23_gan/model
INFO::step: 40000, new best result: 8.792306385433942
INFO::Save model at /datasets/BigLearning/haowen/autoLoss/saved_models/h3-haowen6_05-14-23-23_gan/model
INFO::----step40000----
INFO::inception_score: (8.802129, 0.02366025)
INFO::inps_baseline: 8.792306385433942
INFO::step: 40500, new best result: 8.802714508371569
INFO::Save model at /datasets/BigLearning/haowen/autoLoss/saved_models/h3-haowen6_05-14-23-23_gan/model
INFO::step: 41500, new best result: 8.807913539630265
INFO::Save model at /datasets/BigLearning/haowen/autoLoss/saved_models/h3-haowen6_05-14-23-23_gan/model
INFO::step: 42000, new best result: 8.809212682900501
INFO::Save model at /datasets/BigLearning/haowen/autoLoss/saved_models/h3-haowen6_05-14-23-23_gan/model
INFO::----step42000----
INFO::inception_score: (8.814409, 0.03505927)
INFO::inps_baseline: 8.809212682900501
INFO::step: 43000, new best result: 8.811692999685715
INFO::Save model at /datasets/BigLearning/haowen/autoLoss/saved_models/h3-haowen6_05-14-23-23_gan/model
INFO::step: 44000, new best result: 8.818787947899443
INFO::Save model at /datasets/BigLearning/haowen/autoLoss/saved_models/h3-haowen6_05-14-23-23_gan/model
INFO::----step44000----
INFO::inception_score: (8.853842, 0.04539797)
INFO::inps_baseline: 8.818787947899443
INFO::step: 44500, new best result: 8.820976365094456
INFO::Save model at /datasets/BigLearning/haowen/autoLoss/saved_models/h3-haowen6_05-14-23-23_gan/model
INFO::step: 45000, new best result: 8.82613305130408
INFO::Save model at /datasets/BigLearning/haowen/autoLoss/saved_models/h3-haowen6_05-14-23-23_gan/model
INFO::step: 45500, new best result: 8.826170952151662
INFO::Save model at /datasets/BigLearning/haowen/autoLoss/saved_models/h3-haowen6_05-14-23-23_gan/model
INFO::----step46000----
INFO::inception_score: (8.813751, 0.046260625)
INFO::inps_baseline: 8.823687005861954
INFO::step: 46500, new best result: 8.834543934523548
INFO::Save model at /datasets/BigLearning/haowen/autoLoss/saved_models/h3-haowen6_05-14-23-23_gan/model
INFO::step: 47500, new best result: 8.837770036735208
INFO::Save model at /datasets/BigLearning/haowen/autoLoss/saved_models/h3-haowen6_05-14-23-23_gan/model
INFO::step: 48000, new best result: 8.840466922027327
INFO::Save model at /datasets/BigLearning/haowen/autoLoss/saved_models/h3-haowen6_05-14-23-23_gan/model
INFO::----step48000----
INFO::inception_score: (8.851254, 0.028578155)
INFO::inps_baseline: 8.840466922027327
INFO::step: 48500, new best result: 8.850552324853307
INFO::Save model at /datasets/BigLearning/haowen/autoLoss/saved_models/h3-haowen6_05-14-23-23_gan/model
INFO::step: 49000, new best result: 8.853382304828935
INFO::Save model at /datasets/BigLearning/haowen/autoLoss/saved_models/h3-haowen6_05-14-23-23_gan/model
INFO::step: 49500, new best result: 8.86410824101891
INFO::Save model at /datasets/BigLearning/haowen/autoLoss/saved_models/h3-haowen6_05-14-23-23_gan/model
INFO::----step50000----
INFO::inception_score: (8.849022, 0.031918533)
INFO::inps_baseline: 8.861090975139346
INFO::----step52000----
INFO::inception_score: (8.865796, 0.041134365)
INFO::inps_baseline: 8.863920052442955
INFO::step: 52500, new best result: 8.86983915932497
INFO::Save model at /datasets/BigLearning/haowen/autoLoss/saved_models/h3-haowen6_05-14-23-23_gan/model
INFO::----step54000----
INFO::inception_score: (8.874426, 0.04680823)
INFO::inps_baseline: 8.863345915565596
INFO::step: 54500, new best result: 8.87342609921273
INFO::Save model at /datasets/BigLearning/haowen/autoLoss/saved_models/h3-haowen6_05-14-23-23_gan/model
INFO::step: 55000, new best result: 8.874794880224677
INFO::Save model at /datasets/BigLearning/haowen/autoLoss/saved_models/h3-haowen6_05-14-23-23_gan/model
INFO::step: 56000, new best result: 8.877316614579145
INFO::Save model at /datasets/BigLearning/haowen/autoLoss/saved_models/h3-haowen6_05-14-23-23_gan/model
INFO::----step56000----
INFO::inception_score: (8.890661, 0.028635912)
INFO::inps_baseline: 8.877316614579145
INFO::step: 56500, new best result: 8.878727452429917
INFO::Save model at /datasets/BigLearning/haowen/autoLoss/saved_models/h3-haowen6_05-14-23-23_gan/model
INFO::step: 57000, new best result: 8.878774846770593
INFO::Save model at /datasets/BigLearning/haowen/autoLoss/saved_models/h3-haowen6_05-14-23-23_gan/model
INFO::step: 57500, new best result: 8.885062571508271
INFO::Save model at /datasets/BigLearning/haowen/autoLoss/saved_models/h3-haowen6_05-14-23-23_gan/model
INFO::----step58000----
INFO::inception_score: (8.881946, 0.026506912)
INFO::inps_baseline: 8.884439179215894
INFO::step: 58500, new best result: 8.88931842558707
INFO::Save model at /datasets/BigLearning/haowen/autoLoss/saved_models/h3-haowen6_05-14-23-23_gan/model
INFO::step: 60000, new best result: 8.894449762538276
INFO::Save model at /datasets/BigLearning/haowen/autoLoss/saved_models/h3-haowen6_05-14-23-23_gan/model
INFO::----step60000----
INFO::inception_score: (8.935663, 0.02187802)
INFO::inps_baseline: 8.894449762538276
INFO::step: 60500, new best result: 8.895837443697614
INFO::Save model at /datasets/BigLearning/haowen/autoLoss/saved_models/h3-haowen6_05-14-23-23_gan/model
INFO::step: 61000, new best result: 8.899319567384849
INFO::Save model at /datasets/BigLearning/haowen/autoLoss/saved_models/h3-haowen6_05-14-23-23_gan/model
INFO::step: 61500, new best result: 8.903629810096843
INFO::Save model at /datasets/BigLearning/haowen/autoLoss/saved_models/h3-haowen6_05-14-23-23_gan/model
INFO::----step62000----
INFO::inception_score: (8.897453, 0.029675707)
INFO::inps_baseline: 8.902394509698569
INFO::step: 63500, new best result: 8.907988475232758
INFO::Save model at /datasets/BigLearning/haowen/autoLoss/saved_models/h3-haowen6_05-14-23-23_gan/model
INFO::----step64000----
INFO::inception_score: (8.868182, 0.031302962)
INFO::inps_baseline: 8.900027216648608
INFO::----step66000----
INFO::inception_score: (8.90482, 0.02489616)
INFO::inps_baseline: 8.903880116750305
INFO::step: 67500, new best result: 8.910984846704867
INFO::Save model at /datasets/BigLearning/haowen/autoLoss/saved_models/h3-haowen6_05-14-23-23_gan/model
INFO::step: 68000, new best result: 8.914920689863894
INFO::Save model at /datasets/BigLearning/haowen/autoLoss/saved_models/h3-haowen6_05-14-23-23_gan/model
INFO::----step68000----
INFO::inception_score: (8.930664, 0.050162278)
INFO::inps_baseline: 8.914920689863894
INFO::----step70000----
INFO::inception_score: (8.906911, 0.053188816)
INFO::inps_baseline: 8.907000179424207
INFO::----step72000----
INFO::inception_score: (8.903564, 0.042505663)
INFO::inps_baseline: 8.911732407769499
INFO::step: 73000, new best result: 8.914927732061345
INFO::Save model at /datasets/BigLearning/haowen/autoLoss/saved_models/h3-haowen6_05-14-23-23_gan/model
INFO::step: 73500, new best result: 8.92118512082974
INFO::Save model at /datasets/BigLearning/haowen/autoLoss/saved_models/h3-haowen6_05-14-23-23_gan/model
INFO::step: 74000, new best result: 8.922397696883518
INFO::Save model at /datasets/BigLearning/haowen/autoLoss/saved_models/h3-haowen6_05-14-23-23_gan/model
INFO::----step74000----
INFO::inception_score: (8.927248, 0.019021241)
INFO::inps_baseline: 8.922397696883518
INFO::step: 74500, new best result: 8.926842756200662
INFO::Save model at /datasets/BigLearning/haowen/autoLoss/saved_models/h3-haowen6_05-14-23-23_gan/model
INFO::step: 75000, new best result: 8.927781921330158
INFO::Save model at /datasets/BigLearning/haowen/autoLoss/saved_models/h3-haowen6_05-14-23-23_gan/model
INFO::step: 75500, new best result: 8.92903698420768
INFO::Save model at /datasets/BigLearning/haowen/autoLoss/saved_models/h3-haowen6_05-14-23-23_gan/model
INFO::step: 76000, new best result: 8.934525020410579
INFO::Save model at /datasets/BigLearning/haowen/autoLoss/saved_models/h3-haowen6_05-14-23-23_gan/model
INFO::----step76000----
INFO::inception_score: (8.956477, 0.048029955)
INFO::inps_baseline: 8.934525020410579
INFO::step: 76500, new best result: 8.935813146821628
INFO::Save model at /datasets/BigLearning/haowen/autoLoss/saved_models/h3-haowen6_05-14-23-23_gan/model
INFO::step: 77500, new best result: 8.938941852564474
INFO::Save model at /datasets/BigLearning/haowen/autoLoss/saved_models/h3-haowen6_05-14-23-23_gan/model
INFO::step: 78000, new best result: 8.941494287105291
INFO::Save model at /datasets/BigLearning/haowen/autoLoss/saved_models/h3-haowen6_05-14-23-23_gan/model
INFO::----step78000----
INFO::inception_score: (8.951704, 0.012859139)
INFO::inps_baseline: 8.941494287105291
INFO::----step80000----
INFO::inception_score: (8.931921, 0.017587455)
INFO::inps_baseline: 8.934643814514928
INFO::step: 81500, new best result: 8.943444539159573
INFO::Save model at /datasets/BigLearning/haowen/autoLoss/saved_models/h3-haowen6_05-14-23-23_gan/model
INFO::----step82000----
INFO::inception_score: (8.92317, 0.04778156)
INFO::inps_baseline: 8.939389649271995
INFO::----step84000----
INFO::inception_score: (8.913162, 0.024079623)
INFO::inps_baseline: 8.932927076513684
INFO::----step86000----
INFO::inception_score: (8.967458, 0.029660491)
INFO::inps_baseline: 8.93831537200729
INFO::Loading pretrained model from: /datasets/BigLearning/haowen/autoLoss/saved_models/h3-haowen6_05-14-23-23_gan/model-81500
INFO::inps_test: (8.959398, 0.0065578157)
INFO::[(8.959398, 0.0065578157)]
init_mnist_model
Extracting /datasets/BigLearning/haowen/mnist/train-images-idx3-ubyte.gz
Extracting /datasets/BigLearning/haowen/mnist/train-labels-idx1-ubyte.gz
Extracting /datasets/BigLearning/haowen/mnist/t10k-images-idx3-ubyte.gz
Extracting /datasets/BigLearning/haowen/mnist/t10k-labels-idx1-ubyte.gz
Load 55000 samples.
Extracting /datasets/BigLearning/haowen/mnist/train-images-idx3-ubyte.gz
Extracting /datasets/BigLearning/haowen/mnist/train-labels-idx1-ubyte.gz
Extracting /datasets/BigLearning/haowen/mnist/t10k-images-idx3-ubyte.gz
Extracting /datasets/BigLearning/haowen/mnist/t10k-labels-idx1-ubyte.gz
Load 10000 samples.
Extracting /datasets/BigLearning/haowen/mnist/train-images-idx3-ubyte.gz
Extracting /datasets/BigLearning/haowen/mnist/train-labels-idx1-ubyte.gz
Extracting /datasets/BigLearning/haowen/mnist/t10k-images-idx3-ubyte.gz
Extracting /datasets/BigLearning/haowen/mnist/t10k-labels-idx1-ubyte.gz
Load 55000 samples.
Extracting /datasets/BigLearning/haowen/mnist/train-images-idx3-ubyte.gz
Extracting /datasets/BigLearning/haowen/mnist/train-labels-idx1-ubyte.gz
Extracting /datasets/BigLearning/haowen/mnist/t10k-images-idx3-ubyte.gz
Extracting /datasets/BigLearning/haowen/mnist/t10k-labels-idx1-ubyte.gz
Load 10000 samples.
