WARNING::lambda1_stud not found in config file
WARNING::lambda2_stud not found in config file
2018-05-14 17:38:19.043869: I tensorflow/core/platform/cpu_feature_guard.cc:137] Your CPU supports instructions that this TensorFlow binary was not compiled to use: SSE4.1 SSE4.2 AVX AVX2 FMA
2018-05-14 17:38:20.340473: I tensorflow/core/common_runtime/gpu/gpu_device.cc:1030] Found device 0 with properties: 
name: GeForce GTX TITAN X major: 5 minor: 2 memoryClockRate(GHz): 1.076
pciBusID: 0000:04:00.0
totalMemory: 11.92GiB freeMemory: 11.80GiB
2018-05-14 17:38:20.340537: I tensorflow/core/common_runtime/gpu/gpu_device.cc:1120] Creating TensorFlow device (/device:GPU:0) -> (device: 0, name: GeForce GTX TITAN X, pci bus id: 0000:04:00.0, compute capability: 5.2)
INFO::Loading pretrained model from: /datasets/BigLearning/haowen/autoLoss/saved_models/mnist_classification/model-20000
2018-05-14 17:38:24.318563: I tensorflow/core/common_runtime/gpu/gpu_device.cc:1120] Creating TensorFlow device (/device:GPU:0) -> (device: 0, name: GeForce GTX TITAN X, pci bus id: 0000:04:00.0, compute capability: 5.2)
INFO::h3.haowen4.biglearning.orca.pdl.cmu.edu
WARNING::lambda1_stud not found in config file
WARNING::lambda2_stud not found in config file
INFO::[DEFAULT]
INFO::[env]
INFO::exp_dir:: ~/haowen/GitHub/autoLoss
INFO::data_dir:: /datasets/BigLearning/haowen/mnist
INFO::model_dir:: /datasets/BigLearning/haowen/autoLoss/saved_models
INFO::save_images_dir:: /datasets/BigLearning/haowen/autoLoss/saved_images
INFO::[data]
INFO::[stud]
INFO::student_model_name:: gan
INFO::batch_size:: 128
INFO::lr_stud:: 0.0002
INFO::beta1:: 0.5
INFO::beta2:: 0.999
INFO::valid_frequency_stud:: 500
INFO::print_frequency_stud:: 2000
INFO::max_endurance_stud:: 10
INFO::max_training_step:: 200000
INFO::stop_strategy_stud:: exceeding_endurance
INFO::[gan]
INFO::dim_z:: 128
INFO::dim_x:: 784
INFO::dim_c:: 64
INFO::disc_iters:: 1
INFO::gen_iters:: 1
INFO::inps_threshold:: 6.3
INFO::inps_batches:: 200
INFO::inps_splits:: 5
INFO::[evaluate]
INFO::[rl]
INFO::controller_model_name:: linear_logits_clipping
INFO::logit_clipping_c:: 2
INFO::dim_state_rl:: 5
INFO::dim_hidden_rl:: 16
INFO::dim_action_rl:: 2
INFO::lr_rl:: 2
INFO::lr_decay_rl:: 1
INFO::total_episodes:: 1000
INFO::update_frequency:: 1
INFO::save_frequency:: 100
INFO::inps_baseline_decay:: 0.8
INFO::reward_c:: 10
INFO::reward_step_rl:: 0.1
INFO::reward_max_value:: 20
INFO::explore_rate_decay_rl:: 100
INFO::explore_rate_rl:: 0
INFO::max_endurance_rl:: 50
INFO::state_decay:: 0.9
INFO::metric_decay:: 0.8
INFO::exp_name: h3-haowen4_05-14-23-38
2018-05-14 17:38:24.343160: I tensorflow/core/common_runtime/gpu/gpu_device.cc:1120] Creating TensorFlow device (/device:GPU:0) -> (device: 0, name: GeForce GTX TITAN X, pci bus id: 0000:04:00.0, compute capability: 5.2)
/users/hzhang2/haowen/miniconda3/envs/py35_tf/lib/python3.5/site-packages/tensorflow/python/ops/gradients_impl.py:96: UserWarning: Converting sparse IndexedSlices to a dense Tensor of unknown shape. This may consume a large amount of memory.
  "Converting sparse IndexedSlices to a dense Tensor of unknown shape. "
INFO::architecture:
INFO::activation_D: leakyRelu
INFO::activation_G: leakyRelu
INFO::batchnorm_D: True
INFO::batchnorm_G: True
INFO::depth_D: 3
INFO::depth_G: 2
INFO::dim_c_D: 64
INFO::dim_c_G: 32
INFO::dim_z: 64
2018-05-14 17:38:24.434184: I tensorflow/core/common_runtime/gpu/gpu_device.cc:1120] Creating TensorFlow device (/device:GPU:0) -> (device: 0, name: GeForce GTX TITAN X, pci bus id: 0000:04:00.0, compute capability: 5.2)
INFO::BASELINE
INFO::========Step0========
INFO::0
INFO::(1.0016291, 1.641889e-05)
INFO::inps_baseline: 1.001629114151001
INFO::gen_cost: 0.6926718950271606
INFO::disc_cost fake: 0.6936228275299072, real: 0.6809934377670288
INFO::========Step500========
INFO::0
INFO::(4.0040746, 0.020716863)
INFO::inps_baseline: 1.6021182060241697
INFO::========Step1000========
INFO::0
INFO::(4.9107265, 0.0401053)
INFO::inps_baseline: 2.263839874267578
INFO::========Step1500========
INFO::0
INFO::(5.420524, 0.02884146)
INFO::inps_baseline: 2.8951767234802244
INFO::========Step2000========
INFO::0
INFO::(5.592742, 0.035805456)
INFO::inps_baseline: 3.434689772033691
INFO::gen_cost: 2.820737838745117
INFO::disc_cost fake: 0.086151622235775, real: 0.038327209651470184
INFO::========Step2500========
INFO::0
INFO::(5.7060056, 0.058610097)
INFO::inps_baseline: 3.8889529322814935
INFO::========Step3000========
INFO::0
INFO::(5.775077, 0.050280295)
INFO::inps_baseline: 4.266177719055175
INFO::========Step3500========
INFO::0
INFO::(5.7625947, 0.05060732)
INFO::inps_baseline: 4.565461115216063
INFO::========Step4000========
INFO::0
INFO::(5.6350484, 0.033420235)
INFO::inps_baseline: 4.779378570059814
INFO::gen_cost: 4.526778697967529
INFO::disc_cost fake: 0.017076529562473297, real: 0.03061993047595024
INFO::========Step4500========
INFO::0
INFO::(5.6666517, 0.045734625)
INFO::inps_baseline: 4.956833201201659
INFO::========Step5000========
INFO::0
INFO::(5.6866407, 0.064853445)
INFO::inps_baseline: 5.102794708849511
INFO::========Step5500========
INFO::0
INFO::(5.678336, 0.042115815)
INFO::inps_baseline: 5.2179029957783385
INFO::========Step6000========
INFO::0
INFO::(5.5254316, 0.03246573)
INFO::inps_baseline: 5.279408723221792
INFO::gen_cost: 3.596856117248535
INFO::disc_cost fake: 0.053071029484272, real: 0.00882888212800026
INFO::========Step6500========
INFO::0
INFO::(5.712004, 0.062748015)
INFO::inps_baseline: 5.365927815522014
INFO::========Step7000========
INFO::0
INFO::(5.737159, 0.049622566)
INFO::inps_baseline: 5.440174007483528
INFO::========Step7500========
INFO::0
INFO::(5.6962857, 0.053694908)
INFO::inps_baseline: 5.491396350914801
INFO::========Step8000========
INFO::0
INFO::(5.706308, 0.063878626)
INFO::inps_baseline: 5.534378658338042
INFO::gen_cost: 1.865124225616455
INFO::disc_cost fake: 0.3320028781890869, real: 0.07703164219856262
INFO::========Step8500========
INFO::0
INFO::(5.831952, 0.029782524)
INFO::inps_baseline: 5.593893345676782
INFO::========Step9000========
INFO::0
INFO::(6.005796, 0.023621317)
INFO::inps_baseline: 5.676273867673018
INFO::========Step9500========
INFO::0
INFO::(5.8073807, 0.023946282)
INFO::inps_baseline: 5.702495229392321
INFO::========Step10000========
INFO::0
INFO::(5.840991, 0.033337917)
INFO::inps_baseline: 5.730194387554384
INFO::gen_cost: 5.344628810882568
INFO::disc_cost fake: 0.010156895965337753, real: 0.0396454781293869
INFO::========Step10500========
INFO::0
INFO::(6.0124054, 0.037632458)
INFO::inps_baseline: 5.78663658914507
INFO::========Step11000========
INFO::0
INFO::(6.102617, 0.057353348)
INFO::inps_baseline: 5.849832628707413
INFO::========Step11500========
INFO::0
INFO::(6.1323724, 0.014572868)
INFO::inps_baseline: 5.906340578826526
INFO::========Step12000========
INFO::0
INFO::(6.0196037, 0.06549029)
INFO::inps_baseline: 5.92899320891083
INFO::gen_cost: 4.518740653991699
INFO::disc_cost fake: 0.023951850831508636, real: 0.042866624891757965
INFO::========Step12500========
INFO::0
INFO::(6.1184387, 0.050649535)
INFO::inps_baseline: 5.966882311269289
INFO::========Step13000========
INFO::0
INFO::(6.0598764, 0.079455055)
INFO::inps_baseline: 5.985481137406545
INFO::========Step13500========
INFO::0
INFO::(6.055583, 0.05259562)
INFO::inps_baseline: 5.999501509961857
INFO::========Step14000========
INFO::0
INFO::(6.1036515, 0.035649005)
INFO::inps_baseline: 6.020331512687504
INFO::gen_cost: 3.2576022148132324
INFO::disc_cost fake: 0.08059201389551163, real: 0.602822482585907
INFO::========Step14500========
INFO::0
INFO::(6.2329497, 0.0709278)
INFO::inps_baseline: 6.06285515689683
INFO::========Step15000========
INFO::0
INFO::(6.1691504, 0.052301418)
INFO::inps_baseline: 6.084114196013069
INFO::========Step15500========
INFO::0
INFO::(6.221067, 0.035200767)
INFO::inps_baseline: 6.111504747160797
INFO::========Step16000========
INFO::0
INFO::(6.245546, 0.052313413)
INFO::inps_baseline: 6.138312970549682
INFO::gen_cost: 4.813059329986572
INFO::disc_cost fake: 0.01566147431731224, real: 0.07781122624874115
INFO::========Step16500========
INFO::0
INFO::(6.3536353, 0.020613488)
INFO::inps_baseline: 6.181377438665088
INFO::========Step17000========
INFO::0
INFO::(6.3228407, 0.013418513)
INFO::inps_baseline: 6.209670089054629
INFO::========Step17500========
INFO::0
INFO::(6.3766108, 0.045119654)
INFO::inps_baseline: 6.243058222427784
INFO::========Step18000========
INFO::0
INFO::(6.332714, 0.063622825)
INFO::inps_baseline: 6.260989394104336
INFO::gen_cost: 4.326025485992432
INFO::disc_cost fake: 0.02368232049047947, real: 0.05814306437969208
INFO::========Step18500========
INFO::0
INFO::(6.2961755, 0.033724617)
INFO::inps_baseline: 6.268026611261252
INFO::========Step19000========
INFO::0
INFO::(6.2218757, 0.03900698)
INFO::inps_baseline: 6.258796422523406
INFO::========Step19500========
INFO::1
INFO::(6.2247257, 0.0592162)
INFO::inps_baseline: 6.251982282672045
INFO::========Step20000========
INFO::2
INFO::(6.1565866, 0.0470855)
INFO::inps_baseline: 6.232903155544374
INFO::gen_cost: 4.43961763381958
INFO::disc_cost fake: 0.02700057439506054, real: 0.037732191383838654
INFO::========Step20500========
INFO::3
INFO::(6.2161493, 0.009705758)
INFO::inps_baseline: 6.229552390463332
INFO::========Step21000========
INFO::4
INFO::(6.3584375, 0.0294883)
INFO::inps_baseline: 6.25532942000006
INFO::========Step21500========
INFO::5
INFO::(6.4241514, 0.045040105)
INFO::inps_baseline: 6.289093820118701
INFO::========Step22000========
INFO::0
INFO::(6.3998957, 0.063228056)
INFO::inps_baseline: 6.311254189700918
INFO::gen_cost: 4.277688503265381
INFO::disc_cost fake: 0.027384163811802864, real: 0.08661513030529022
INFO::========Step22500========
INFO::0
INFO::(6.407889, 0.04887569)
INFO::inps_baseline: 6.330581129623283
INFO::========Step23000========
INFO::0
INFO::(6.353433, 0.030088415)
INFO::inps_baseline: 6.335151530132953
INFO::========Step23500========
INFO::0
INFO::(6.371614, 0.045358367)
INFO::inps_baseline: 6.342444019974283
INFO::========Step24000========
INFO::0
INFO::(6.3707185, 0.040108386)
INFO::inps_baseline: 6.348098911810726
INFO::gen_cost: 1.086329698562622
INFO::disc_cost fake: 0.6700962781906128, real: 0.08114355057477951
INFO::========Step24500========
INFO::0
INFO::(6.431671, 0.029496286)
INFO::inps_baseline: 6.364813357964206
INFO::========Step25000========
INFO::0
INFO::(6.5044146, 0.03804937)
INFO::inps_baseline: 6.392733598053494
INFO::========Step25500========
INFO::0
INFO::(6.5120964, 0.03837206)
INFO::inps_baseline: 6.416606159448654
INFO::========Step26000========
INFO::0
INFO::(6.608461, 0.042179927)
INFO::inps_baseline: 6.454977108192468
INFO::gen_cost: 4.966244220733643
INFO::disc_cost fake: 0.013963558711111546, real: 0.18184903264045715
INFO::========Step26500========
INFO::0
INFO::(6.502168, 0.015019208)
INFO::inps_baseline: 6.464415322265644
INFO::========Step27000========
INFO::0
INFO::(6.4341383, 0.05132433)
INFO::inps_baseline: 6.458359917419449
INFO::========Step27500========
INFO::1
INFO::(6.4464197, 0.033814013)
INFO::inps_baseline: 6.455971877111828
INFO::========Step28000========
INFO::2
INFO::(6.531739, 0.041632585)
INFO::inps_baseline: 6.4711253486743265
INFO::gen_cost: 1.2426238059997559
INFO::disc_cost fake: 0.49992799758911133, real: 0.10526528209447861
INFO::========Step28500========
INFO::0
INFO::(6.7217245, 0.021115271)
INFO::inps_baseline: 6.521245180978036
INFO::========Step29000========
INFO::0
INFO::(6.7399855, 0.04491648)
INFO::inps_baseline: 6.564993237983112
INFO::========Step29500========
INFO::0
INFO::(6.6916595, 0.07211943)
INFO::inps_baseline: 6.59032648049269
INFO::========Step30000========
INFO::0
INFO::(6.656719, 0.05101758)
INFO::inps_baseline: 6.603605025946887
INFO::gen_cost: 4.485230922698975
INFO::disc_cost fake: 0.022451968863606453, real: 0.11787882447242737
INFO::========Step30500========
INFO::0
INFO::(6.5740867, 0.047091335)
INFO::inps_baseline: 6.5977013539789455
INFO::========Step31000========
INFO::1
INFO::(6.5047903, 0.0299313)
INFO::inps_baseline: 6.579119144401418
INFO::========Step31500========
INFO::2
INFO::(6.70815, 0.030542724)
INFO::inps_baseline: 6.604925297515764
INFO::========Step32000========
INFO::0
INFO::(6.747917, 0.06387762)
INFO::inps_baseline: 6.633523673071205
INFO::gen_cost: 2.721250057220459
INFO::disc_cost fake: 0.1329963207244873, real: 0.10711552947759628
INFO::========Step32500========
INFO::0
INFO::(6.7349076, 0.0440542)
INFO::inps_baseline: 6.653800463878107
INFO::========Step33000========
INFO::0
INFO::(6.6436386, 0.03784799)
INFO::inps_baseline: 6.651768093270455
INFO::========Step33500========
INFO::1
INFO::(6.5413985, 0.07181819)
INFO::inps_baseline: 6.6296941796639715
INFO::========Step34000========
INFO::2
INFO::(6.604365, 0.039772596)
INFO::inps_baseline: 6.624628318126929
INFO::gen_cost: 5.503519058227539
INFO::disc_cost fake: 0.010014960542321205, real: 0.10953070223331451
INFO::========Step34500========
INFO::3
INFO::(6.617826, 0.036118332)
INFO::inps_baseline: 6.6232678514925105
INFO::========Step35000========
INFO::4
INFO::(6.6950316, 0.06603952)
INFO::inps_baseline: 6.637620609776772
INFO::========Step35500========
INFO::5
INFO::(6.724829, 0.0331527)
INFO::inps_baseline: 6.655062327207404
INFO::========Step36000========
INFO::0
INFO::(6.7297263, 0.04094466)
INFO::inps_baseline: 6.669995124674859
INFO::gen_cost: 3.9267401695251465
INFO::disc_cost fake: 0.0398150235414505, real: 0.13209879398345947
INFO::========Step36500========
INFO::0
INFO::(6.6992216, 0.03673435)
INFO::inps_baseline: 6.675840421944477
INFO::========Step37000========
INFO::0
INFO::(6.691096, 0.051464245)
INFO::inps_baseline: 6.678891503357583
INFO::========Step37500========
INFO::0
INFO::(6.681948, 0.051206052)
INFO::inps_baseline: 6.679502839679475
INFO::========Step38000========
INFO::0
INFO::(6.646749, 0.045604102)
INFO::inps_baseline: 6.672952075668141
INFO::gen_cost: 3.9663820266723633
INFO::disc_cost fake: 0.042213987559080124, real: 0.09130746126174927
INFO::========Step38500========
INFO::1
INFO::(6.700212, 0.050745033)
INFO::inps_baseline: 6.6784040608946205
INFO::========Step39000========
INFO::2
INFO::(6.73033, 0.07967116)
INFO::inps_baseline: 6.688789246793089
INFO::========Step39500========
INFO::0
INFO::(6.7868156, 0.047327783)
INFO::inps_baseline: 6.708394526096581
INFO::========Step40000========
INFO::0
INFO::(6.8441095, 0.059991997)
INFO::inps_baseline: 6.735537527920722
INFO::gen_cost: 4.205442428588867
INFO::disc_cost fake: 0.041313350200653076, real: 0.197548508644104
INFO::========Step40500========
INFO::0
INFO::(6.8439894, 0.050437815)
INFO::inps_baseline: 6.757227896787262
INFO::========Step41000========
INFO::0
INFO::(6.733598, 0.045014367)
INFO::inps_baseline: 6.752501963883667
INFO::========Step41500========
INFO::1
INFO::(6.6847167, 0.028110469)
INFO::inps_baseline: 6.738944911408447
INFO::========Step42000========
INFO::2
INFO::(6.5968947, 0.029746814)
INFO::inps_baseline: 6.710534877338428
INFO::gen_cost: 5.413006782531738
INFO::disc_cost fake: 0.011011568829417229, real: 0.2330995500087738
INFO::========Step42500========
INFO::3
INFO::(6.70447, 0.055588927)
INFO::inps_baseline: 6.7093219333954
INFO::========Step43000========
INFO::4
INFO::(6.794005, 0.035610896)
INFO::inps_baseline: 6.726258530145275
INFO::========Step43500========
INFO::5
INFO::(6.796773, 0.027735574)
INFO::inps_baseline: 6.740361415485848
INFO::========Step44000========
INFO::6
INFO::(6.914266, 0.0224202)
INFO::inps_baseline: 6.775142354281989
INFO::gen_cost: 3.7061150074005127
INFO::disc_cost fake: 0.049997515976428986, real: 0.23218080401420593
INFO::========Step44500========
INFO::0
INFO::(6.894201, 0.026824873)
INFO::inps_baseline: 6.798954043795465
INFO::========Step45000========
INFO::0
INFO::(7.033179, 0.027557923)
INFO::inps_baseline: 6.845798996297359
INFO::========Step45500========
INFO::0
INFO::(7.0580034, 0.048589308)
INFO::inps_baseline: 6.8882398821575155
INFO::========Step46000========
INFO::0
INFO::(7.004039, 0.030020239)
INFO::inps_baseline: 6.911399667872009
INFO::gen_cost: 3.9764719009399414
INFO::disc_cost fake: 0.0415966771543026, real: 0.2123710960149765
INFO::========Step46500========
INFO::0
INFO::(7.0318327, 0.038923096)
INFO::inps_baseline: 6.935486273299071
INFO::========Step47000========
INFO::0
INFO::(6.960379, 0.039176054)
INFO::inps_baseline: 6.940464843376806
INFO::========Step47500========
INFO::0
INFO::(6.93526, 0.016243348)
INFO::inps_baseline: 6.939423838507597
INFO::========Step48000========
INFO::1
INFO::(6.9605346, 0.049716886)
INFO::inps_baseline: 6.9436459853263415
INFO::gen_cost: 4.198126792907715
INFO::disc_cost fake: 0.03885781764984131, real: 0.14698757231235504
INFO::========Step48500========
INFO::0
INFO::(7.031859, 0.029469516)
INFO::inps_baseline: 6.961288572471279
INFO::========Step49000========
INFO::0
INFO::(7.0442047, 0.04662103)
INFO::inps_baseline: 6.977871800359836
INFO::========Step49500========
INFO::0
INFO::(7.0381217, 0.033706192)
INFO::inps_baseline: 6.989921780345242
INFO::========Step50000========
INFO::0
INFO::(7.0392885, 0.026269024)
INFO::inps_baseline: 6.999795128438791
INFO::gen_cost: 5.691629409790039
INFO::disc_cost fake: 0.011899741366505623, real: 0.1745370477437973
INFO::========Step50500========
INFO::0
INFO::(7.0461884, 0.04304953)
INFO::inps_baseline: 7.009073773649471
INFO::========Step51000========
INFO::0
INFO::(7.069815, 0.045833472)
INFO::inps_baseline: 7.021222050688376
INFO::========Step51500========
INFO::0
INFO::(7.100718, 0.03450071)
INFO::inps_baseline: 7.037121244829265
INFO::========Step52000========
INFO::0
INFO::(7.1390014, 0.055801935)
INFO::inps_baseline: 7.0574972697586755
INFO::gen_cost: 3.498840093612671
INFO::disc_cost fake: 0.08907619118690491, real: 0.10615945607423782
INFO::========Step52500========
INFO::0
INFO::(7.174835, 0.054592114)
INFO::inps_baseline: 7.080964856822566
INFO::========Step53000========
INFO::0
INFO::(7.2444916, 0.038420733)
INFO::inps_baseline: 7.11367020088774
INFO::========Step53500========
INFO::0
INFO::(7.163125, 0.07871273)
INFO::inps_baseline: 7.123561168339586
INFO::========Step54000========
INFO::0
INFO::(7.2793665, 0.03835354)
INFO::inps_baseline: 7.154722233316689
INFO::gen_cost: 3.462787628173828
INFO::disc_cost fake: 0.07024245709180832, real: 0.36113429069519043
INFO::========Step54500========
INFO::0
INFO::(7.1852646, 0.047295813)
INFO::inps_baseline: 7.16083070413382
INFO::========Step55000========
INFO::0
INFO::(7.16612, 0.0482236)
INFO::inps_baseline: 7.161888573774585
INFO::========Step55500========
INFO::0
INFO::(7.10171, 0.033294737)
INFO::inps_baseline: 7.149852827556046
INFO::========Step56000========
INFO::1
INFO::(7.019375, 0.044648256)
INFO::inps_baseline: 7.123757231527259
INFO::gen_cost: 4.290212154388428
INFO::disc_cost fake: 0.03576148301362991, real: 0.17653734982013702
INFO::========Step56500========
INFO::2
INFO::(7.019458, 0.01088034)
INFO::inps_baseline: 7.102897348637335
INFO::========Step57000========
INFO::3
INFO::(7.011894, 0.026352396)
INFO::inps_baseline: 7.084696724124711
INFO::========Step57500========
INFO::4
INFO::(6.9182534, 0.06378996)
INFO::inps_baseline: 7.051408063656458
INFO::========Step58000========
INFO::5
INFO::(6.9424453, 0.0383737)
INFO::inps_baseline: 7.029615506558712
INFO::gen_cost: 4.989834785461426
INFO::disc_cost fake: 0.014421960338950157, real: 0.14565853774547577
INFO::========Step58500========
INFO::6
INFO::(7.1491137, 0.04756421)
INFO::inps_baseline: 7.053515136265037
INFO::========Step59000========
INFO::7
INFO::(7.0677633, 0.05405742)
INFO::inps_baseline: 7.0563647747224785
INFO::========Step59500========
INFO::8
INFO::(7.1522546, 0.040196966)
INFO::inps_baseline: 7.075542736068266
INFO::========Step60000========
INFO::9
INFO::(7.155496, 0.032732405)
INFO::inps_baseline: 7.091533412945189
INFO::gen_cost: 4.074827194213867
INFO::disc_cost fake: 0.04083630070090294, real: 0.16943617165088654
INFO::========Step60500========
INFO::10
INFO::(7.1806116, 0.07931446)
INFO::inps_baseline: 7.109349052438671
INFO::best_inps: 7.161888573774585
INFO::inps_baseline: (7.1921973, 0.009980066)
INFO::[(7.1921973, 0.009980066)]
INFO::TEST
INFO::Loading pretrained model from: /datasets/BigLearning/haowen/autoLoss/saved_models/h2-haowen6_05-13-20-21_ctrl/model-20
INFO::step: 500, new best result: 4.179718971252441
INFO::Save model at /datasets/BigLearning/haowen/autoLoss/saved_models/h3-haowen4_05-14-23-38_gan/model
INFO::step: 1000, new best result: 4.336887550354004
INFO::Save model at /datasets/BigLearning/haowen/autoLoss/saved_models/h3-haowen4_05-14-23-38_gan/model
INFO::step: 1500, new best result: 4.60180850982666
INFO::Save model at /datasets/BigLearning/haowen/autoLoss/saved_models/h3-haowen4_05-14-23-38_gan/model
INFO::step: 2000, new best result: 4.830421894073487
INFO::Save model at /datasets/BigLearning/haowen/autoLoss/saved_models/h3-haowen4_05-14-23-38_gan/model
INFO::----step2000----
INFO::inception_score: (5.7448754, 0.047306325)
INFO::inps_baseline: 4.830421894073487
INFO::step: 2500, new best result: 5.014812445068359
INFO::Save model at /datasets/BigLearning/haowen/autoLoss/saved_models/h3-haowen4_05-14-23-38_gan/model
INFO::step: 3000, new best result: 5.161098174591064
INFO::Save model at /datasets/BigLearning/haowen/autoLoss/saved_models/h3-haowen4_05-14-23-38_gan/model
INFO::step: 3500, new best result: 5.27691950189209
INFO::Save model at /datasets/BigLearning/haowen/autoLoss/saved_models/h3-haowen4_05-14-23-38_gan/model
INFO::step: 4000, new best result: 5.376683821575927
INFO::Save model at /datasets/BigLearning/haowen/autoLoss/saved_models/h3-haowen4_05-14-23-38_gan/model
INFO::----step4000----
INFO::inception_score: (5.775741, 0.036896404)
INFO::inps_baseline: 5.376683821575927
INFO::step: 4500, new best result: 5.4559339446203605
INFO::Save model at /datasets/BigLearning/haowen/autoLoss/saved_models/h3-haowen4_05-14-23-38_gan/model
INFO::step: 5000, new best result: 5.524001611262694
INFO::Save model at /datasets/BigLearning/haowen/autoLoss/saved_models/h3-haowen4_05-14-23-38_gan/model
INFO::step: 5500, new best result: 5.580936346840966
INFO::Save model at /datasets/BigLearning/haowen/autoLoss/saved_models/h3-haowen4_05-14-23-38_gan/model
INFO::step: 6000, new best result: 5.624445847187129
INFO::Save model at /datasets/BigLearning/haowen/autoLoss/saved_models/h3-haowen4_05-14-23-38_gan/model
INFO::----step6000----
INFO::inception_score: (5.798484, 0.0565381)
INFO::inps_baseline: 5.624445847187129
INFO::step: 6500, new best result: 5.675382368972848
INFO::Save model at /datasets/BigLearning/haowen/autoLoss/saved_models/h3-haowen4_05-14-23-38_gan/model
INFO::step: 7000, new best result: 5.730266661016901
INFO::Save model at /datasets/BigLearning/haowen/autoLoss/saved_models/h3-haowen4_05-14-23-38_gan/model
INFO::step: 7500, new best result: 5.75803439662358
INFO::Save model at /datasets/BigLearning/haowen/autoLoss/saved_models/h3-haowen4_05-14-23-38_gan/model
INFO::step: 8000, new best result: 5.834773292903112
INFO::Save model at /datasets/BigLearning/haowen/autoLoss/saved_models/h3-haowen4_05-14-23-38_gan/model
INFO::----step8000----
INFO::inception_score: (6.141729, 0.033198085)
INFO::inps_baseline: 5.834773292903112
INFO::step: 8500, new best result: 5.9033989832909946
INFO::Save model at /datasets/BigLearning/haowen/autoLoss/saved_models/h3-haowen4_05-14-23-38_gan/model
INFO::step: 9000, new best result: 5.997942251055403
INFO::Save model at /datasets/BigLearning/haowen/autoLoss/saved_models/h3-haowen4_05-14-23-38_gan/model
INFO::step: 9500, new best result: 6.070698962282311
INFO::Save model at /datasets/BigLearning/haowen/autoLoss/saved_models/h3-haowen4_05-14-23-38_gan/model
INFO::step: 10000, new best result: 6.111969173487958
INFO::Save model at /datasets/BigLearning/haowen/autoLoss/saved_models/h3-haowen4_05-14-23-38_gan/model
INFO::----step10000----
INFO::inception_score: (6.27705, 0.052991603)
INFO::inps_baseline: 6.111969173487958
INFO::step: 10500, new best result: 6.131444406936119
INFO::Save model at /datasets/BigLearning/haowen/autoLoss/saved_models/h3-haowen4_05-14-23-38_gan/model
INFO::step: 11000, new best result: 6.148341522558173
INFO::Save model at /datasets/BigLearning/haowen/autoLoss/saved_models/h3-haowen4_05-14-23-38_gan/model
INFO::step: 11500, new best result: 6.1571832545150444
INFO::Save model at /datasets/BigLearning/haowen/autoLoss/saved_models/h3-haowen4_05-14-23-38_gan/model
INFO::step: 12000, new best result: 6.228634138707251
INFO::Save model at /datasets/BigLearning/haowen/autoLoss/saved_models/h3-haowen4_05-14-23-38_gan/model
INFO::----step12000----
INFO::inception_score: (6.5144377, 0.011791199)
INFO::inps_baseline: 6.228634138707251
INFO::step: 12500, new best result: 6.262839523795391
INFO::Save model at /datasets/BigLearning/haowen/autoLoss/saved_models/h3-haowen4_05-14-23-38_gan/model
INFO::step: 13000, new best result: 6.288160584643002
INFO::Save model at /datasets/BigLearning/haowen/autoLoss/saved_models/h3-haowen4_05-14-23-38_gan/model
INFO::step: 13500, new best result: 6.296345919191452
INFO::Save model at /datasets/BigLearning/haowen/autoLoss/saved_models/h3-haowen4_05-14-23-38_gan/model
INFO::step: 14000, new best result: 6.301374125337293
INFO::Save model at /datasets/BigLearning/haowen/autoLoss/saved_models/h3-haowen4_05-14-23-38_gan/model
INFO::----step14000----
INFO::inception_score: (6.321487, 0.049081065)
INFO::inps_baseline: 6.301374125337293
INFO::step: 15000, new best result: 6.3295358008420886
INFO::Save model at /datasets/BigLearning/haowen/autoLoss/saved_models/h3-haowen4_05-14-23-38_gan/model
INFO::step: 15500, new best result: 6.3566657691221575
INFO::Save model at /datasets/BigLearning/haowen/autoLoss/saved_models/h3-haowen4_05-14-23-38_gan/model
INFO::step: 16000, new best result: 6.36211102716296
INFO::Save model at /datasets/BigLearning/haowen/autoLoss/saved_models/h3-haowen4_05-14-23-38_gan/model
INFO::----step16000----
INFO::inception_score: (6.383892, 0.068544224)
INFO::inps_baseline: 6.36211102716296
INFO::step: 16500, new best result: 6.394072481093161
INFO::Save model at /datasets/BigLearning/haowen/autoLoss/saved_models/h3-haowen4_05-14-23-38_gan/model
INFO::step: 17000, new best result: 6.409169441936297
INFO::Save model at /datasets/BigLearning/haowen/autoLoss/saved_models/h3-haowen4_05-14-23-38_gan/model
INFO::step: 17500, new best result: 6.411013799093471
INFO::Save model at /datasets/BigLearning/haowen/autoLoss/saved_models/h3-haowen4_05-14-23-38_gan/model
INFO::----step18000----
INFO::inception_score: (6.3173904, 0.029846879)
INFO::inps_baseline: 6.392289127653683
INFO::step: 19000, new best result: 6.430671498454949
INFO::Save model at /datasets/BigLearning/haowen/autoLoss/saved_models/h3-haowen4_05-14-23-38_gan/model
INFO::----step20000----
INFO::inception_score: (6.3802586, 0.030716205)
INFO::inps_baseline: 6.4126903058861675
INFO::step: 21500, new best result: 6.432642182249705
INFO::Save model at /datasets/BigLearning/haowen/autoLoss/saved_models/h3-haowen4_05-14-23-38_gan/model
INFO::step: 22000, new best result: 6.4371593161732985
INFO::Save model at /datasets/BigLearning/haowen/autoLoss/saved_models/h3-haowen4_05-14-23-38_gan/model
INFO::----step22000----
INFO::inception_score: (6.455228, 0.0380838)
INFO::inps_baseline: 6.4371593161732985
INFO::----step24000----
INFO::inception_score: (6.4694304, 0.02696787)
INFO::inps_baseline: 6.43031608258305
INFO::step: 24500, new best result: 6.44627284363602
INFO::Save model at /datasets/BigLearning/haowen/autoLoss/saved_models/h3-haowen4_05-14-23-38_gan/model
INFO::step: 25000, new best result: 6.468867296820437
INFO::Save model at /datasets/BigLearning/haowen/autoLoss/saved_models/h3-haowen4_05-14-23-38_gan/model
INFO::step: 25500, new best result: 6.493785091118459
INFO::Save model at /datasets/BigLearning/haowen/autoLoss/saved_models/h3-haowen4_05-14-23-38_gan/model
INFO::step: 26000, new best result: 6.5214026036870045
INFO::Save model at /datasets/BigLearning/haowen/autoLoss/saved_models/h3-haowen4_05-14-23-38_gan/model
INFO::----step26000----
INFO::inception_score: (6.6318727, 0.05628821)
INFO::inps_baseline: 6.5214026036870045
INFO::step: 26500, new best result: 6.53074894452187
INFO::Save model at /datasets/BigLearning/haowen/autoLoss/saved_models/h3-haowen4_05-14-23-38_gan/model
INFO::step: 27000, new best result: 6.556435856056949
INFO::Save model at /datasets/BigLearning/haowen/autoLoss/saved_models/h3-haowen4_05-14-23-38_gan/model
INFO::step: 27500, new best result: 6.596835067139261
INFO::Save model at /datasets/BigLearning/haowen/autoLoss/saved_models/h3-haowen4_05-14-23-38_gan/model
INFO::step: 28000, new best result: 6.63413662136888
INFO::Save model at /datasets/BigLearning/haowen/autoLoss/saved_models/h3-haowen4_05-14-23-38_gan/model
INFO::----step28000----
INFO::inception_score: (6.783343, 0.048320606)
INFO::inps_baseline: 6.63413662136888
INFO::step: 28500, new best result: 6.64299197531776
INFO::Save model at /datasets/BigLearning/haowen/autoLoss/saved_models/h3-haowen4_05-14-23-38_gan/model
INFO::----step30000----
INFO::inception_score: (6.870211, 0.056935657)
INFO::inps_baseline: 6.573258876988914
INFO::step: 31000, new best result: 6.695575065733355
INFO::Save model at /datasets/BigLearning/haowen/autoLoss/saved_models/h3-haowen4_05-14-23-38_gan/model
INFO::step: 31500, new best result: 6.742384296513685
INFO::Save model at /datasets/BigLearning/haowen/autoLoss/saved_models/h3-haowen4_05-14-23-38_gan/model
INFO::step: 32000, new best result: 6.763950142746837
INFO::Save model at /datasets/BigLearning/haowen/autoLoss/saved_models/h3-haowen4_05-14-23-38_gan/model
INFO::----step32000----
INFO::inception_score: (6.8502135, 0.027015181)
INFO::inps_baseline: 6.763950142746837
INFO::step: 32500, new best result: 6.777087238220907
INFO::Save model at /datasets/BigLearning/haowen/autoLoss/saved_models/h3-haowen4_05-14-23-38_gan/model
INFO::step: 33000, new best result: 6.778037092517643
INFO::Save model at /datasets/BigLearning/haowen/autoLoss/saved_models/h3-haowen4_05-14-23-38_gan/model
INFO::----step34000----
INFO::inception_score: (6.64535, 0.014509666)
INFO::inps_baseline: 6.738469423567981
INFO::----step36000----
INFO::inception_score: (6.786992, 0.06684477)
INFO::inps_baseline: 6.760184834987683
INFO::step: 37000, new best result: 6.796847922382839
INFO::Save model at /datasets/BigLearning/haowen/autoLoss/saved_models/h3-haowen4_05-14-23-38_gan/model
INFO::step: 37500, new best result: 6.814804731033712
INFO::Save model at /datasets/BigLearning/haowen/autoLoss/saved_models/h3-haowen4_05-14-23-38_gan/model
INFO::step: 38000, new best result: 6.849772594946598
INFO::Save model at /datasets/BigLearning/haowen/autoLoss/saved_models/h3-haowen4_05-14-23-38_gan/model
INFO::----step38000----
INFO::inception_score: (6.989644, 0.013486598)
INFO::inps_baseline: 6.849772594946598
INFO::step: 38500, new best result: 6.870075148406009
INFO::Save model at /datasets/BigLearning/haowen/autoLoss/saved_models/h3-haowen4_05-14-23-38_gan/model
INFO::step: 39000, new best result: 6.880721221019729
INFO::Save model at /datasets/BigLearning/haowen/autoLoss/saved_models/h3-haowen4_05-14-23-38_gan/model
INFO::step: 39500, new best result: 6.889998157540881
INFO::Save model at /datasets/BigLearning/haowen/autoLoss/saved_models/h3-haowen4_05-14-23-38_gan/model
INFO::----step40000----
INFO::inception_score: (6.629812, 0.06791737)
INFO::inps_baseline: 6.837960878785391
INFO::step: 41000, new best result: 6.919759184376996
INFO::Save model at /datasets/BigLearning/haowen/autoLoss/saved_models/h3-haowen4_05-14-23-38_gan/model
INFO::step: 41500, new best result: 6.928748631681285
INFO::Save model at /datasets/BigLearning/haowen/autoLoss/saved_models/h3-haowen4_05-14-23-38_gan/model
INFO::step: 42000, new best result: 6.943540878459041
INFO::Save model at /datasets/BigLearning/haowen/autoLoss/saved_models/h3-haowen4_05-14-23-38_gan/model
INFO::----step42000----
INFO::inception_score: (7.00271, 0.05042642)
INFO::inps_baseline: 6.943540878459041
INFO::step: 42500, new best result: 6.947992378365377
INFO::Save model at /datasets/BigLearning/haowen/autoLoss/saved_models/h3-haowen4_05-14-23-38_gan/model
INFO::----step44000----
INFO::inception_score: (6.970918, 0.031798355)
INFO::inps_baseline: 6.910491432897634
INFO::----step46000----
INFO::inception_score: (6.875005, 0.07096906)
INFO::inps_baseline: 6.930181420858719
INFO::step: 48000, new best result: 6.975457674211025
INFO::Save model at /datasets/BigLearning/haowen/autoLoss/saved_models/h3-haowen4_05-14-23-38_gan/model
INFO::----step48000----
INFO::inception_score: (7.119535, 0.05123108)
INFO::inps_baseline: 6.975457674211025
INFO::step: 48500, new best result: 7.002152352289962
INFO::Save model at /datasets/BigLearning/haowen/autoLoss/saved_models/h3-haowen4_05-14-23-38_gan/model
INFO::step: 49000, new best result: 7.024608539546814
INFO::Save model at /datasets/BigLearning/haowen/autoLoss/saved_models/h3-haowen4_05-14-23-38_gan/model
INFO::step: 49500, new best result: 7.042434157534668
INFO::Save model at /datasets/BigLearning/haowen/autoLoss/saved_models/h3-haowen4_05-14-23-38_gan/model
INFO::----step50000----
INFO::inception_score: (6.768584, 0.04140434)
INFO::inps_baseline: 6.987664080941064
INFO::step: 52000, new best result: 7.051087083346918
INFO::Save model at /datasets/BigLearning/haowen/autoLoss/saved_models/h3-haowen4_05-14-23-38_gan/model
INFO::----step52000----
INFO::inception_score: (7.156415, 0.02709816)
INFO::inps_baseline: 7.051087083346918
INFO::step: 52500, new best result: 7.0810138240872025
INFO::Save model at /datasets/BigLearning/haowen/autoLoss/saved_models/h3-haowen4_05-14-23-38_gan/model
INFO::step: 53000, new best result: 7.102201768193102
INFO::Save model at /datasets/BigLearning/haowen/autoLoss/saved_models/h3-haowen4_05-14-23-38_gan/model
INFO::step: 54000, new best result: 7.104468942282013
INFO::Save model at /datasets/BigLearning/haowen/autoLoss/saved_models/h3-haowen4_05-14-23-38_gan/model
INFO::----step54000----
INFO::inception_score: (7.1175666, 0.037429307)
INFO::inps_baseline: 7.104468942282013
INFO::----step56000----
INFO::inception_score: (7.3175507, 0.037055477)
INFO::inps_baseline: 6.933163107542892
INFO::step: 57500, new best result: 7.119985588637644
INFO::Save model at /datasets/BigLearning/haowen/autoLoss/saved_models/h3-haowen4_05-14-23-38_gan/model
INFO::step: 58000, new best result: 7.16421204268746
INFO::Save model at /datasets/BigLearning/haowen/autoLoss/saved_models/h3-haowen4_05-14-23-38_gan/model
INFO::----step58000----
INFO::inception_score: (7.341118, 0.079489395)
INFO::inps_baseline: 7.16421204268746
INFO::step: 58500, new best result: 7.178602643488347
INFO::Save model at /datasets/BigLearning/haowen/autoLoss/saved_models/h3-haowen4_05-14-23-38_gan/model
INFO::step: 59000, new best result: 7.184051853560209
INFO::Save model at /datasets/BigLearning/haowen/autoLoss/saved_models/h3-haowen4_05-14-23-38_gan/model
INFO::step: 59500, new best result: 7.198837075346947
INFO::Save model at /datasets/BigLearning/haowen/autoLoss/saved_models/h3-haowen4_05-14-23-38_gan/model
INFO::step: 60000, new best result: 7.20787003335495
INFO::Save model at /datasets/BigLearning/haowen/autoLoss/saved_models/h3-haowen4_05-14-23-38_gan/model
INFO::----step60000----
INFO::inception_score: (7.244002, 0.064700805)
INFO::inps_baseline: 7.20787003335495
INFO::step: 60500, new best result: 7.233071348644409
INFO::Save model at /datasets/BigLearning/haowen/autoLoss/saved_models/h3-haowen4_05-14-23-38_gan/model
INFO::step: 61000, new best result: 7.271035974484375
INFO::Save model at /datasets/BigLearning/haowen/autoLoss/saved_models/h3-haowen4_05-14-23-38_gan/model
INFO::step: 61500, new best result: 7.296101049790137
INFO::Save model at /datasets/BigLearning/haowen/autoLoss/saved_models/h3-haowen4_05-14-23-38_gan/model
INFO::step: 62000, new best result: 7.305310119159502
INFO::Save model at /datasets/BigLearning/haowen/autoLoss/saved_models/h3-haowen4_05-14-23-38_gan/model
INFO::----step62000----
INFO::inception_score: (7.3421464, 0.024422202)
INFO::inps_baseline: 7.305310119159502
INFO::step: 62500, new best result: 7.319196692281947
INFO::Save model at /datasets/BigLearning/haowen/autoLoss/saved_models/h3-haowen4_05-14-23-38_gan/model
INFO::step: 63000, new best result: 7.333627789158809
INFO::Save model at /datasets/BigLearning/haowen/autoLoss/saved_models/h3-haowen4_05-14-23-38_gan/model
INFO::step: 64000, new best result: 7.333869723599236
INFO::Save model at /datasets/BigLearning/haowen/autoLoss/saved_models/h3-haowen4_05-14-23-38_gan/model
INFO::----step64000----
INFO::inception_score: (7.3410635, 0.047943518)
INFO::inps_baseline: 7.333869723599236
INFO::Terminate reason: Collapse
INFO::Loading pretrained model from: /datasets/BigLearning/haowen/autoLoss/saved_models/h3-haowen4_05-14-23-38_gan/model-64000
INFO::inps_test: (7.3505507, 0.010625089)
INFO::[(7.3505507, 0.010625089)]
init_mnist_model
Extracting /datasets/BigLearning/haowen/mnist/train-images-idx3-ubyte.gz
Extracting /datasets/BigLearning/haowen/mnist/train-labels-idx1-ubyte.gz
Extracting /datasets/BigLearning/haowen/mnist/t10k-images-idx3-ubyte.gz
Extracting /datasets/BigLearning/haowen/mnist/t10k-labels-idx1-ubyte.gz
Load 55000 samples.
Extracting /datasets/BigLearning/haowen/mnist/train-images-idx3-ubyte.gz
Extracting /datasets/BigLearning/haowen/mnist/train-labels-idx1-ubyte.gz
Extracting /datasets/BigLearning/haowen/mnist/t10k-images-idx3-ubyte.gz
Extracting /datasets/BigLearning/haowen/mnist/t10k-labels-idx1-ubyte.gz
Load 10000 samples.
Extracting /datasets/BigLearning/haowen/mnist/train-images-idx3-ubyte.gz
Extracting /datasets/BigLearning/haowen/mnist/train-labels-idx1-ubyte.gz
Extracting /datasets/BigLearning/haowen/mnist/t10k-images-idx3-ubyte.gz
Extracting /datasets/BigLearning/haowen/mnist/t10k-labels-idx1-ubyte.gz
Load 55000 samples.
Extracting /datasets/BigLearning/haowen/mnist/train-images-idx3-ubyte.gz
Extracting /datasets/BigLearning/haowen/mnist/train-labels-idx1-ubyte.gz
Extracting /datasets/BigLearning/haowen/mnist/t10k-images-idx3-ubyte.gz
Extracting /datasets/BigLearning/haowen/mnist/t10k-labels-idx1-ubyte.gz
Load 10000 samples.
