WARNING::lambda1_stud not found in config file
WARNING::lambda2_stud not found in config file
2018-05-15 00:09:15.801410: I tensorflow/core/platform/cpu_feature_guard.cc:137] Your CPU supports instructions that this TensorFlow binary was not compiled to use: SSE4.1 SSE4.2 AVX AVX2 FMA
2018-05-15 00:09:16.727597: I tensorflow/core/common_runtime/gpu/gpu_device.cc:1030] Found device 0 with properties: 
name: GeForce GTX TITAN X major: 5 minor: 2 memoryClockRate(GHz): 1.076
pciBusID: 0000:04:00.0
totalMemory: 11.92GiB freeMemory: 11.80GiB
2018-05-15 00:09:16.727757: I tensorflow/core/common_runtime/gpu/gpu_device.cc:1120] Creating TensorFlow device (/device:GPU:0) -> (device: 0, name: GeForce GTX TITAN X, pci bus id: 0000:04:00.0, compute capability: 5.2)
INFO::Loading pretrained model from: /datasets/BigLearning/haowen/autoLoss/saved_models/mnist_classification/model-20000
2018-05-15 00:09:20.032635: I tensorflow/core/common_runtime/gpu/gpu_device.cc:1120] Creating TensorFlow device (/device:GPU:0) -> (device: 0, name: GeForce GTX TITAN X, pci bus id: 0000:04:00.0, compute capability: 5.2)
INFO::h0.haowen6.biglearning.orca.pdl.cmu.edu
WARNING::lambda1_stud not found in config file
WARNING::lambda2_stud not found in config file
INFO::[DEFAULT]
INFO::[env]
INFO::exp_dir:: ~/haowen/GitHub/autoLoss
INFO::data_dir:: /datasets/BigLearning/haowen/cifar10/cifar-10-batches-py
INFO::model_dir:: /datasets/BigLearning/haowen/autoLoss/saved_models
INFO::save_images_dir:: /datasets/BigLearning/haowen/autoLoss/saved_images
INFO::[data]
INFO::[stud]
INFO::student_model_name:: gan_cifar10
INFO::batch_size:: 128
INFO::lr_stud:: 0.0002
INFO::beta1:: 0.5
INFO::beta2:: 0.999
INFO::valid_frequency_stud:: 2000
INFO::print_frequency_stud:: 2000
INFO::max_endurance_stud:: 10
INFO::max_training_step:: 400000
INFO::stop_strategy_stud:: prescribed_steps
INFO::[gan]
INFO::dim_z:: 128
INFO::dim_x:: 3072
INFO::dim_c:: 64
INFO::disc_iters:: 1
INFO::gen_iters:: 1
INFO::inps_threshold:: 6.3
INFO::inps_batches:: 100
INFO::inps_splits:: 1
INFO::[evaluate]
INFO::[rl]
INFO::controller_model_name:: linear_logits_clipping
INFO::logit_clipping_c:: 2
INFO::dim_state_rl:: 5
INFO::dim_hidden_rl:: 16
INFO::dim_action_rl:: 2
INFO::lr_rl:: 2
INFO::lr_decay_rl:: 1
INFO::total_episodes:: 1000
INFO::update_frequency:: 1
INFO::save_frequency:: 100
INFO::inps_baseline_decay:: 0.8
INFO::reward_c:: 10
INFO::reward_step_rl:: 0.1
INFO::reward_max_value:: 20
INFO::explore_rate_decay_rl:: 100
INFO::explore_rate_rl:: 0
INFO::max_endurance_rl:: 50
INFO::state_decay:: 0.9
INFO::metric_decay:: 0.8
INFO::exp_name: h0-haowen6_05-15-06-09
2018-05-15 00:09:20.056893: I tensorflow/core/common_runtime/gpu/gpu_device.cc:1120] Creating TensorFlow device (/device:GPU:0) -> (device: 0, name: GeForce GTX TITAN X, pci bus id: 0000:04:00.0, compute capability: 5.2)
2018-05-15 00:09:20.131130: I tensorflow/core/common_runtime/gpu/gpu_device.cc:1120] Creating TensorFlow device (/device:GPU:0) -> (device: 0, name: GeForce GTX TITAN X, pci bus id: 0000:04:00.0, compute capability: 5.2)
/users/hzhang2/haowen/miniconda3/envs/py35_tf/lib/python3.5/site-packages/tensorflow/python/ops/gradients_impl.py:96: UserWarning: Converting sparse IndexedSlices to a dense Tensor of unknown shape. This may consume a large amount of memory.
  "Converting sparse IndexedSlices to a dense Tensor of unknown shape. "
INFO::Loading pretrained model from: /datasets/BigLearning/haowen/autoLoss/saved_models/h2-haowen6_05-13-20-21_ctrl/model-20
INFO::=================
INFO::episodes: 0
INFO::idx:0, var:[[ 0.66695106 -0.66915125]
 [ 0.8715815   0.02221821]
 [-0.13399315 -0.91990703]
 [-0.3733591   0.1468591 ]
 [ 0.5019716   0.39112848]]
INFO::idx:1, var:[ 0.14003596 -0.14003597]
2018-05-15 00:11:07.947566: I tensorflow/core/common_runtime/gpu/gpu_device.cc:1120] Creating TensorFlow device (/device:GPU:0) -> (device: 0, name: GeForce GTX TITAN X, pci bus id: 0000:04:00.0, compute capability: 5.2)
2018-05-15 00:11:08.305983: W tensorflow/core/framework/op_def_util.cc:334] Op BatchNormWithGlobalNormalization is deprecated. It will cease to work in GraphDef version 9. Use tf.nn.batch_normalization().
INFO::step: 2000, new best result: 2.6119344234466553
INFO::Save model at /datasets/BigLearning/haowen/autoLoss/saved_models/h0-haowen6_05-15-06-09_gan_cifar10/model
INFO::----step2000----
INFO::inception_score: (2.6119344, 0.0)
INFO::inps_baseline: 2.6119344234466553
2018-05-15 00:14:15.045268: I tensorflow/core/common_runtime/gpu/gpu_device.cc:1120] Creating TensorFlow device (/device:GPU:0) -> (device: 0, name: GeForce GTX TITAN X, pci bus id: 0000:04:00.0, compute capability: 5.2)
INFO::step: 4000, new best result: 2.636097717285156
INFO::Save model at /datasets/BigLearning/haowen/autoLoss/saved_models/h0-haowen6_05-15-06-09_gan_cifar10/model
INFO::----step4000----
INFO::inception_score: (2.732751, 0.0)
INFO::inps_baseline: 2.636097717285156
2018-05-15 00:17:23.170742: I tensorflow/core/common_runtime/gpu/gpu_device.cc:1120] Creating TensorFlow device (/device:GPU:0) -> (device: 0, name: GeForce GTX TITAN X, pci bus id: 0000:04:00.0, compute capability: 5.2)
INFO::----step6000----
INFO::inception_score: (2.3022983, 0.0)
INFO::inps_baseline: 2.5693378353118894
2018-05-15 00:20:31.293654: I tensorflow/core/common_runtime/gpu/gpu_device.cc:1120] Creating TensorFlow device (/device:GPU:0) -> (device: 0, name: GeForce GTX TITAN X, pci bus id: 0000:04:00.0, compute capability: 5.2)
INFO::step: 8000, new best result: 2.6539871139526365
INFO::Save model at /datasets/BigLearning/haowen/autoLoss/saved_models/h0-haowen6_05-15-06-09_gan_cifar10/model
INFO::----step8000----
INFO::inception_score: (2.9925842, 0.0)
INFO::inps_baseline: 2.6539871139526365
2018-05-15 00:23:39.632486: I tensorflow/core/common_runtime/gpu/gpu_device.cc:1120] Creating TensorFlow device (/device:GPU:0) -> (device: 0, name: GeForce GTX TITAN X, pci bus id: 0000:04:00.0, compute capability: 5.2)
INFO::step: 10000, new best result: 2.836859515762329
INFO::Save model at /datasets/BigLearning/haowen/autoLoss/saved_models/h0-haowen6_05-15-06-09_gan_cifar10/model
INFO::----step10000----
INFO::inception_score: (3.5683491, 0.0)
INFO::inps_baseline: 2.836859515762329
2018-05-15 00:26:47.964574: I tensorflow/core/common_runtime/gpu/gpu_device.cc:1120] Creating TensorFlow device (/device:GPU:0) -> (device: 0, name: GeForce GTX TITAN X, pci bus id: 0000:04:00.0, compute capability: 5.2)
INFO::step: 12000, new best result: 3.0207230976867674
INFO::Save model at /datasets/BigLearning/haowen/autoLoss/saved_models/h0-haowen6_05-15-06-09_gan_cifar10/model
INFO::----step12000----
INFO::inception_score: (3.7561774, 0.0)
INFO::inps_baseline: 3.0207230976867674
2018-05-15 00:29:56.352432: I tensorflow/core/common_runtime/gpu/gpu_device.cc:1120] Creating TensorFlow device (/device:GPU:0) -> (device: 0, name: GeForce GTX TITAN X, pci bus id: 0000:04:00.0, compute capability: 5.2)
INFO::step: 14000, new best result: 3.2193962996520993
INFO::Save model at /datasets/BigLearning/haowen/autoLoss/saved_models/h0-haowen6_05-15-06-09_gan_cifar10/model
INFO::----step14000----
INFO::inception_score: (4.014089, 0.0)
INFO::inps_baseline: 3.2193962996520993
2018-05-15 00:33:04.717782: I tensorflow/core/common_runtime/gpu/gpu_device.cc:1120] Creating TensorFlow device (/device:GPU:0) -> (device: 0, name: GeForce GTX TITAN X, pci bus id: 0000:04:00.0, compute capability: 5.2)
INFO::step: 16000, new best result: 3.429651885455322
INFO::Save model at /datasets/BigLearning/haowen/autoLoss/saved_models/h0-haowen6_05-15-06-09_gan_cifar10/model
INFO::----step16000----
INFO::inception_score: (4.270674, 0.0)
INFO::inps_baseline: 3.429651885455322
2018-05-15 00:36:12.578352: I tensorflow/core/common_runtime/gpu/gpu_device.cc:1120] Creating TensorFlow device (/device:GPU:0) -> (device: 0, name: GeForce GTX TITAN X, pci bus id: 0000:04:00.0, compute capability: 5.2)
INFO::step: 18000, new best result: 3.7082623714013674
INFO::Save model at /datasets/BigLearning/haowen/autoLoss/saved_models/h0-haowen6_05-15-06-09_gan_cifar10/model
INFO::----step18000----
INFO::inception_score: (4.8227043, 0.0)
INFO::inps_baseline: 3.7082623714013674
2018-05-15 00:39:19.289505: I tensorflow/core/common_runtime/gpu/gpu_device.cc:1120] Creating TensorFlow device (/device:GPU:0) -> (device: 0, name: GeForce GTX TITAN X, pci bus id: 0000:04:00.0, compute capability: 5.2)
INFO::step: 20000, new best result: 3.9900887865864254
INFO::Save model at /datasets/BigLearning/haowen/autoLoss/saved_models/h0-haowen6_05-15-06-09_gan_cifar10/model
INFO::----step20000----
INFO::inception_score: (5.1173944, 0.0)
INFO::inps_baseline: 3.9900887865864254
2018-05-15 00:42:27.967087: I tensorflow/core/common_runtime/gpu/gpu_device.cc:1120] Creating TensorFlow device (/device:GPU:0) -> (device: 0, name: GeForce GTX TITAN X, pci bus id: 0000:04:00.0, compute capability: 5.2)
INFO::step: 22000, new best result: 4.146217414462011
INFO::Save model at /datasets/BigLearning/haowen/autoLoss/saved_models/h0-haowen6_05-15-06-09_gan_cifar10/model
INFO::----step22000----
INFO::inception_score: (4.770732, 0.0)
INFO::inps_baseline: 4.146217414462011
2018-05-15 00:45:36.556198: I tensorflow/core/common_runtime/gpu/gpu_device.cc:1120] Creating TensorFlow device (/device:GPU:0) -> (device: 0, name: GeForce GTX TITAN X, pci bus id: 0000:04:00.0, compute capability: 5.2)
INFO::step: 24000, new best result: 4.367507416982207
INFO::Save model at /datasets/BigLearning/haowen/autoLoss/saved_models/h0-haowen6_05-15-06-09_gan_cifar10/model
INFO::----step24000----
INFO::inception_score: (5.2526674, 0.0)
INFO::inps_baseline: 4.367507416982207
2018-05-15 00:48:45.150307: I tensorflow/core/common_runtime/gpu/gpu_device.cc:1120] Creating TensorFlow device (/device:GPU:0) -> (device: 0, name: GeForce GTX TITAN X, pci bus id: 0000:04:00.0, compute capability: 5.2)
INFO::step: 26000, new best result: 4.6189166696697495
INFO::Save model at /datasets/BigLearning/haowen/autoLoss/saved_models/h0-haowen6_05-15-06-09_gan_cifar10/model
INFO::----step26000----
INFO::inception_score: (5.6245537, 0.0)
INFO::inps_baseline: 4.6189166696697495
2018-05-15 00:51:53.926809: I tensorflow/core/common_runtime/gpu/gpu_device.cc:1120] Creating TensorFlow device (/device:GPU:0) -> (device: 0, name: GeForce GTX TITAN X, pci bus id: 0000:04:00.0, compute capability: 5.2)
INFO::step: 28000, new best result: 4.78544619813204
INFO::Save model at /datasets/BigLearning/haowen/autoLoss/saved_models/h0-haowen6_05-15-06-09_gan_cifar10/model
INFO::----step28000----
INFO::inception_score: (5.4515643, 0.0)
INFO::inps_baseline: 4.78544619813204
2018-05-15 00:55:02.292300: I tensorflow/core/common_runtime/gpu/gpu_device.cc:1120] Creating TensorFlow device (/device:GPU:0) -> (device: 0, name: GeForce GTX TITAN X, pci bus id: 0000:04:00.0, compute capability: 5.2)
INFO::step: 30000, new best result: 4.822654367563249
INFO::Save model at /datasets/BigLearning/haowen/autoLoss/saved_models/h0-haowen6_05-15-06-09_gan_cifar10/model
INFO::----step30000----
INFO::inception_score: (4.971487, 0.0)
INFO::inps_baseline: 4.822654367563249
2018-05-15 00:58:10.747598: I tensorflow/core/common_runtime/gpu/gpu_device.cc:1120] Creating TensorFlow device (/device:GPU:0) -> (device: 0, name: GeForce GTX TITAN X, pci bus id: 0000:04:00.0, compute capability: 5.2)
INFO::step: 32000, new best result: 5.050602532289124
INFO::Save model at /datasets/BigLearning/haowen/autoLoss/saved_models/h0-haowen6_05-15-06-09_gan_cifar10/model
INFO::----step32000----
INFO::inception_score: (5.962395, 0.0)
INFO::inps_baseline: 5.050602532289124
2018-05-15 01:01:19.129226: I tensorflow/core/common_runtime/gpu/gpu_device.cc:1120] Creating TensorFlow device (/device:GPU:0) -> (device: 0, name: GeForce GTX TITAN X, pci bus id: 0000:04:00.0, compute capability: 5.2)
INFO::step: 34000, new best result: 5.232665711134034
INFO::Save model at /datasets/BigLearning/haowen/autoLoss/saved_models/h0-haowen6_05-15-06-09_gan_cifar10/model
INFO::----step34000----
INFO::inception_score: (5.9609184, 0.0)
INFO::inps_baseline: 5.232665711134034
2018-05-15 01:04:27.541023: I tensorflow/core/common_runtime/gpu/gpu_device.cc:1120] Creating TensorFlow device (/device:GPU:0) -> (device: 0, name: GeForce GTX TITAN X, pci bus id: 0000:04:00.0, compute capability: 5.2)
INFO::step: 36000, new best result: 5.266079277586426
INFO::Save model at /datasets/BigLearning/haowen/autoLoss/saved_models/h0-haowen6_05-15-06-09_gan_cifar10/model
INFO::----step36000----
INFO::inception_score: (5.3997335, 0.0)
INFO::inps_baseline: 5.266079277586426
2018-05-15 01:07:35.757683: I tensorflow/core/common_runtime/gpu/gpu_device.cc:1120] Creating TensorFlow device (/device:GPU:0) -> (device: 0, name: GeForce GTX TITAN X, pci bus id: 0000:04:00.0, compute capability: 5.2)
INFO::step: 38000, new best result: 5.37708165708501
INFO::Save model at /datasets/BigLearning/haowen/autoLoss/saved_models/h0-haowen6_05-15-06-09_gan_cifar10/model
INFO::----step38000----
INFO::inception_score: (5.821091, 0.0)
INFO::inps_baseline: 5.37708165708501
2018-05-15 01:10:44.304493: I tensorflow/core/common_runtime/gpu/gpu_device.cc:1120] Creating TensorFlow device (/device:GPU:0) -> (device: 0, name: GeForce GTX TITAN X, pci bus id: 0000:04:00.0, compute capability: 5.2)
INFO::step: 40000, new best result: 5.490520210769326
INFO::Save model at /datasets/BigLearning/haowen/autoLoss/saved_models/h0-haowen6_05-15-06-09_gan_cifar10/model
INFO::----step40000----
INFO::inception_score: (5.9442744, 0.0)
INFO::inps_baseline: 5.490520210769326
2018-05-15 01:13:52.198842: I tensorflow/core/common_runtime/gpu/gpu_device.cc:1120] Creating TensorFlow device (/device:GPU:0) -> (device: 0, name: GeForce GTX TITAN X, pci bus id: 0000:04:00.0, compute capability: 5.2)
INFO::step: 42000, new best result: 5.588364006445051
INFO::Save model at /datasets/BigLearning/haowen/autoLoss/saved_models/h0-haowen6_05-15-06-09_gan_cifar10/model
INFO::----step42000----
INFO::inception_score: (5.979739, 0.0)
INFO::inps_baseline: 5.588364006445051
2018-05-15 01:17:00.122653: I tensorflow/core/common_runtime/gpu/gpu_device.cc:1120] Creating TensorFlow device (/device:GPU:0) -> (device: 0, name: GeForce GTX TITAN X, pci bus id: 0000:04:00.0, compute capability: 5.2)
INFO::step: 44000, new best result: 5.782355309617711
INFO::Save model at /datasets/BigLearning/haowen/autoLoss/saved_models/h0-haowen6_05-15-06-09_gan_cifar10/model
INFO::----step44000----
INFO::inception_score: (6.5583205, 0.0)
INFO::inps_baseline: 5.782355309617711
2018-05-15 01:20:08.048086: I tensorflow/core/common_runtime/gpu/gpu_device.cc:1120] Creating TensorFlow device (/device:GPU:0) -> (device: 0, name: GeForce GTX TITAN X, pci bus id: 0000:04:00.0, compute capability: 5.2)
INFO::step: 46000, new best result: 5.842490197096025
INFO::Save model at /datasets/BigLearning/haowen/autoLoss/saved_models/h0-haowen6_05-15-06-09_gan_cifar10/model
INFO::----step46000----
INFO::inception_score: (6.0830297, 0.0)
INFO::inps_baseline: 5.842490197096025
2018-05-15 01:23:15.967405: I tensorflow/core/common_runtime/gpu/gpu_device.cc:1120] Creating TensorFlow device (/device:GPU:0) -> (device: 0, name: GeForce GTX TITAN X, pci bus id: 0000:04:00.0, compute capability: 5.2)
INFO::step: 48000, new best result: 5.933078480461244
INFO::Save model at /datasets/BigLearning/haowen/autoLoss/saved_models/h0-haowen6_05-15-06-09_gan_cifar10/model
INFO::----step48000----
INFO::inception_score: (6.2954316, 0.0)
INFO::inps_baseline: 5.933078480461244
2018-05-15 01:26:23.496097: I tensorflow/core/common_runtime/gpu/gpu_device.cc:1120] Creating TensorFlow device (/device:GPU:0) -> (device: 0, name: GeForce GTX TITAN X, pci bus id: 0000:04:00.0, compute capability: 5.2)
INFO::step: 50000, new best result: 6.018584690649513
INFO::Save model at /datasets/BigLearning/haowen/autoLoss/saved_models/h0-haowen6_05-15-06-09_gan_cifar10/model
INFO::----step50000----
INFO::inception_score: (6.3606095, 0.0)
INFO::inps_baseline: 6.018584690649513
2018-05-15 01:29:31.463915: I tensorflow/core/common_runtime/gpu/gpu_device.cc:1120] Creating TensorFlow device (/device:GPU:0) -> (device: 0, name: GeForce GTX TITAN X, pci bus id: 0000:04:00.0, compute capability: 5.2)
INFO::step: 52000, new best result: 6.0351835903797175
INFO::Save model at /datasets/BigLearning/haowen/autoLoss/saved_models/h0-haowen6_05-15-06-09_gan_cifar10/model
INFO::----step52000----
INFO::inception_score: (6.101579, 0.0)
INFO::inps_baseline: 6.0351835903797175
2018-05-15 01:32:39.419026: I tensorflow/core/common_runtime/gpu/gpu_device.cc:1120] Creating TensorFlow device (/device:GPU:0) -> (device: 0, name: GeForce GTX TITAN X, pci bus id: 0000:04:00.0, compute capability: 5.2)
INFO::step: 54000, new best result: 6.099478659413149
INFO::Save model at /datasets/BigLearning/haowen/autoLoss/saved_models/h0-haowen6_05-15-06-09_gan_cifar10/model
INFO::----step54000----
INFO::inception_score: (6.356659, 0.0)
INFO::inps_baseline: 6.099478659413149
2018-05-15 01:35:47.450198: I tensorflow/core/common_runtime/gpu/gpu_device.cc:1120] Creating TensorFlow device (/device:GPU:0) -> (device: 0, name: GeForce GTX TITAN X, pci bus id: 0000:04:00.0, compute capability: 5.2)
INFO::step: 56000, new best result: 6.14719824582886
INFO::Save model at /datasets/BigLearning/haowen/autoLoss/saved_models/h0-haowen6_05-15-06-09_gan_cifar10/model
INFO::----step56000----
INFO::inception_score: (6.3380766, 0.0)
INFO::inps_baseline: 6.14719824582886
2018-05-15 01:38:55.243336: I tensorflow/core/common_runtime/gpu/gpu_device.cc:1120] Creating TensorFlow device (/device:GPU:0) -> (device: 0, name: GeForce GTX TITAN X, pci bus id: 0000:04:00.0, compute capability: 5.2)
INFO::step: 58000, new best result: 6.208232820753664
INFO::Save model at /datasets/BigLearning/haowen/autoLoss/saved_models/h0-haowen6_05-15-06-09_gan_cifar10/model
INFO::----step58000----
INFO::inception_score: (6.452371, 0.0)
INFO::inps_baseline: 6.208232820753664
2018-05-15 01:42:02.991810: I tensorflow/core/common_runtime/gpu/gpu_device.cc:1120] Creating TensorFlow device (/device:GPU:0) -> (device: 0, name: GeForce GTX TITAN X, pci bus id: 0000:04:00.0, compute capability: 5.2)
INFO::step: 60000, new best result: 6.243687582591701
INFO::Save model at /datasets/BigLearning/haowen/autoLoss/saved_models/h0-haowen6_05-15-06-09_gan_cifar10/model
INFO::----step60000----
INFO::inception_score: (6.3855066, 0.0)
INFO::inps_baseline: 6.243687582591701
2018-05-15 01:45:10.506807: I tensorflow/core/common_runtime/gpu/gpu_device.cc:1120] Creating TensorFlow device (/device:GPU:0) -> (device: 0, name: GeForce GTX TITAN X, pci bus id: 0000:04:00.0, compute capability: 5.2)
INFO::step: 62000, new best result: 6.2745692829923065
INFO::Save model at /datasets/BigLearning/haowen/autoLoss/saved_models/h0-haowen6_05-15-06-09_gan_cifar10/model
INFO::----step62000----
INFO::inception_score: (6.398096, 0.0)
INFO::inps_baseline: 6.2745692829923065
2018-05-15 01:48:18.184062: I tensorflow/core/common_runtime/gpu/gpu_device.cc:1120] Creating TensorFlow device (/device:GPU:0) -> (device: 0, name: GeForce GTX TITAN X, pci bus id: 0000:04:00.0, compute capability: 5.2)
INFO::----step64000----
INFO::inception_score: (6.1915917, 0.0)
INFO::inps_baseline: 6.257973774324753
2018-05-15 01:51:24.183428: I tensorflow/core/common_runtime/gpu/gpu_device.cc:1120] Creating TensorFlow device (/device:GPU:0) -> (device: 0, name: GeForce GTX TITAN X, pci bus id: 0000:04:00.0, compute capability: 5.2)
INFO::step: 66000, new best result: 6.282112776478846
INFO::Save model at /datasets/BigLearning/haowen/autoLoss/saved_models/h0-haowen6_05-15-06-09_gan_cifar10/model
INFO::----step66000----
INFO::inception_score: (6.378669, 0.0)
INFO::inps_baseline: 6.282112776478846
2018-05-15 01:54:32.079502: I tensorflow/core/common_runtime/gpu/gpu_device.cc:1120] Creating TensorFlow device (/device:GPU:0) -> (device: 0, name: GeForce GTX TITAN X, pci bus id: 0000:04:00.0, compute capability: 5.2)
INFO::step: 68000, new best result: 6.3007718557045616
INFO::Save model at /datasets/BigLearning/haowen/autoLoss/saved_models/h0-haowen6_05-15-06-09_gan_cifar10/model
INFO::----step68000----
INFO::inception_score: (6.375408, 0.0)
INFO::inps_baseline: 6.3007718557045616
2018-05-15 01:57:40.150558: I tensorflow/core/common_runtime/gpu/gpu_device.cc:1120] Creating TensorFlow device (/device:GPU:0) -> (device: 0, name: GeForce GTX TITAN X, pci bus id: 0000:04:00.0, compute capability: 5.2)
INFO::step: 70000, new best result: 6.364447516912282
INFO::Save model at /datasets/BigLearning/haowen/autoLoss/saved_models/h0-haowen6_05-15-06-09_gan_cifar10/model
INFO::----step70000----
INFO::inception_score: (6.61915, 0.0)
INFO::inps_baseline: 6.364447516912282
2018-05-15 02:00:47.682754: I tensorflow/core/common_runtime/gpu/gpu_device.cc:1120] Creating TensorFlow device (/device:GPU:0) -> (device: 0, name: GeForce GTX TITAN X, pci bus id: 0000:04:00.0, compute capability: 5.2)
INFO::step: 72000, new best result: 6.402064643473674
INFO::Save model at /datasets/BigLearning/haowen/autoLoss/saved_models/h0-haowen6_05-15-06-09_gan_cifar10/model
INFO::----step72000----
INFO::inception_score: (6.552533, 0.0)
INFO::inps_baseline: 6.402064643473674
2018-05-15 02:03:55.520420: I tensorflow/core/common_runtime/gpu/gpu_device.cc:1120] Creating TensorFlow device (/device:GPU:0) -> (device: 0, name: GeForce GTX TITAN X, pci bus id: 0000:04:00.0, compute capability: 5.2)
INFO::step: 74000, new best result: 6.4426880535850914
INFO::Save model at /datasets/BigLearning/haowen/autoLoss/saved_models/h0-haowen6_05-15-06-09_gan_cifar10/model
INFO::----step74000----
INFO::inception_score: (6.6051817, 0.0)
INFO::inps_baseline: 6.4426880535850914
2018-05-15 02:07:03.800363: I tensorflow/core/common_runtime/gpu/gpu_device.cc:1120] Creating TensorFlow device (/device:GPU:0) -> (device: 0, name: GeForce GTX TITAN X, pci bus id: 0000:04:00.0, compute capability: 5.2)
INFO::step: 76000, new best result: 6.480187372952302
INFO::Save model at /datasets/BigLearning/haowen/autoLoss/saved_models/h0-haowen6_05-15-06-09_gan_cifar10/model
INFO::----step76000----
INFO::inception_score: (6.6301847, 0.0)
INFO::inps_baseline: 6.480187372952302
2018-05-15 02:10:11.744710: I tensorflow/core/common_runtime/gpu/gpu_device.cc:1120] Creating TensorFlow device (/device:GPU:0) -> (device: 0, name: GeForce GTX TITAN X, pci bus id: 0000:04:00.0, compute capability: 5.2)
INFO::step: 78000, new best result: 6.525523151230494
INFO::Save model at /datasets/BigLearning/haowen/autoLoss/saved_models/h0-haowen6_05-15-06-09_gan_cifar10/model
INFO::----step78000----
INFO::inception_score: (6.7068663, 0.0)
INFO::inps_baseline: 6.525523151230494
2018-05-15 02:13:19.712002: I tensorflow/core/common_runtime/gpu/gpu_device.cc:1120] Creating TensorFlow device (/device:GPU:0) -> (device: 0, name: GeForce GTX TITAN X, pci bus id: 0000:04:00.0, compute capability: 5.2)
INFO::step: 80000, new best result: 6.534543582019552
INFO::Save model at /datasets/BigLearning/haowen/autoLoss/saved_models/h0-haowen6_05-15-06-09_gan_cifar10/model
INFO::----step80000----
INFO::inception_score: (6.5706253, 0.0)
INFO::inps_baseline: 6.534543582019552
2018-05-15 02:16:27.675763: I tensorflow/core/common_runtime/gpu/gpu_device.cc:1120] Creating TensorFlow device (/device:GPU:0) -> (device: 0, name: GeForce GTX TITAN X, pci bus id: 0000:04:00.0, compute capability: 5.2)
INFO::step: 82000, new best result: 6.558608204696451
INFO::Save model at /datasets/BigLearning/haowen/autoLoss/saved_models/h0-haowen6_05-15-06-09_gan_cifar10/model
INFO::----step82000----
INFO::inception_score: (6.6548667, 0.0)
INFO::inps_baseline: 6.558608204696451
2018-05-15 02:19:35.392777: I tensorflow/core/common_runtime/gpu/gpu_device.cc:1120] Creating TensorFlow device (/device:GPU:0) -> (device: 0, name: GeForce GTX TITAN X, pci bus id: 0000:04:00.0, compute capability: 5.2)
INFO::----step84000----
INFO::inception_score: (6.5564704, 0.0)
INFO::inps_baseline: 6.558180642584066
2018-05-15 02:22:42.992756: I tensorflow/core/common_runtime/gpu/gpu_device.cc:1120] Creating TensorFlow device (/device:GPU:0) -> (device: 0, name: GeForce GTX TITAN X, pci bus id: 0000:04:00.0, compute capability: 5.2)
INFO::step: 86000, new best result: 6.591670570738395
INFO::Save model at /datasets/BigLearning/haowen/autoLoss/saved_models/h0-haowen6_05-15-06-09_gan_cifar10/model
INFO::----step86000----
INFO::inception_score: (6.7256303, 0.0)
INFO::inps_baseline: 6.591670570738395
2018-05-15 02:25:50.888166: I tensorflow/core/common_runtime/gpu/gpu_device.cc:1120] Creating TensorFlow device (/device:GPU:0) -> (device: 0, name: GeForce GTX TITAN X, pci bus id: 0000:04:00.0, compute capability: 5.2)
INFO::step: 88000, new best result: 6.620491836839739
INFO::Save model at /datasets/BigLearning/haowen/autoLoss/saved_models/h0-haowen6_05-15-06-09_gan_cifar10/model
INFO::----step88000----
INFO::inception_score: (6.735777, 0.0)
INFO::inps_baseline: 6.620491836839739
2018-05-15 02:28:58.812860: I tensorflow/core/common_runtime/gpu/gpu_device.cc:1120] Creating TensorFlow device (/device:GPU:0) -> (device: 0, name: GeForce GTX TITAN X, pci bus id: 0000:04:00.0, compute capability: 5.2)
INFO::step: 90000, new best result: 6.631540659565785
INFO::Save model at /datasets/BigLearning/haowen/autoLoss/saved_models/h0-haowen6_05-15-06-09_gan_cifar10/model
INFO::----step90000----
INFO::inception_score: (6.675736, 0.0)
INFO::inps_baseline: 6.631540659565785
2018-05-15 02:32:06.901410: I tensorflow/core/common_runtime/gpu/gpu_device.cc:1120] Creating TensorFlow device (/device:GPU:0) -> (device: 0, name: GeForce GTX TITAN X, pci bus id: 0000:04:00.0, compute capability: 5.2)
INFO::step: 92000, new best result: 6.659503748813517
INFO::Save model at /datasets/BigLearning/haowen/autoLoss/saved_models/h0-haowen6_05-15-06-09_gan_cifar10/model
INFO::----step92000----
INFO::inception_score: (6.771356, 0.0)
INFO::inps_baseline: 6.659503748813517
2018-05-15 02:35:14.931448: I tensorflow/core/common_runtime/gpu/gpu_device.cc:1120] Creating TensorFlow device (/device:GPU:0) -> (device: 0, name: GeForce GTX TITAN X, pci bus id: 0000:04:00.0, compute capability: 5.2)
INFO::----step94000----
INFO::inception_score: (6.6341357, 0.0)
INFO::inps_baseline: 6.654430143673617
2018-05-15 02:38:22.621199: I tensorflow/core/common_runtime/gpu/gpu_device.cc:1120] Creating TensorFlow device (/device:GPU:0) -> (device: 0, name: GeForce GTX TITAN X, pci bus id: 0000:04:00.0, compute capability: 5.2)
INFO::----step96000----
INFO::inception_score: (6.638751, 0.0)
INFO::inps_baseline: 6.651294320932546
2018-05-15 02:41:30.221320: I tensorflow/core/common_runtime/gpu/gpu_device.cc:1120] Creating TensorFlow device (/device:GPU:0) -> (device: 0, name: GeForce GTX TITAN X, pci bus id: 0000:04:00.0, compute capability: 5.2)
INFO::----step98000----
INFO::inception_score: (6.394232, 0.0)
INFO::inps_baseline: 6.599881815998967
2018-05-15 02:44:38.086455: I tensorflow/core/common_runtime/gpu/gpu_device.cc:1120] Creating TensorFlow device (/device:GPU:0) -> (device: 0, name: GeForce GTX TITAN X, pci bus id: 0000:04:00.0, compute capability: 5.2)
INFO::----step100000----
INFO::inception_score: (6.7360916, 0.0)
INFO::inps_baseline: 6.62712377555308
2018-05-15 02:47:45.595034: I tensorflow/core/common_runtime/gpu/gpu_device.cc:1120] Creating TensorFlow device (/device:GPU:0) -> (device: 0, name: GeForce GTX TITAN X, pci bus id: 0000:04:00.0, compute capability: 5.2)
INFO::----step102000----
INFO::inception_score: (6.739355, 0.0)
INFO::inps_baseline: 6.649570037898519
2018-05-15 02:50:53.385015: I tensorflow/core/common_runtime/gpu/gpu_device.cc:1120] Creating TensorFlow device (/device:GPU:0) -> (device: 0, name: GeForce GTX TITAN X, pci bus id: 0000:04:00.0, compute capability: 5.2)
INFO::step: 104000, new best result: 6.665465966842253
INFO::Save model at /datasets/BigLearning/haowen/autoLoss/saved_models/h0-haowen6_05-15-06-09_gan_cifar10/model
INFO::----step104000----
INFO::inception_score: (6.7290497, 0.0)
INFO::inps_baseline: 6.665465966842253
2018-05-15 02:54:01.493892: I tensorflow/core/common_runtime/gpu/gpu_device.cc:1120] Creating TensorFlow device (/device:GPU:0) -> (device: 0, name: GeForce GTX TITAN X, pci bus id: 0000:04:00.0, compute capability: 5.2)
INFO::----step106000----
INFO::inception_score: (6.4737926, 0.0)
INFO::inps_baseline: 6.6271312840634025
2018-05-15 02:57:09.383801: I tensorflow/core/common_runtime/gpu/gpu_device.cc:1120] Creating TensorFlow device (/device:GPU:0) -> (device: 0, name: GeForce GTX TITAN X, pci bus id: 0000:04:00.0, compute capability: 5.2)
INFO::step: 108000, new best result: 6.675558710722402
INFO::Save model at /datasets/BigLearning/haowen/autoLoss/saved_models/h0-haowen6_05-15-06-09_gan_cifar10/model
INFO::----step108000----
INFO::inception_score: (6.8692684, 0.0)
INFO::inps_baseline: 6.675558710722402
2018-05-15 03:00:17.555938: I tensorflow/core/common_runtime/gpu/gpu_device.cc:1120] Creating TensorFlow device (/device:GPU:0) -> (device: 0, name: GeForce GTX TITAN X, pci bus id: 0000:04:00.0, compute capability: 5.2)
INFO::----step110000----
INFO::inception_score: (6.66874, 0.0)
INFO::inps_baseline: 6.674194927714884
2018-05-15 03:03:24.984043: I tensorflow/core/common_runtime/gpu/gpu_device.cc:1120] Creating TensorFlow device (/device:GPU:0) -> (device: 0, name: GeForce GTX TITAN X, pci bus id: 0000:04:00.0, compute capability: 5.2)
INFO::step: 112000, new best result: 6.679096504610873
INFO::Save model at /datasets/BigLearning/haowen/autoLoss/saved_models/h0-haowen6_05-15-06-09_gan_cifar10/model
INFO::----step112000----
INFO::inception_score: (6.698703, 0.0)
INFO::inps_baseline: 6.679096504610873
2018-05-15 03:06:33.078667: I tensorflow/core/common_runtime/gpu/gpu_device.cc:1120] Creating TensorFlow device (/device:GPU:0) -> (device: 0, name: GeForce GTX TITAN X, pci bus id: 0000:04:00.0, compute capability: 5.2)
INFO::step: 114000, new best result: 6.699367653975563
INFO::Save model at /datasets/BigLearning/haowen/autoLoss/saved_models/h0-haowen6_05-15-06-09_gan_cifar10/model
INFO::----step114000----
INFO::inception_score: (6.7804523, 0.0)
INFO::inps_baseline: 6.699367653975563
2018-05-15 03:09:41.191778: I tensorflow/core/common_runtime/gpu/gpu_device.cc:1120] Creating TensorFlow device (/device:GPU:0) -> (device: 0, name: GeForce GTX TITAN X, pci bus id: 0000:04:00.0, compute capability: 5.2)
INFO::step: 116000, new best result: 6.736788282115997
INFO::Save model at /datasets/BigLearning/haowen/autoLoss/saved_models/h0-haowen6_05-15-06-09_gan_cifar10/model
INFO::----step116000----
INFO::inception_score: (6.886471, 0.0)
INFO::inps_baseline: 6.736788282115997
2018-05-15 03:12:49.935825: I tensorflow/core/common_runtime/gpu/gpu_device.cc:1120] Creating TensorFlow device (/device:GPU:0) -> (device: 0, name: GeForce GTX TITAN X, pci bus id: 0000:04:00.0, compute capability: 5.2)
INFO::----step118000----
INFO::inception_score: (6.5196958, 0.0)
INFO::inps_baseline: 6.693369777456714
2018-05-15 03:15:58.157811: I tensorflow/core/common_runtime/gpu/gpu_device.cc:1120] Creating TensorFlow device (/device:GPU:0) -> (device: 0, name: GeForce GTX TITAN X, pci bus id: 0000:04:00.0, compute capability: 5.2)
INFO::----step120000----
INFO::inception_score: (6.656461, 0.0)
INFO::inps_baseline: 6.685987974370157
2018-05-15 03:19:06.154201: I tensorflow/core/common_runtime/gpu/gpu_device.cc:1120] Creating TensorFlow device (/device:GPU:0) -> (device: 0, name: GeForce GTX TITAN X, pci bus id: 0000:04:00.0, compute capability: 5.2)
INFO::----step122000----
INFO::inception_score: (6.7162323, 0.0)
INFO::inps_baseline: 6.692036839457064
2018-05-15 03:22:13.976164: I tensorflow/core/common_runtime/gpu/gpu_device.cc:1120] Creating TensorFlow device (/device:GPU:0) -> (device: 0, name: GeForce GTX TITAN X, pci bus id: 0000:04:00.0, compute capability: 5.2)
INFO::----step124000----
INFO::inception_score: (6.1882515, 0.0)
INFO::inps_baseline: 6.591279770637916
2018-05-15 03:25:21.833633: I tensorflow/core/common_runtime/gpu/gpu_device.cc:1120] Creating TensorFlow device (/device:GPU:0) -> (device: 0, name: GeForce GTX TITAN X, pci bus id: 0000:04:00.0, compute capability: 5.2)
INFO::----step126000----
INFO::inception_score: (6.6494045, 0.0)
INFO::inps_baseline: 6.6029047216617
2018-05-15 03:28:29.251859: I tensorflow/core/common_runtime/gpu/gpu_device.cc:1120] Creating TensorFlow device (/device:GPU:0) -> (device: 0, name: GeForce GTX TITAN X, pci bus id: 0000:04:00.0, compute capability: 5.2)
INFO::----step128000----
INFO::inception_score: (6.780085, 0.0)
INFO::inps_baseline: 6.638340794693861
2018-05-15 03:31:37.316140: I tensorflow/core/common_runtime/gpu/gpu_device.cc:1120] Creating TensorFlow device (/device:GPU:0) -> (device: 0, name: GeForce GTX TITAN X, pci bus id: 0000:04:00.0, compute capability: 5.2)
INFO::----step130000----
INFO::inception_score: (6.70849, 0.0)
INFO::inps_baseline: 6.652370614728478
2018-05-15 03:34:43.800575: I tensorflow/core/common_runtime/gpu/gpu_device.cc:1120] Creating TensorFlow device (/device:GPU:0) -> (device: 0, name: GeForce GTX TITAN X, pci bus id: 0000:04:00.0, compute capability: 5.2)
INFO::----step132000----
INFO::inception_score: (6.7878003, 0.0)
INFO::inps_baseline: 6.67945655419123
2018-05-15 03:37:52.222479: I tensorflow/core/common_runtime/gpu/gpu_device.cc:1120] Creating TensorFlow device (/device:GPU:0) -> (device: 0, name: GeForce GTX TITAN X, pci bus id: 0000:04:00.0, compute capability: 5.2)
INFO::----step134000----
INFO::inception_score: (6.7741203, 0.0)
INFO::inps_baseline: 6.698389309515093
2018-05-15 03:41:00.305207: I tensorflow/core/common_runtime/gpu/gpu_device.cc:1120] Creating TensorFlow device (/device:GPU:0) -> (device: 0, name: GeForce GTX TITAN X, pci bus id: 0000:04:00.0, compute capability: 5.2)
INFO::----step136000----
INFO::inception_score: (6.54377, 0.0)
INFO::inps_baseline: 6.667465414897231
2018-05-15 03:44:07.791702: I tensorflow/core/common_runtime/gpu/gpu_device.cc:1120] Creating TensorFlow device (/device:GPU:0) -> (device: 0, name: GeForce GTX TITAN X, pci bus id: 0000:04:00.0, compute capability: 5.2)
INFO::----step138000----
INFO::inception_score: (6.788471, 0.0)
INFO::inps_baseline: 6.69166657630255
2018-05-15 03:47:15.359782: I tensorflow/core/common_runtime/gpu/gpu_device.cc:1120] Creating TensorFlow device (/device:GPU:0) -> (device: 0, name: GeForce GTX TITAN X, pci bus id: 0000:04:00.0, compute capability: 5.2)
INFO::----step140000----
INFO::inception_score: (6.8356442, 0.0)
INFO::inps_baseline: 6.720462110071582
2018-05-15 03:50:23.160184: I tensorflow/core/common_runtime/gpu/gpu_device.cc:1120] Creating TensorFlow device (/device:GPU:0) -> (device: 0, name: GeForce GTX TITAN X, pci bus id: 0000:04:00.0, compute capability: 5.2)
INFO::----step142000----
INFO::inception_score: (6.756221, 0.0)
INFO::inps_baseline: 6.7276138515704496
2018-05-15 03:53:30.844273: I tensorflow/core/common_runtime/gpu/gpu_device.cc:1120] Creating TensorFlow device (/device:GPU:0) -> (device: 0, name: GeForce GTX TITAN X, pci bus id: 0000:04:00.0, compute capability: 5.2)
INFO::----step144000----
INFO::inception_score: (6.737464, 0.0)
INFO::inps_baseline: 6.729583871478527
2018-05-15 03:56:38.633372: I tensorflow/core/common_runtime/gpu/gpu_device.cc:1120] Creating TensorFlow device (/device:GPU:0) -> (device: 0, name: GeForce GTX TITAN X, pci bus id: 0000:04:00.0, compute capability: 5.2)
INFO::step: 146000, new best result: 6.740556821914268
INFO::Save model at /datasets/BigLearning/haowen/autoLoss/saved_models/h0-haowen6_05-15-06-09_gan_cifar10/model
INFO::----step146000----
INFO::inception_score: (6.7844486, 0.0)
INFO::inps_baseline: 6.740556821914268
2018-05-15 03:59:45.057825: I tensorflow/core/common_runtime/gpu/gpu_device.cc:1120] Creating TensorFlow device (/device:GPU:0) -> (device: 0, name: GeForce GTX TITAN X, pci bus id: 0000:04:00.0, compute capability: 5.2)
INFO::step: 148000, new best result: 6.760574710918866
INFO::Save model at /datasets/BigLearning/haowen/autoLoss/saved_models/h0-haowen6_05-15-06-09_gan_cifar10/model
INFO::----step148000----
INFO::inception_score: (6.8406463, 0.0)
INFO::inps_baseline: 6.760574710918866
2018-05-15 04:02:53.048574: I tensorflow/core/common_runtime/gpu/gpu_device.cc:1120] Creating TensorFlow device (/device:GPU:0) -> (device: 0, name: GeForce GTX TITAN X, pci bus id: 0000:04:00.0, compute capability: 5.2)
INFO::step: 150000, new best result: 6.78270855947606
INFO::Save model at /datasets/BigLearning/haowen/autoLoss/saved_models/h0-haowen6_05-15-06-09_gan_cifar10/model
INFO::----step150000----
INFO::inception_score: (6.871244, 0.0)
INFO::inps_baseline: 6.78270855947606
2018-05-15 04:06:01.343570: I tensorflow/core/common_runtime/gpu/gpu_device.cc:1120] Creating TensorFlow device (/device:GPU:0) -> (device: 0, name: GeForce GTX TITAN X, pci bus id: 0000:04:00.0, compute capability: 5.2)
INFO::----step152000----
INFO::inception_score: (6.7495103, 0.0)
INFO::inps_baseline: 6.776068905228553
2018-05-15 04:09:09.723864: I tensorflow/core/common_runtime/gpu/gpu_device.cc:1120] Creating TensorFlow device (/device:GPU:0) -> (device: 0, name: GeForce GTX TITAN X, pci bus id: 0000:04:00.0, compute capability: 5.2)
INFO::----step154000----
INFO::inception_score: (6.692076, 0.0)
INFO::inps_baseline: 6.759270365424298
2018-05-15 04:12:16.000950: I tensorflow/core/common_runtime/gpu/gpu_device.cc:1120] Creating TensorFlow device (/device:GPU:0) -> (device: 0, name: GeForce GTX TITAN X, pci bus id: 0000:04:00.0, compute capability: 5.2)
INFO::----step156000----
INFO::inception_score: (6.843315, 0.0)
INFO::inps_baseline: 6.776079317241782
2018-05-15 04:15:23.870491: I tensorflow/core/common_runtime/gpu/gpu_device.cc:1120] Creating TensorFlow device (/device:GPU:0) -> (device: 0, name: GeForce GTX TITAN X, pci bus id: 0000:04:00.0, compute capability: 5.2)
INFO::step: 158000, new best result: 6.789402119564911
INFO::Save model at /datasets/BigLearning/haowen/autoLoss/saved_models/h0-haowen6_05-15-06-09_gan_cifar10/model
INFO::----step158000----
INFO::inception_score: (6.8426933, 0.0)
INFO::inps_baseline: 6.789402119564911
2018-05-15 04:18:31.746477: I tensorflow/core/common_runtime/gpu/gpu_device.cc:1120] Creating TensorFlow device (/device:GPU:0) -> (device: 0, name: GeForce GTX TITAN X, pci bus id: 0000:04:00.0, compute capability: 5.2)
INFO::step: 160000, new best result: 6.797447675266186
INFO::Save model at /datasets/BigLearning/haowen/autoLoss/saved_models/h0-haowen6_05-15-06-09_gan_cifar10/model
INFO::----step160000----
INFO::inception_score: (6.82963, 0.0)
INFO::inps_baseline: 6.797447675266186
2018-05-15 04:21:40.155866: I tensorflow/core/common_runtime/gpu/gpu_device.cc:1120] Creating TensorFlow device (/device:GPU:0) -> (device: 0, name: GeForce GTX TITAN X, pci bus id: 0000:04:00.0, compute capability: 5.2)
INFO::----step162000----
INFO::inception_score: (6.741443, 0.0)
INFO::inps_baseline: 6.7862467716521575
2018-05-15 04:24:48.287105: I tensorflow/core/common_runtime/gpu/gpu_device.cc:1120] Creating TensorFlow device (/device:GPU:0) -> (device: 0, name: GeForce GTX TITAN X, pci bus id: 0000:04:00.0, compute capability: 5.2)
INFO::----step164000----
INFO::inception_score: (6.6794233, 0.0)
INFO::inps_baseline: 6.764882083764597
2018-05-15 04:27:56.067277: I tensorflow/core/common_runtime/gpu/gpu_device.cc:1120] Creating TensorFlow device (/device:GPU:0) -> (device: 0, name: GeForce GTX TITAN X, pci bus id: 0000:04:00.0, compute capability: 5.2)
INFO::----step166000----
INFO::inception_score: (6.729802, 0.0)
INFO::inps_baseline: 6.757866093342244
2018-05-15 04:31:04.135167: I tensorflow/core/common_runtime/gpu/gpu_device.cc:1120] Creating TensorFlow device (/device:GPU:0) -> (device: 0, name: GeForce GTX TITAN X, pci bus id: 0000:04:00.0, compute capability: 5.2)
INFO::----step168000----
INFO::inception_score: (6.8059077, 0.0)
INFO::inps_baseline: 6.7674744199313634
2018-05-15 04:34:12.159973: I tensorflow/core/common_runtime/gpu/gpu_device.cc:1120] Creating TensorFlow device (/device:GPU:0) -> (device: 0, name: GeForce GTX TITAN X, pci bus id: 0000:04:00.0, compute capability: 5.2)
INFO::----step170000----
INFO::inception_score: (6.8405957, 0.0)
INFO::inps_baseline: 6.782098680384788
2018-05-15 04:37:20.445570: I tensorflow/core/common_runtime/gpu/gpu_device.cc:1120] Creating TensorFlow device (/device:GPU:0) -> (device: 0, name: GeForce GTX TITAN X, pci bus id: 0000:04:00.0, compute capability: 5.2)
INFO::----step172000----
INFO::inception_score: (6.708052, 0.0)
INFO::inps_baseline: 6.767289375978973
2018-05-15 04:40:28.050516: I tensorflow/core/common_runtime/gpu/gpu_device.cc:1120] Creating TensorFlow device (/device:GPU:0) -> (device: 0, name: GeForce GTX TITAN X, pci bus id: 0000:04:00.0, compute capability: 5.2)
INFO::----step174000----
INFO::inception_score: (6.742628, 0.0)
INFO::inps_baseline: 6.762357120290014
2018-05-15 04:43:36.005319: I tensorflow/core/common_runtime/gpu/gpu_device.cc:1120] Creating TensorFlow device (/device:GPU:0) -> (device: 0, name: GeForce GTX TITAN X, pci bus id: 0000:04:00.0, compute capability: 5.2)
INFO::----step176000----
INFO::inception_score: (6.898245, 0.0)
INFO::inps_baseline: 6.789534667789629
2018-05-15 04:46:43.797620: I tensorflow/core/common_runtime/gpu/gpu_device.cc:1120] Creating TensorFlow device (/device:GPU:0) -> (device: 0, name: GeForce GTX TITAN X, pci bus id: 0000:04:00.0, compute capability: 5.2)
INFO::step: 178000, new best result: 6.800567133950942
INFO::Save model at /datasets/BigLearning/haowen/autoLoss/saved_models/h0-haowen6_05-15-06-09_gan_cifar10/model
INFO::----step178000----
INFO::inception_score: (6.844697, 0.0)
INFO::inps_baseline: 6.800567133950942
2018-05-15 04:49:51.441088: I tensorflow/core/common_runtime/gpu/gpu_device.cc:1120] Creating TensorFlow device (/device:GPU:0) -> (device: 0, name: GeForce GTX TITAN X, pci bus id: 0000:04:00.0, compute capability: 5.2)
INFO::----step180000----
INFO::inception_score: (6.58662, 0.0)
INFO::inps_baseline: 6.757777677955431
2018-05-15 04:52:59.262893: I tensorflow/core/common_runtime/gpu/gpu_device.cc:1120] Creating TensorFlow device (/device:GPU:0) -> (device: 0, name: GeForce GTX TITAN X, pci bus id: 0000:04:00.0, compute capability: 5.2)
INFO::----step182000----
INFO::inception_score: (6.8015294, 0.0)
INFO::inps_baseline: 6.7665280238645895
2018-05-15 04:56:05.663807: I tensorflow/core/common_runtime/gpu/gpu_device.cc:1120] Creating TensorFlow device (/device:GPU:0) -> (device: 0, name: GeForce GTX TITAN X, pci bus id: 0000:04:00.0, compute capability: 5.2)
INFO::----step184000----
INFO::inception_score: (6.826048, 0.0)
INFO::inps_baseline: 6.778431998559445
2018-05-15 04:59:13.251561: I tensorflow/core/common_runtime/gpu/gpu_device.cc:1120] Creating TensorFlow device (/device:GPU:0) -> (device: 0, name: GeForce GTX TITAN X, pci bus id: 0000:04:00.0, compute capability: 5.2)
INFO::step: 186000, new best result: 6.8145390406200175
INFO::Save model at /datasets/BigLearning/haowen/autoLoss/saved_models/h0-haowen6_05-15-06-09_gan_cifar10/model
INFO::----step186000----
INFO::inception_score: (6.958967, 0.0)
INFO::inps_baseline: 6.8145390406200175
2018-05-15 05:02:21.222771: I tensorflow/core/common_runtime/gpu/gpu_device.cc:1120] Creating TensorFlow device (/device:GPU:0) -> (device: 0, name: GeForce GTX TITAN X, pci bus id: 0000:04:00.0, compute capability: 5.2)
INFO::step: 188000, new best result: 6.845429965253582
INFO::Save model at /datasets/BigLearning/haowen/autoLoss/saved_models/h0-haowen6_05-15-06-09_gan_cifar10/model
INFO::----step188000----
INFO::inception_score: (6.9689937, 0.0)
INFO::inps_baseline: 6.845429965253582
2018-05-15 05:05:28.982630: I tensorflow/core/common_runtime/gpu/gpu_device.cc:1120] Creating TensorFlow device (/device:GPU:0) -> (device: 0, name: GeForce GTX TITAN X, pci bus id: 0000:04:00.0, compute capability: 5.2)
INFO::step: 190000, new best result: 6.854966408726303
INFO::Save model at /datasets/BigLearning/haowen/autoLoss/saved_models/h0-haowen6_05-15-06-09_gan_cifar10/model
INFO::----step190000----
INFO::inception_score: (6.893112, 0.0)
INFO::inps_baseline: 6.854966408726303
2018-05-15 05:08:36.820287: I tensorflow/core/common_runtime/gpu/gpu_device.cc:1120] Creating TensorFlow device (/device:GPU:0) -> (device: 0, name: GeForce GTX TITAN X, pci bus id: 0000:04:00.0, compute capability: 5.2)
INFO::step: 192000, new best result: 6.877433114621423
INFO::Save model at /datasets/BigLearning/haowen/autoLoss/saved_models/h0-haowen6_05-15-06-09_gan_cifar10/model
INFO::----step192000----
INFO::inception_score: (6.9673, 0.0)
INFO::inps_baseline: 6.877433114621423
2018-05-15 05:11:44.640869: I tensorflow/core/common_runtime/gpu/gpu_device.cc:1120] Creating TensorFlow device (/device:GPU:0) -> (device: 0, name: GeForce GTX TITAN X, pci bus id: 0000:04:00.0, compute capability: 5.2)
INFO::----step194000----
INFO::inception_score: (6.674539, 0.0)
INFO::inps_baseline: 6.836854309537715
2018-05-15 05:14:52.116245: I tensorflow/core/common_runtime/gpu/gpu_device.cc:1120] Creating TensorFlow device (/device:GPU:0) -> (device: 0, name: GeForce GTX TITAN X, pci bus id: 0000:04:00.0, compute capability: 5.2)
INFO::----step196000----
INFO::inception_score: (6.8263016, 0.0)
INFO::inps_baseline: 6.834743762571579
2018-05-15 05:17:59.629505: I tensorflow/core/common_runtime/gpu/gpu_device.cc:1120] Creating TensorFlow device (/device:GPU:0) -> (device: 0, name: GeForce GTX TITAN X, pci bus id: 0000:04:00.0, compute capability: 5.2)
INFO::----step198000----
INFO::inception_score: (6.643635, 0.0)
INFO::inps_baseline: 6.796521969285779
2018-05-15 05:21:07.131539: I tensorflow/core/common_runtime/gpu/gpu_device.cc:1120] Creating TensorFlow device (/device:GPU:0) -> (device: 0, name: GeForce GTX TITAN X, pci bus id: 0000:04:00.0, compute capability: 5.2)
INFO::----step200000----
INFO::inception_score: (6.7141914, 0.0)
INFO::inps_baseline: 6.780055862782139
2018-05-15 05:24:14.492510: I tensorflow/core/common_runtime/gpu/gpu_device.cc:1120] Creating TensorFlow device (/device:GPU:0) -> (device: 0, name: GeForce GTX TITAN X, pci bus id: 0000:04:00.0, compute capability: 5.2)
INFO::----step202000----
INFO::inception_score: (6.8232245, 0.0)
INFO::inps_baseline: 6.78868959913074
2018-05-15 05:27:22.162253: I tensorflow/core/common_runtime/gpu/gpu_device.cc:1120] Creating TensorFlow device (/device:GPU:0) -> (device: 0, name: GeForce GTX TITAN X, pci bus id: 0000:04:00.0, compute capability: 5.2)
INFO::----step204000----
INFO::inception_score: (6.815851, 0.0)
INFO::inps_baseline: 6.794121921614162
2018-05-15 05:30:29.786303: I tensorflow/core/common_runtime/gpu/gpu_device.cc:1120] Creating TensorFlow device (/device:GPU:0) -> (device: 0, name: GeForce GTX TITAN X, pci bus id: 0000:04:00.0, compute capability: 5.2)
INFO::----step206000----
INFO::inception_score: (6.8962674, 0.0)
INFO::inps_baseline: 6.814551020109933
2018-05-15 05:33:37.369754: I tensorflow/core/common_runtime/gpu/gpu_device.cc:1120] Creating TensorFlow device (/device:GPU:0) -> (device: 0, name: GeForce GTX TITAN X, pci bus id: 0000:04:00.0, compute capability: 5.2)
INFO::----step208000----
INFO::inception_score: (6.8018084, 0.0)
INFO::inps_baseline: 6.8120024875357
2018-05-15 05:36:45.264188: I tensorflow/core/common_runtime/gpu/gpu_device.cc:1120] Creating TensorFlow device (/device:GPU:0) -> (device: 0, name: GeForce GTX TITAN X, pci bus id: 0000:04:00.0, compute capability: 5.2)
INFO::----step210000----
INFO::inception_score: (6.883745, 0.0)
INFO::inps_baseline: 6.82635102872485
2018-05-15 05:39:53.125862: I tensorflow/core/common_runtime/gpu/gpu_device.cc:1120] Creating TensorFlow device (/device:GPU:0) -> (device: 0, name: GeForce GTX TITAN X, pci bus id: 0000:04:00.0, compute capability: 5.2)
INFO::----step212000----
INFO::inception_score: (6.771654, 0.0)
INFO::inps_baseline: 6.8154116487855445
2018-05-15 05:43:01.033936: I tensorflow/core/common_runtime/gpu/gpu_device.cc:1120] Creating TensorFlow device (/device:GPU:0) -> (device: 0, name: GeForce GTX TITAN X, pci bus id: 0000:04:00.0, compute capability: 5.2)
INFO::----step214000----
INFO::inception_score: (6.7626834, 0.0)
INFO::inps_baseline: 6.804865997342645
2018-05-15 05:46:08.846363: I tensorflow/core/common_runtime/gpu/gpu_device.cc:1120] Creating TensorFlow device (/device:GPU:0) -> (device: 0, name: GeForce GTX TITAN X, pci bus id: 0000:04:00.0, compute capability: 5.2)
INFO::----step216000----
INFO::inception_score: (6.7677665, 0.0)
INFO::inps_baseline: 6.797446093009615
2018-05-15 05:49:16.410393: I tensorflow/core/common_runtime/gpu/gpu_device.cc:1120] Creating TensorFlow device (/device:GPU:0) -> (device: 0, name: GeForce GTX TITAN X, pci bus id: 0000:04:00.0, compute capability: 5.2)
INFO::----step218000----
INFO::inception_score: (6.973479, 0.0)
INFO::inps_baseline: 6.832652633227273
2018-05-15 05:52:24.152005: I tensorflow/core/common_runtime/gpu/gpu_device.cc:1120] Creating TensorFlow device (/device:GPU:0) -> (device: 0, name: GeForce GTX TITAN X, pci bus id: 0000:04:00.0, compute capability: 5.2)
INFO::----step220000----
INFO::inception_score: (6.854451, 0.0)
INFO::inps_baseline: 6.837012342482697
2018-05-15 05:55:31.837944: I tensorflow/core/common_runtime/gpu/gpu_device.cc:1120] Creating TensorFlow device (/device:GPU:0) -> (device: 0, name: GeForce GTX TITAN X, pci bus id: 0000:04:00.0, compute capability: 5.2)
INFO::----step222000----
INFO::inception_score: (6.874123, 0.0)
INFO::inps_baseline: 6.844434493279371
2018-05-15 05:58:39.808394: I tensorflow/core/common_runtime/gpu/gpu_device.cc:1120] Creating TensorFlow device (/device:GPU:0) -> (device: 0, name: GeForce GTX TITAN X, pci bus id: 0000:04:00.0, compute capability: 5.2)
INFO::----step224000----
INFO::inception_score: (6.937974, 0.0)
INFO::inps_baseline: 6.863142389850547
2018-05-15 06:01:47.689719: I tensorflow/core/common_runtime/gpu/gpu_device.cc:1120] Creating TensorFlow device (/device:GPU:0) -> (device: 0, name: GeForce GTX TITAN X, pci bus id: 0000:04:00.0, compute capability: 5.2)
INFO::----step226000----
INFO::inception_score: (6.9209113, 0.0)
INFO::inps_baseline: 6.874696174301092
2018-05-15 06:04:55.824989: I tensorflow/core/common_runtime/gpu/gpu_device.cc:1120] Creating TensorFlow device (/device:GPU:0) -> (device: 0, name: GeForce GTX TITAN X, pci bus id: 0000:04:00.0, compute capability: 5.2)
INFO::----step228000----
INFO::inception_score: (6.7658515, 0.0)
INFO::inps_baseline: 6.852927238970903
2018-05-15 06:08:04.287099: I tensorflow/core/common_runtime/gpu/gpu_device.cc:1120] Creating TensorFlow device (/device:GPU:0) -> (device: 0, name: GeForce GTX TITAN X, pci bus id: 0000:04:00.0, compute capability: 5.2)
INFO::----step230000----
INFO::inception_score: (6.7600155, 0.0)
INFO::inps_baseline: 6.834344888710902
2018-05-15 06:11:12.374466: I tensorflow/core/common_runtime/gpu/gpu_device.cc:1120] Creating TensorFlow device (/device:GPU:0) -> (device: 0, name: GeForce GTX TITAN X, pci bus id: 0000:04:00.0, compute capability: 5.2)
INFO::----step232000----
INFO::inception_score: (6.812832, 0.0)
INFO::inps_baseline: 6.830042286701143
2018-05-15 06:14:20.602635: I tensorflow/core/common_runtime/gpu/gpu_device.cc:1120] Creating TensorFlow device (/device:GPU:0) -> (device: 0, name: GeForce GTX TITAN X, pci bus id: 0000:04:00.0, compute capability: 5.2)
INFO::----step234000----
INFO::inception_score: (6.811124, 0.0)
INFO::inps_baseline: 6.826258598953199
2018-05-15 06:17:28.690210: I tensorflow/core/common_runtime/gpu/gpu_device.cc:1120] Creating TensorFlow device (/device:GPU:0) -> (device: 0, name: GeForce GTX TITAN X, pci bus id: 0000:04:00.0, compute capability: 5.2)
INFO::----step236000----
INFO::inception_score: (6.688963, 0.0)
INFO::inps_baseline: 6.7987994664428335
2018-05-15 06:20:36.713332: I tensorflow/core/common_runtime/gpu/gpu_device.cc:1120] Creating TensorFlow device (/device:GPU:0) -> (device: 0, name: GeForce GTX TITAN X, pci bus id: 0000:04:00.0, compute capability: 5.2)
INFO::----step238000----
INFO::inception_score: (6.914352, 0.0)
INFO::inps_baseline: 6.821909961185273
2018-05-15 06:23:44.832289: I tensorflow/core/common_runtime/gpu/gpu_device.cc:1120] Creating TensorFlow device (/device:GPU:0) -> (device: 0, name: GeForce GTX TITAN X, pci bus id: 0000:04:00.0, compute capability: 5.2)
INFO::----step240000----
INFO::inception_score: (6.7029676, 0.0)
INFO::inps_baseline: 6.798121497695778
2018-05-15 06:26:52.826701: I tensorflow/core/common_runtime/gpu/gpu_device.cc:1120] Creating TensorFlow device (/device:GPU:0) -> (device: 0, name: GeForce GTX TITAN X, pci bus id: 0000:04:00.0, compute capability: 5.2)
INFO::----step242000----
INFO::inception_score: (6.742328, 0.0)
INFO::inps_baseline: 6.786962831548957
2018-05-15 06:30:00.959343: I tensorflow/core/common_runtime/gpu/gpu_device.cc:1120] Creating TensorFlow device (/device:GPU:0) -> (device: 0, name: GeForce GTX TITAN X, pci bus id: 0000:04:00.0, compute capability: 5.2)
INFO::----step244000----
INFO::inception_score: (6.707968, 0.0)
INFO::inps_baseline: 6.771163912242339
2018-05-15 06:33:09.005436: I tensorflow/core/common_runtime/gpu/gpu_device.cc:1120] Creating TensorFlow device (/device:GPU:0) -> (device: 0, name: GeForce GTX TITAN X, pci bus id: 0000:04:00.0, compute capability: 5.2)
INFO::----step246000----
INFO::inception_score: (6.840638, 0.0)
INFO::inps_baseline: 6.785058761934985
2018-05-15 06:36:17.038263: I tensorflow/core/common_runtime/gpu/gpu_device.cc:1120] Creating TensorFlow device (/device:GPU:0) -> (device: 0, name: GeForce GTX TITAN X, pci bus id: 0000:04:00.0, compute capability: 5.2)
INFO::----step248000----
INFO::inception_score: (7.0417905, 0.0)
INFO::inps_baseline: 6.8364051066244045
2018-05-15 06:39:25.002295: I tensorflow/core/common_runtime/gpu/gpu_device.cc:1120] Creating TensorFlow device (/device:GPU:0) -> (device: 0, name: GeForce GTX TITAN X, pci bus id: 0000:04:00.0, compute capability: 5.2)
INFO::step: 250000, new best result: 6.88675084768966
INFO::Save model at /datasets/BigLearning/haowen/autoLoss/saved_models/h0-haowen6_05-15-06-09_gan_cifar10/model
INFO::----step250000----
INFO::inception_score: (7.088134, 0.0)
INFO::inps_baseline: 6.88675084768966
2018-05-15 06:42:33.018219: I tensorflow/core/common_runtime/gpu/gpu_device.cc:1120] Creating TensorFlow device (/device:GPU:0) -> (device: 0, name: GeForce GTX TITAN X, pci bus id: 0000:04:00.0, compute capability: 5.2)
INFO::----step252000----
INFO::inception_score: (6.803447, 0.0)
INFO::inps_baseline: 6.870090032094598
2018-05-15 06:45:40.850892: I tensorflow/core/common_runtime/gpu/gpu_device.cc:1120] Creating TensorFlow device (/device:GPU:0) -> (device: 0, name: GeForce GTX TITAN X, pci bus id: 0000:04:00.0, compute capability: 5.2)
INFO::----step254000----
INFO::inception_score: (6.860994, 0.0)
INFO::inps_baseline: 6.868270798106099
2018-05-15 06:48:48.149952: I tensorflow/core/common_runtime/gpu/gpu_device.cc:1120] Creating TensorFlow device (/device:GPU:0) -> (device: 0, name: GeForce GTX TITAN X, pci bus id: 0000:04:00.0, compute capability: 5.2)
INFO::step: 256000, new best result: 6.894391952815934
INFO::Save model at /datasets/BigLearning/haowen/autoLoss/saved_models/h0-haowen6_05-15-06-09_gan_cifar10/model
INFO::----step256000----
INFO::inception_score: (6.9988766, 0.0)
INFO::inps_baseline: 6.894391952815934
2018-05-15 06:51:55.996225: I tensorflow/core/common_runtime/gpu/gpu_device.cc:1120] Creating TensorFlow device (/device:GPU:0) -> (device: 0, name: GeForce GTX TITAN X, pci bus id: 0000:04:00.0, compute capability: 5.2)
INFO::----step258000----
INFO::inception_score: (6.619214, 0.0)
INFO::inps_baseline: 6.83935637383722
2018-05-15 06:55:03.505670: I tensorflow/core/common_runtime/gpu/gpu_device.cc:1120] Creating TensorFlow device (/device:GPU:0) -> (device: 0, name: GeForce GTX TITAN X, pci bus id: 0000:04:00.0, compute capability: 5.2)
INFO::----step260000----
INFO::inception_score: (7.005423, 0.0)
INFO::inps_baseline: 6.872569712869826
2018-05-15 06:58:11.057098: I tensorflow/core/common_runtime/gpu/gpu_device.cc:1120] Creating TensorFlow device (/device:GPU:0) -> (device: 0, name: GeForce GTX TITAN X, pci bus id: 0000:04:00.0, compute capability: 5.2)
INFO::----step262000----
INFO::inception_score: (6.796779, 0.0)
INFO::inps_baseline: 6.8574116014421005
2018-05-15 07:01:18.942884: I tensorflow/core/common_runtime/gpu/gpu_device.cc:1120] Creating TensorFlow device (/device:GPU:0) -> (device: 0, name: GeForce GTX TITAN X, pci bus id: 0000:04:00.0, compute capability: 5.2)
INFO::----step264000----
INFO::inception_score: (6.866472, 0.0)
INFO::inps_baseline: 6.859223634638788
2018-05-15 07:04:26.646848: I tensorflow/core/common_runtime/gpu/gpu_device.cc:1120] Creating TensorFlow device (/device:GPU:0) -> (device: 0, name: GeForce GTX TITAN X, pci bus id: 0000:04:00.0, compute capability: 5.2)
INFO::----step266000----
INFO::inception_score: (6.825583, 0.0)
INFO::inps_baseline: 6.852495503932954
2018-05-15 07:07:34.795228: I tensorflow/core/common_runtime/gpu/gpu_device.cc:1120] Creating TensorFlow device (/device:GPU:0) -> (device: 0, name: GeForce GTX TITAN X, pci bus id: 0000:04:00.0, compute capability: 5.2)
INFO::----step268000----
INFO::inception_score: (6.840776, 0.0)
INFO::inps_baseline: 6.8501515964752215
2018-05-15 07:10:42.975353: I tensorflow/core/common_runtime/gpu/gpu_device.cc:1120] Creating TensorFlow device (/device:GPU:0) -> (device: 0, name: GeForce GTX TITAN X, pci bus id: 0000:04:00.0, compute capability: 5.2)
INFO::----step270000----
INFO::inception_score: (6.8533273, 0.0)
INFO::inps_baseline: 6.850786732044679
2018-05-15 07:13:50.962325: I tensorflow/core/common_runtime/gpu/gpu_device.cc:1120] Creating TensorFlow device (/device:GPU:0) -> (device: 0, name: GeForce GTX TITAN X, pci bus id: 0000:04:00.0, compute capability: 5.2)
INFO::----step272000----
INFO::inception_score: (6.823924, 0.0)
INFO::inps_baseline: 6.84541419856299
2018-05-15 07:16:59.332088: I tensorflow/core/common_runtime/gpu/gpu_device.cc:1120] Creating TensorFlow device (/device:GPU:0) -> (device: 0, name: GeForce GTX TITAN X, pci bus id: 0000:04:00.0, compute capability: 5.2)
INFO::step: 274000, new best result: 6.8944643315676775
INFO::Save model at /datasets/BigLearning/haowen/autoLoss/saved_models/h0-haowen6_05-15-06-09_gan_cifar10/model
INFO::----step274000----
INFO::inception_score: (7.090665, 0.0)
INFO::inps_baseline: 6.8944643315676775
2018-05-15 07:20:08.196376: I tensorflow/core/common_runtime/gpu/gpu_device.cc:1120] Creating TensorFlow device (/device:GPU:0) -> (device: 0, name: GeForce GTX TITAN X, pci bus id: 0000:04:00.0, compute capability: 5.2)
INFO::----step276000----
INFO::inception_score: (6.842823, 0.0)
INFO::inps_baseline: 6.884136070967033
2018-05-15 07:23:16.750357: I tensorflow/core/common_runtime/gpu/gpu_device.cc:1120] Creating TensorFlow device (/device:GPU:0) -> (device: 0, name: GeForce GTX TITAN X, pci bus id: 0000:04:00.0, compute capability: 5.2)
INFO::step: 278000, new best result: 6.913938419151556
INFO::Save model at /datasets/BigLearning/haowen/autoLoss/saved_models/h0-haowen6_05-15-06-09_gan_cifar10/model
INFO::----step278000----
INFO::inception_score: (7.033148, 0.0)
INFO::inps_baseline: 6.913938419151556
2018-05-15 07:26:25.551938: I tensorflow/core/common_runtime/gpu/gpu_device.cc:1120] Creating TensorFlow device (/device:GPU:0) -> (device: 0, name: GeForce GTX TITAN X, pci bus id: 0000:04:00.0, compute capability: 5.2)
INFO::----step280000----
INFO::inception_score: (6.8454323, 0.0)
INFO::inps_baseline: 6.900237191620073
2018-05-15 07:29:32.283457: I tensorflow/core/common_runtime/gpu/gpu_device.cc:1120] Creating TensorFlow device (/device:GPU:0) -> (device: 0, name: GeForce GTX TITAN X, pci bus id: 0000:04:00.0, compute capability: 5.2)
INFO::----step282000----
INFO::inception_score: (6.9460964, 0.0)
INFO::inps_baseline: 6.909409037353676
2018-05-15 07:32:40.714525: I tensorflow/core/common_runtime/gpu/gpu_device.cc:1120] Creating TensorFlow device (/device:GPU:0) -> (device: 0, name: GeForce GTX TITAN X, pci bus id: 0000:04:00.0, compute capability: 5.2)
INFO::step: 284000, new best result: 6.950288860894904
INFO::Save model at /datasets/BigLearning/haowen/autoLoss/saved_models/h0-haowen6_05-15-06-09_gan_cifar10/model
INFO::----step284000----
INFO::inception_score: (7.113808, 0.0)
INFO::inps_baseline: 6.950288860894904
2018-05-15 07:35:49.537500: I tensorflow/core/common_runtime/gpu/gpu_device.cc:1120] Creating TensorFlow device (/device:GPU:0) -> (device: 0, name: GeForce GTX TITAN X, pci bus id: 0000:04:00.0, compute capability: 5.2)
INFO::----step286000----
INFO::inception_score: (6.918986, 0.0)
INFO::inps_baseline: 6.944028257447613
2018-05-15 07:38:56.401833: I tensorflow/core/common_runtime/gpu/gpu_device.cc:1120] Creating TensorFlow device (/device:GPU:0) -> (device: 0, name: GeForce GTX TITAN X, pci bus id: 0000:04:00.0, compute capability: 5.2)
INFO::----step288000----
INFO::inception_score: (6.7989507, 0.0)
INFO::inps_baseline: 6.915012740388022
2018-05-15 07:42:04.927978: I tensorflow/core/common_runtime/gpu/gpu_device.cc:1120] Creating TensorFlow device (/device:GPU:0) -> (device: 0, name: GeForce GTX TITAN X, pci bus id: 0000:04:00.0, compute capability: 5.2)
INFO::----step290000----
INFO::inception_score: (5.7877026, 0.0)
INFO::inps_baseline: 6.689550704395378
2018-05-15 07:45:13.413993: I tensorflow/core/common_runtime/gpu/gpu_device.cc:1120] Creating TensorFlow device (/device:GPU:0) -> (device: 0, name: GeForce GTX TITAN X, pci bus id: 0000:04:00.0, compute capability: 5.2)
INFO::----step292000----
INFO::inception_score: (6.4524236, 0.0)
INFO::inps_baseline: 6.642125278024359
2018-05-15 07:48:22.230147: I tensorflow/core/common_runtime/gpu/gpu_device.cc:1120] Creating TensorFlow device (/device:GPU:0) -> (device: 0, name: GeForce GTX TITAN X, pci bus id: 0000:04:00.0, compute capability: 5.2)
INFO::----step294000----
INFO::inception_score: (6.087017, 0.0)
INFO::inps_baseline: 6.531103634284722
2018-05-15 07:51:30.797711: I tensorflow/core/common_runtime/gpu/gpu_device.cc:1120] Creating TensorFlow device (/device:GPU:0) -> (device: 0, name: GeForce GTX TITAN X, pci bus id: 0000:04:00.0, compute capability: 5.2)
INFO::----step296000----
INFO::inception_score: (6.0343466, 0.0)
INFO::inps_baseline: 6.431752223528852
2018-05-15 07:54:38.746220: I tensorflow/core/common_runtime/gpu/gpu_device.cc:1120] Creating TensorFlow device (/device:GPU:0) -> (device: 0, name: GeForce GTX TITAN X, pci bus id: 0000:04:00.0, compute capability: 5.2)
INFO::----step298000----
INFO::inception_score: (6.4165635, 0.0)
INFO::inps_baseline: 6.428714481002037
2018-05-15 07:57:46.003792: I tensorflow/core/common_runtime/gpu/gpu_device.cc:1120] Creating TensorFlow device (/device:GPU:0) -> (device: 0, name: GeForce GTX TITAN X, pci bus id: 0000:04:00.0, compute capability: 5.2)
INFO::----step300000----
INFO::inception_score: (6.457259, 0.0)
INFO::inps_baseline: 6.434423420433953
2018-05-15 08:00:51.616154: I tensorflow/core/common_runtime/gpu/gpu_device.cc:1120] Creating TensorFlow device (/device:GPU:0) -> (device: 0, name: GeForce GTX TITAN X, pci bus id: 0000:04:00.0, compute capability: 5.2)
INFO::----step302000----
INFO::inception_score: (6.2160726, 0.0)
INFO::inps_baseline: 6.3907532482185
2018-05-15 08:03:59.285688: I tensorflow/core/common_runtime/gpu/gpu_device.cc:1120] Creating TensorFlow device (/device:GPU:0) -> (device: 0, name: GeForce GTX TITAN X, pci bus id: 0000:04:00.0, compute capability: 5.2)
INFO::----step304000----
INFO::inception_score: (6.500368, 0.0)
INFO::inps_baseline: 6.412676222232027
2018-05-15 08:07:07.065161: I tensorflow/core/common_runtime/gpu/gpu_device.cc:1120] Creating TensorFlow device (/device:GPU:0) -> (device: 0, name: GeForce GTX TITAN X, pci bus id: 0000:04:00.0, compute capability: 5.2)
INFO::----step306000----
INFO::inception_score: (6.3780656, 0.0)
INFO::inps_baseline: 6.40575409500364
2018-05-15 08:10:15.109983: I tensorflow/core/common_runtime/gpu/gpu_device.cc:1120] Creating TensorFlow device (/device:GPU:0) -> (device: 0, name: GeForce GTX TITAN X, pci bus id: 0000:04:00.0, compute capability: 5.2)
INFO::----step308000----
INFO::inception_score: (6.227179, 0.0)
INFO::inps_baseline: 6.370039086092023
2018-05-15 08:13:22.623389: I tensorflow/core/common_runtime/gpu/gpu_device.cc:1120] Creating TensorFlow device (/device:GPU:0) -> (device: 0, name: GeForce GTX TITAN X, pci bus id: 0000:04:00.0, compute capability: 5.2)
INFO::----step310000----
INFO::inception_score: (6.664372, 0.0)
INFO::inps_baseline: 6.428905662336753
2018-05-15 08:16:30.200076: I tensorflow/core/common_runtime/gpu/gpu_device.cc:1120] Creating TensorFlow device (/device:GPU:0) -> (device: 0, name: GeForce GTX TITAN X, pci bus id: 0000:04:00.0, compute capability: 5.2)
INFO::----step312000----
INFO::inception_score: (6.2992997, 0.0)
INFO::inps_baseline: 6.402984473259295
2018-05-15 08:19:37.589082: I tensorflow/core/common_runtime/gpu/gpu_device.cc:1120] Creating TensorFlow device (/device:GPU:0) -> (device: 0, name: GeForce GTX TITAN X, pci bus id: 0000:04:00.0, compute capability: 5.2)
INFO::----step314000----
INFO::inception_score: (6.346088, 0.0)
INFO::inps_baseline: 6.39160516512477
2018-05-15 08:22:45.785279: I tensorflow/core/common_runtime/gpu/gpu_device.cc:1120] Creating TensorFlow device (/device:GPU:0) -> (device: 0, name: GeForce GTX TITAN X, pci bus id: 0000:04:00.0, compute capability: 5.2)
INFO::----step316000----
INFO::inception_score: (6.0930204, 0.0)
INFO::inps_baseline: 6.331888219929406
2018-05-15 08:25:53.718424: I tensorflow/core/common_runtime/gpu/gpu_device.cc:1120] Creating TensorFlow device (/device:GPU:0) -> (device: 0, name: GeForce GTX TITAN X, pci bus id: 0000:04:00.0, compute capability: 5.2)
INFO::----step318000----
INFO::inception_score: (6.307779, 0.0)
INFO::inps_baseline: 6.327066343002851
2018-05-15 08:29:02.313845: I tensorflow/core/common_runtime/gpu/gpu_device.cc:1120] Creating TensorFlow device (/device:GPU:0) -> (device: 0, name: GeForce GTX TITAN X, pci bus id: 0000:04:00.0, compute capability: 5.2)
INFO::----step320000----
INFO::inception_score: (6.5834994, 0.0)
INFO::inps_baseline: 6.378352960724302
2018-05-15 08:32:10.841378: I tensorflow/core/common_runtime/gpu/gpu_device.cc:1120] Creating TensorFlow device (/device:GPU:0) -> (device: 0, name: GeForce GTX TITAN X, pci bus id: 0000:04:00.0, compute capability: 5.2)
INFO::----step322000----
INFO::inception_score: (6.2432814, 0.0)
INFO::inps_baseline: 6.351338641467626
2018-05-15 08:35:19.523969: I tensorflow/core/common_runtime/gpu/gpu_device.cc:1120] Creating TensorFlow device (/device:GPU:0) -> (device: 0, name: GeForce GTX TITAN X, pci bus id: 0000:04:00.0, compute capability: 5.2)
INFO::----step324000----
INFO::inception_score: (6.212261, 0.0)
INFO::inps_baseline: 6.323523153164335
2018-05-15 08:38:28.040458: I tensorflow/core/common_runtime/gpu/gpu_device.cc:1120] Creating TensorFlow device (/device:GPU:0) -> (device: 0, name: GeForce GTX TITAN X, pci bus id: 0000:04:00.0, compute capability: 5.2)
INFO::----step326000----
INFO::inception_score: (6.4670773, 0.0)
INFO::inps_baseline: 6.3522339735812725
2018-05-15 08:41:36.910323: I tensorflow/core/common_runtime/gpu/gpu_device.cc:1120] Creating TensorFlow device (/device:GPU:0) -> (device: 0, name: GeForce GTX TITAN X, pci bus id: 0000:04:00.0, compute capability: 5.2)
INFO::----step328000----
INFO::inception_score: (6.0257077, 0.0)
INFO::inps_baseline: 6.286928723207059
2018-05-15 08:44:45.088231: I tensorflow/core/common_runtime/gpu/gpu_device.cc:1120] Creating TensorFlow device (/device:GPU:0) -> (device: 0, name: GeForce GTX TITAN X, pci bus id: 0000:04:00.0, compute capability: 5.2)
INFO::----step330000----
INFO::inception_score: (6.071283, 0.0)
INFO::inps_baseline: 6.243799551289036
2018-05-15 08:47:53.859563: I tensorflow/core/common_runtime/gpu/gpu_device.cc:1120] Creating TensorFlow device (/device:GPU:0) -> (device: 0, name: GeForce GTX TITAN X, pci bus id: 0000:04:00.0, compute capability: 5.2)
INFO::----step332000----
INFO::inception_score: (6.166233, 0.0)
INFO::inps_baseline: 6.228286253580057
2018-05-15 08:51:02.531464: I tensorflow/core/common_runtime/gpu/gpu_device.cc:1120] Creating TensorFlow device (/device:GPU:0) -> (device: 0, name: GeForce GTX TITAN X, pci bus id: 0000:04:00.0, compute capability: 5.2)
INFO::----step334000----
INFO::inception_score: (6.2901893, 0.0)
INFO::inps_baseline: 6.240666856105013
2018-05-15 08:54:11.289435: I tensorflow/core/common_runtime/gpu/gpu_device.cc:1120] Creating TensorFlow device (/device:GPU:0) -> (device: 0, name: GeForce GTX TITAN X, pci bus id: 0000:04:00.0, compute capability: 5.2)
INFO::----step336000----
INFO::inception_score: (6.48724, 0.0)
INFO::inps_baseline: 6.289981452413307
2018-05-15 08:57:19.344271: I tensorflow/core/common_runtime/gpu/gpu_device.cc:1120] Creating TensorFlow device (/device:GPU:0) -> (device: 0, name: GeForce GTX TITAN X, pci bus id: 0000:04:00.0, compute capability: 5.2)
INFO::----step338000----
INFO::inception_score: (6.3301, 0.0)
INFO::inps_baseline: 6.2980051738325
2018-05-15 09:00:27.417121: I tensorflow/core/common_runtime/gpu/gpu_device.cc:1120] Creating TensorFlow device (/device:GPU:0) -> (device: 0, name: GeForce GTX TITAN X, pci bus id: 0000:04:00.0, compute capability: 5.2)
INFO::----step340000----
INFO::inception_score: (6.515467, 0.0)
INFO::inps_baseline: 6.341497572446127
2018-05-15 09:03:33.189357: I tensorflow/core/common_runtime/gpu/gpu_device.cc:1120] Creating TensorFlow device (/device:GPU:0) -> (device: 0, name: GeForce GTX TITAN X, pci bus id: 0000:04:00.0, compute capability: 5.2)
INFO::----step342000----
INFO::inception_score: (6.380886, 0.0)
INFO::inps_baseline: 6.349375273533074
2018-05-15 09:06:41.140295: I tensorflow/core/common_runtime/gpu/gpu_device.cc:1120] Creating TensorFlow device (/device:GPU:0) -> (device: 0, name: GeForce GTX TITAN X, pci bus id: 0000:04:00.0, compute capability: 5.2)
INFO::----step344000----
INFO::inception_score: (6.394689, 0.0)
INFO::inps_baseline: 6.358438035446333
2018-05-15 09:09:49.233490: I tensorflow/core/common_runtime/gpu/gpu_device.cc:1120] Creating TensorFlow device (/device:GPU:0) -> (device: 0, name: GeForce GTX TITAN X, pci bus id: 0000:04:00.0, compute capability: 5.2)
INFO::----step346000----
INFO::inception_score: (6.6358914, 0.0)
INFO::inps_baseline: 6.41392871586317
2018-05-15 09:12:57.041820: I tensorflow/core/common_runtime/gpu/gpu_device.cc:1120] Creating TensorFlow device (/device:GPU:0) -> (device: 0, name: GeForce GTX TITAN X, pci bus id: 0000:04:00.0, compute capability: 5.2)
INFO::----step348000----
INFO::inception_score: (6.5426087, 0.0)
INFO::inps_baseline: 6.439664720279648
2018-05-15 09:16:04.786769: I tensorflow/core/common_runtime/gpu/gpu_device.cc:1120] Creating TensorFlow device (/device:GPU:0) -> (device: 0, name: GeForce GTX TITAN X, pci bus id: 0000:04:00.0, compute capability: 5.2)
INFO::----step350000----
INFO::inception_score: (6.482572, 0.0)
INFO::inps_baseline: 6.448246191964685
2018-05-15 09:19:13.109805: I tensorflow/core/common_runtime/gpu/gpu_device.cc:1120] Creating TensorFlow device (/device:GPU:0) -> (device: 0, name: GeForce GTX TITAN X, pci bus id: 0000:04:00.0, compute capability: 5.2)
INFO::----step352000----
INFO::inception_score: (6.564568, 0.0)
INFO::inps_baseline: 6.4715105621227735
2018-05-15 09:22:21.513242: I tensorflow/core/common_runtime/gpu/gpu_device.cc:1120] Creating TensorFlow device (/device:GPU:0) -> (device: 0, name: GeForce GTX TITAN X, pci bus id: 0000:04:00.0, compute capability: 5.2)
INFO::----step354000----
INFO::inception_score: (7.1808286, 0.0)
INFO::inps_baseline: 6.613374163962135
2018-05-15 09:25:29.564066: I tensorflow/core/common_runtime/gpu/gpu_device.cc:1120] Creating TensorFlow device (/device:GPU:0) -> (device: 0, name: GeForce GTX TITAN X, pci bus id: 0000:04:00.0, compute capability: 5.2)
INFO::----step356000----
INFO::inception_score: (6.6779337, 0.0)
INFO::inps_baseline: 6.626286069756134
2018-05-15 09:28:38.180596: I tensorflow/core/common_runtime/gpu/gpu_device.cc:1120] Creating TensorFlow device (/device:GPU:0) -> (device: 0, name: GeForce GTX TITAN X, pci bus id: 0000:04:00.0, compute capability: 5.2)
INFO::----step358000----
INFO::inception_score: (6.4434867, 0.0)
INFO::inps_baseline: 6.589726193909155
2018-05-15 09:31:46.717689: I tensorflow/core/common_runtime/gpu/gpu_device.cc:1120] Creating TensorFlow device (/device:GPU:0) -> (device: 0, name: GeForce GTX TITAN X, pci bus id: 0000:04:00.0, compute capability: 5.2)
INFO::----step360000----
INFO::inception_score: (6.3620543, 0.0)
INFO::inps_baseline: 6.544191824725713
2018-05-15 09:34:53.017831: I tensorflow/core/common_runtime/gpu/gpu_device.cc:1120] Creating TensorFlow device (/device:GPU:0) -> (device: 0, name: GeForce GTX TITAN X, pci bus id: 0000:04:00.0, compute capability: 5.2)
INFO::----step362000----
INFO::inception_score: (6.4618993, 0.0)
INFO::inps_baseline: 6.52773331589019
2018-05-15 09:38:04.758766: I tensorflow/core/common_runtime/gpu/gpu_device.cc:1120] Creating TensorFlow device (/device:GPU:0) -> (device: 0, name: GeForce GTX TITAN X, pci bus id: 0000:04:00.0, compute capability: 5.2)
INFO::----step364000----
INFO::inception_score: (6.2718606, 0.0)
INFO::inps_baseline: 6.476558772615717
2018-05-15 09:41:12.163665: I tensorflow/core/common_runtime/gpu/gpu_device.cc:1120] Creating TensorFlow device (/device:GPU:0) -> (device: 0, name: GeForce GTX TITAN X, pci bus id: 0000:04:00.0, compute capability: 5.2)
INFO::----step366000----
INFO::inception_score: (6.7970195, 0.0)
INFO::inps_baseline: 6.5406509144243605
2018-05-15 09:44:20.174566: I tensorflow/core/common_runtime/gpu/gpu_device.cc:1120] Creating TensorFlow device (/device:GPU:0) -> (device: 0, name: GeForce GTX TITAN X, pci bus id: 0000:04:00.0, compute capability: 5.2)
INFO::----step368000----
INFO::inception_score: (6.839422, 0.0)
INFO::inps_baseline: 6.600405176729918
2018-05-15 09:47:28.335783: I tensorflow/core/common_runtime/gpu/gpu_device.cc:1120] Creating TensorFlow device (/device:GPU:0) -> (device: 0, name: GeForce GTX TITAN X, pci bus id: 0000:04:00.0, compute capability: 5.2)
INFO::----step370000----
INFO::inception_score: (6.797974, 0.0)
INFO::inps_baseline: 6.639918963313867
2018-05-15 09:50:36.195590: I tensorflow/core/common_runtime/gpu/gpu_device.cc:1120] Creating TensorFlow device (/device:GPU:0) -> (device: 0, name: GeForce GTX TITAN X, pci bus id: 0000:04:00.0, compute capability: 5.2)
INFO::----step372000----
INFO::inception_score: (6.4444857, 0.0)
INFO::inps_baseline: 6.600832303524628
2018-05-15 09:53:44.348848: I tensorflow/core/common_runtime/gpu/gpu_device.cc:1120] Creating TensorFlow device (/device:GPU:0) -> (device: 0, name: GeForce GTX TITAN X, pci bus id: 0000:04:00.0, compute capability: 5.2)
INFO::----step374000----
INFO::inception_score: (6.549218, 0.0)
INFO::inps_baseline: 6.5905094783787845
2018-05-15 09:56:52.315741: I tensorflow/core/common_runtime/gpu/gpu_device.cc:1120] Creating TensorFlow device (/device:GPU:0) -> (device: 0, name: GeForce GTX TITAN X, pci bus id: 0000:04:00.0, compute capability: 5.2)
INFO::----step376000----
INFO::inception_score: (6.585512, 0.0)
INFO::inps_baseline: 6.589510014954005
2018-05-15 10:00:00.356363: I tensorflow/core/common_runtime/gpu/gpu_device.cc:1120] Creating TensorFlow device (/device:GPU:0) -> (device: 0, name: GeForce GTX TITAN X, pci bus id: 0000:04:00.0, compute capability: 5.2)
INFO::----step378000----
INFO::inception_score: (6.4699316, 0.0)
INFO::inps_baseline: 6.56559433245881
2018-05-15 10:03:07.941380: I tensorflow/core/common_runtime/gpu/gpu_device.cc:1120] Creating TensorFlow device (/device:GPU:0) -> (device: 0, name: GeForce GTX TITAN X, pci bus id: 0000:04:00.0, compute capability: 5.2)
INFO::----step380000----
INFO::inception_score: (6.542593, 0.0)
INFO::inps_baseline: 6.560994066430915
2018-05-15 10:06:13.679168: I tensorflow/core/common_runtime/gpu/gpu_device.cc:1120] Creating TensorFlow device (/device:GPU:0) -> (device: 0, name: GeForce GTX TITAN X, pci bus id: 0000:04:00.0, compute capability: 5.2)
INFO::----step382000----
INFO::inception_score: (6.4707155, 0.0)
INFO::inps_baseline: 6.542938357697954
2018-05-15 10:09:21.857040: I tensorflow/core/common_runtime/gpu/gpu_device.cc:1120] Creating TensorFlow device (/device:GPU:0) -> (device: 0, name: GeForce GTX TITAN X, pci bus id: 0000:04:00.0, compute capability: 5.2)
INFO::----step384000----
INFO::inception_score: (6.1220384, 0.0)
INFO::inps_baseline: 6.458758359040444
2018-05-15 10:12:30.144111: I tensorflow/core/common_runtime/gpu/gpu_device.cc:1120] Creating TensorFlow device (/device:GPU:0) -> (device: 0, name: GeForce GTX TITAN X, pci bus id: 0000:04:00.0, compute capability: 5.2)
INFO::----step386000----
INFO::inception_score: (6.6245346, 0.0)
INFO::inps_baseline: 6.491913608619074
2018-05-15 10:15:38.679541: I tensorflow/core/common_runtime/gpu/gpu_device.cc:1120] Creating TensorFlow device (/device:GPU:0) -> (device: 0, name: GeForce GTX TITAN X, pci bus id: 0000:04:00.0, compute capability: 5.2)
INFO::----step388000----
INFO::inception_score: (6.6682405, 0.0)
INFO::inps_baseline: 6.527178996331294
2018-05-15 10:18:47.159925: I tensorflow/core/common_runtime/gpu/gpu_device.cc:1120] Creating TensorFlow device (/device:GPU:0) -> (device: 0, name: GeForce GTX TITAN X, pci bus id: 0000:04:00.0, compute capability: 5.2)
INFO::----step390000----
INFO::inception_score: (6.4603605, 0.0)
INFO::inps_baseline: 6.51381530247275
2018-05-15 10:21:55.093003: I tensorflow/core/common_runtime/gpu/gpu_device.cc:1120] Creating TensorFlow device (/device:GPU:0) -> (device: 0, name: GeForce GTX TITAN X, pci bus id: 0000:04:00.0, compute capability: 5.2)
INFO::----step392000----
INFO::inception_score: (6.157275, 0.0)
INFO::inps_baseline: 6.442507281956228
2018-05-15 10:25:03.135817: I tensorflow/core/common_runtime/gpu/gpu_device.cc:1120] Creating TensorFlow device (/device:GPU:0) -> (device: 0, name: GeForce GTX TITAN X, pci bus id: 0000:04:00.0, compute capability: 5.2)
INFO::----step394000----
INFO::inception_score: (6.357464, 0.0)
INFO::inps_baseline: 6.425498592898967
2018-05-15 10:28:11.548973: I tensorflow/core/common_runtime/gpu/gpu_device.cc:1120] Creating TensorFlow device (/device:GPU:0) -> (device: 0, name: GeForce GTX TITAN X, pci bus id: 0000:04:00.0, compute capability: 5.2)
INFO::----step396000----
INFO::inception_score: (6.508858, 0.0)
INFO::inps_baseline: 6.4421705150967625
2018-05-15 10:31:20.044012: I tensorflow/core/common_runtime/gpu/gpu_device.cc:1120] Creating TensorFlow device (/device:GPU:0) -> (device: 0, name: GeForce GTX TITAN X, pci bus id: 0000:04:00.0, compute capability: 5.2)
INFO::----step398000----
INFO::inception_score: (6.456234, 0.0)
INFO::inps_baseline: 6.444983207731707
2018-05-15 10:34:28.235726: I tensorflow/core/common_runtime/gpu/gpu_device.cc:1120] Creating TensorFlow device (/device:GPU:0) -> (device: 0, name: GeForce GTX TITAN X, pci bus id: 0000:04:00.0, compute capability: 5.2)
INFO::----step400000----
INFO::inception_score: (6.5485125, 0.0)
INFO::inps_baseline: 6.465689057945619
INFO::student model hasn't been saved before
INFO::UPDATE CONTROLLOR
INFO::lr_ctrl: 2.0
INFO::grad
INFO::[[0. 0.]
 [0. 0.]
 [0. 0.]
 [0. 0.]
 [0. 0.]]
INFO::[0. 0.]
INFO::weights
INFO::idx:0, var:[[ 0.66695106 -0.66915125]
 [ 0.8715815   0.02221821]
 [-0.13399315 -0.91990703]
 [-0.3733591   0.1468591 ]
 [ 0.5019716   0.39112848]]
INFO::idx:1, var:[ 0.14003596 -0.14003597]
INFO::total_steps: 400001
INFO::p_a: [0.79359052 0.20640948]
INFO::Trace of actions distribution
INFO::gen: [75, 86, 71, 71, 65, 50, 66, 66, 65, 56, 52, 68, 58, 66, 56, 61, 68, 54, 64, 64, 48, 67, 64, 75, 55, 51, 68, 66, 54, 54, 68, 59, 55, 58, 62, 76, 63, 56, 68, 57, 70, 60, 71, 62, 62, 69, 67, 65, 76, 62, 59, 61, 60, 63, 68, 64, 67, 61, 62, 77, 63, 71, 64, 73, 64, 60, 66, 64, 62, 68, 61, 69, 70, 72, 63, 78, 70, 73, 73, 57]
INFO::disc: [25, 14, 29, 29, 35, 50, 34, 34, 35, 44, 48, 32, 42, 34, 44, 39, 32, 46, 36, 36, 52, 33, 36, 25, 45, 49, 32, 34, 46, 46, 32, 41, 45, 42, 38, 24, 37, 44, 32, 43, 30, 40, 29, 38, 38, 31, 33, 35, 24, 38, 41, 39, 40, 37, 32, 36, 33, 39, 38, 23, 37, 29, 36, 27, 36, 40, 34, 36, 38, 32, 39, 31, 30, 28, 37, 22, 30, 27, 27, 43]
INFO::best_inps: 6.950288860894904
INFO::best_best_inps: 6.950288860894904
INFO::final_inps_baseline: 6.950288860894904
INFO::adv: 0.0
INFO::=================
INFO::episodes: 1
INFO::idx:0, var:[[ 0.66695106 -0.66915125]
 [ 0.8715815   0.02221821]
 [-0.13399315 -0.91990703]
 [-0.3733591   0.1468591 ]
 [ 0.5019716   0.39112848]]
INFO::idx:1, var:[ 0.14003596 -0.14003597]
2018-05-15 10:37:37.586758: I tensorflow/core/common_runtime/gpu/gpu_device.cc:1120] Creating TensorFlow device (/device:GPU:0) -> (device: 0, name: GeForce GTX TITAN X, pci bus id: 0000:04:00.0, compute capability: 5.2)
INFO::step: 2000, new best result: 1.9217278957366943
INFO::Save model at /datasets/BigLearning/haowen/autoLoss/saved_models/h0-haowen6_05-15-06-09_gan_cifar10/model
INFO::----step2000----
INFO::inception_score: (1.9217279, 0.0)
INFO::inps_baseline: 1.9217278957366943
2018-05-15 10:40:46.540792: I tensorflow/core/common_runtime/gpu/gpu_device.cc:1120] Creating TensorFlow device (/device:GPU:0) -> (device: 0, name: GeForce GTX TITAN X, pci bus id: 0000:04:00.0, compute capability: 5.2)
INFO::step: 4000, new best result: 2.004408121109009
INFO::Save model at /datasets/BigLearning/haowen/autoLoss/saved_models/h0-haowen6_05-15-06-09_gan_cifar10/model
INFO::----step4000----
INFO::inception_score: (2.335129, 0.0)
INFO::inps_baseline: 2.004408121109009
2018-05-15 10:43:53.492976: I tensorflow/core/common_runtime/gpu/gpu_device.cc:1120] Creating TensorFlow device (/device:GPU:0) -> (device: 0, name: GeForce GTX TITAN X, pci bus id: 0000:04:00.0, compute capability: 5.2)
INFO::step: 6000, new best result: 2.19321231842041
INFO::Save model at /datasets/BigLearning/haowen/autoLoss/saved_models/h0-haowen6_05-15-06-09_gan_cifar10/model
INFO::----step6000----
INFO::inception_score: (2.948429, 0.0)
INFO::inps_baseline: 2.19321231842041
2018-05-15 10:47:02.249489: I tensorflow/core/common_runtime/gpu/gpu_device.cc:1120] Creating TensorFlow device (/device:GPU:0) -> (device: 0, name: GeForce GTX TITAN X, pci bus id: 0000:04:00.0, compute capability: 5.2)
INFO::step: 8000, new best result: 2.392478981018066
INFO::Save model at /datasets/BigLearning/haowen/autoLoss/saved_models/h0-haowen6_05-15-06-09_gan_cifar10/model
INFO::----step8000----
INFO::inception_score: (3.1895456, 0.0)
INFO::inps_baseline: 2.392478981018066
2018-05-15 10:50:09.244065: I tensorflow/core/common_runtime/gpu/gpu_device.cc:1120] Creating TensorFlow device (/device:GPU:0) -> (device: 0, name: GeForce GTX TITAN X, pci bus id: 0000:04:00.0, compute capability: 5.2)
INFO::step: 10000, new best result: 2.653837186813354
INFO::Save model at /datasets/BigLearning/haowen/autoLoss/saved_models/h0-haowen6_05-15-06-09_gan_cifar10/model
INFO::----step10000----
INFO::inception_score: (3.69927, 0.0)
INFO::inps_baseline: 2.653837186813354
2018-05-15 10:53:17.861368: I tensorflow/core/common_runtime/gpu/gpu_device.cc:1120] Creating TensorFlow device (/device:GPU:0) -> (device: 0, name: GeForce GTX TITAN X, pci bus id: 0000:04:00.0, compute capability: 5.2)
INFO::step: 12000, new best result: 2.904284225082397
INFO::Save model at /datasets/BigLearning/haowen/autoLoss/saved_models/h0-haowen6_05-15-06-09_gan_cifar10/model
INFO::----step12000----
INFO::inception_score: (3.9060724, 0.0)
INFO::inps_baseline: 2.904284225082397
2018-05-15 10:56:26.502770: I tensorflow/core/common_runtime/gpu/gpu_device.cc:1120] Creating TensorFlow device (/device:GPU:0) -> (device: 0, name: GeForce GTX TITAN X, pci bus id: 0000:04:00.0, compute capability: 5.2)
INFO::step: 14000, new best result: 3.01600478981018
INFO::Save model at /datasets/BigLearning/haowen/autoLoss/saved_models/h0-haowen6_05-15-06-09_gan_cifar10/model
INFO::----step14000----
INFO::inception_score: (3.462887, 0.0)
INFO::inps_baseline: 3.01600478981018
2018-05-15 10:59:35.369360: I tensorflow/core/common_runtime/gpu/gpu_device.cc:1120] Creating TensorFlow device (/device:GPU:0) -> (device: 0, name: GeForce GTX TITAN X, pci bus id: 0000:04:00.0, compute capability: 5.2)
INFO::step: 16000, new best result: 3.1662774951782224
INFO::Save model at /datasets/BigLearning/haowen/autoLoss/saved_models/h0-haowen6_05-15-06-09_gan_cifar10/model
INFO::----step16000----
INFO::inception_score: (3.7673683, 0.0)
INFO::inps_baseline: 3.1662774951782224
2018-05-15 11:02:43.985331: I tensorflow/core/common_runtime/gpu/gpu_device.cc:1120] Creating TensorFlow device (/device:GPU:0) -> (device: 0, name: GeForce GTX TITAN X, pci bus id: 0000:04:00.0, compute capability: 5.2)
