WARNING::lambda1_stud not found in config file
WARNING::lambda2_stud not found in config file
2018-05-18 02:20:27.195778: I tensorflow/core/platform/cpu_feature_guard.cc:137] Your CPU supports instructions that this TensorFlow binary was not compiled to use: SSE4.1 SSE4.2 AVX AVX2 FMA
2018-05-18 02:20:28.242199: I tensorflow/core/common_runtime/gpu/gpu_device.cc:1030] Found device 0 with properties: 
name: GeForce GTX TITAN X major: 5 minor: 2 memoryClockRate(GHz): 1.076
pciBusID: 0000:04:00.0
totalMemory: 11.92GiB freeMemory: 11.80GiB
2018-05-18 02:20:28.242371: I tensorflow/core/common_runtime/gpu/gpu_device.cc:1120] Creating TensorFlow device (/device:GPU:0) -> (device: 0, name: GeForce GTX TITAN X, pci bus id: 0000:04:00.0, compute capability: 5.2)
INFO::Loading pretrained model from: /datasets/BigLearning/haowen/autoLoss/saved_models/mnist_classification/model-20000
2018-05-18 02:20:30.662842: I tensorflow/core/common_runtime/gpu/gpu_device.cc:1120] Creating TensorFlow device (/device:GPU:0) -> (device: 0, name: GeForce GTX TITAN X, pci bus id: 0000:04:00.0, compute capability: 5.2)
INFO::h0.haowen6.biglearning.orca.pdl.cmu.edu
WARNING::lambda1_stud not found in config file
WARNING::lambda2_stud not found in config file
INFO::[DEFAULT]
INFO::[env]
INFO::exp_dir:: ~/haowen/GitHub/autoLoss
INFO::data_dir:: /datasets/BigLearning/haowen/mnist
INFO::model_dir:: /datasets/BigLearning/haowen/autoLoss/saved_models
INFO::save_images_dir:: /datasets/BigLearning/haowen/autoLoss/saved_images
INFO::[data]
INFO::[stud]
INFO::student_model_name:: gan
INFO::batch_size:: 128
INFO::lr_stud:: 0.0002
INFO::beta1:: 0.5
INFO::beta2:: 0.999
INFO::valid_frequency_stud:: 500
INFO::print_frequency_stud:: 2000
INFO::max_endurance_stud:: 20
INFO::max_training_step:: 400000
INFO::stop_strategy_stud:: exceeding_endurance
INFO::[gan]
INFO::dim_z:: 128
INFO::dim_x:: 784
INFO::dim_c:: 64
INFO::disc_iters:: 1
INFO::gen_iters:: 1
INFO::inps_threshold:: 6.3
INFO::inps_batches:: 200
INFO::inps_splits:: 5
INFO::[evaluate]
INFO::[rl]
INFO::controller_model_name:: linear_logits_clipping
INFO::logit_clipping_c:: 2
INFO::dim_state_rl:: 5
INFO::dim_hidden_rl:: 16
INFO::dim_action_rl:: 2
INFO::lr_rl:: 2
INFO::lr_decay_rl:: 1
INFO::total_episodes:: 1000
INFO::update_frequency:: 1
INFO::save_frequency:: 100
INFO::inps_baseline_decay:: 0.8
INFO::reward_c:: 10
INFO::reward_step_rl:: 0.1
INFO::reward_max_value:: 20
INFO::explore_rate_decay_rl:: 100
INFO::explore_rate_rl:: 0
INFO::max_endurance_rl:: 50
INFO::state_decay:: 0.9
INFO::metric_decay:: 0.8
INFO::optimizer_ctrl:: sgd
INFO::exp_name: h0-haowen6_05-18-08-20
2018-05-18 02:20:30.679145: I tensorflow/core/common_runtime/gpu/gpu_device.cc:1120] Creating TensorFlow device (/device:GPU:0) -> (device: 0, name: GeForce GTX TITAN X, pci bus id: 0000:04:00.0, compute capability: 5.2)
/users/hzhang2/haowen/miniconda3/envs/py35_tf/lib/python3.5/site-packages/tensorflow/python/ops/gradients_impl.py:96: UserWarning: Converting sparse IndexedSlices to a dense Tensor of unknown shape. This may consume a large amount of memory.
  "Converting sparse IndexedSlices to a dense Tensor of unknown shape. "
INFO::architecture:
INFO::activation_D: leakyRelu
INFO::activation_G: relu
INFO::batchnorm_D: False
INFO::batchnorm_G: False
INFO::depth_D: 4
INFO::depth_G: 3
INFO::dim_c_D: 128
INFO::dim_c_G: 64
INFO::dim_z: 64
2018-05-18 02:20:30.748719: I tensorflow/core/common_runtime/gpu/gpu_device.cc:1120] Creating TensorFlow device (/device:GPU:0) -> (device: 0, name: GeForce GTX TITAN X, pci bus id: 0000:04:00.0, compute capability: 5.2)
INFO::TEST
INFO::Loading pretrained model from: /datasets/BigLearning/haowen/autoLoss/saved_models/h2-haowen6_05-13-20-21_ctrl/model-20
INFO::step: 500, new best result: 4.595223903656006
INFO::Save model at /datasets/BigLearning/haowen/autoLoss/saved_models/h0-haowen6_05-18-08-20_gan/model
INFO::----step500----
INFO::inception_score: (4.595224, 0.04684611)
INFO::inps_baseline: 4.595223903656006
INFO::step: 1000, new best result: 4.69808406829834
INFO::Save model at /datasets/BigLearning/haowen/autoLoss/saved_models/h0-haowen6_05-18-08-20_gan/model
INFO::----step1000----
INFO::inception_score: (5.1095247, 0.039119285)
INFO::inps_baseline: 4.69808406829834
INFO::step: 1500, new best result: 4.910012397766113
INFO::Save model at /datasets/BigLearning/haowen/autoLoss/saved_models/h0-haowen6_05-18-08-20_gan/model
INFO::----step1500----
INFO::inception_score: (5.7577257, 0.05218572)
INFO::inps_baseline: 4.910012397766113
INFO::step: 2000, new best result: 5.098893859863281
INFO::Save model at /datasets/BigLearning/haowen/autoLoss/saved_models/h0-haowen6_05-18-08-20_gan/model
INFO::----step2000----
INFO::inception_score: (5.8544197, 0.07132734)
INFO::inps_baseline: 5.098893859863281
INFO::step: 2500, new best result: 5.340172846221924
INFO::Save model at /datasets/BigLearning/haowen/autoLoss/saved_models/h0-haowen6_05-18-08-20_gan/model
INFO::----step2500----
INFO::inception_score: (6.305289, 0.032929543)
INFO::inps_baseline: 5.340172846221924
INFO::step: 3000, new best result: 5.668773523254394
INFO::Save model at /datasets/BigLearning/haowen/autoLoss/saved_models/h0-haowen6_05-18-08-20_gan/model
INFO::----step3000----
INFO::inception_score: (6.983176, 0.07196181)
INFO::inps_baseline: 5.668773523254394
INFO::step: 3500, new best result: 5.968873779998779
INFO::Save model at /datasets/BigLearning/haowen/autoLoss/saved_models/h0-haowen6_05-18-08-20_gan/model
INFO::----step3500----
INFO::inception_score: (7.169275, 0.057634685)
INFO::inps_baseline: 5.968873779998779
INFO::step: 4000, new best result: 6.244986852825927
INFO::Save model at /datasets/BigLearning/haowen/autoLoss/saved_models/h0-haowen6_05-18-08-20_gan/model
INFO::----step4000----
INFO::inception_score: (7.349439, 0.039353527)
INFO::inps_baseline: 6.244986852825927
INFO::step: 4500, new best result: 6.490201632834473
INFO::Save model at /datasets/BigLearning/haowen/autoLoss/saved_models/h0-haowen6_05-18-08-20_gan/model
INFO::----step4500----
INFO::inception_score: (7.4710608, 0.053362258)
INFO::inps_baseline: 6.490201632834473
INFO::step: 5000, new best result: 6.6917941416557625
INFO::Save model at /datasets/BigLearning/haowen/autoLoss/saved_models/h0-haowen6_05-18-08-20_gan/model
INFO::----step5000----
INFO::inception_score: (7.498164, 0.030157724)
INFO::inps_baseline: 6.6917941416557625
INFO::step: 5500, new best result: 6.8692253943487795
INFO::Save model at /datasets/BigLearning/haowen/autoLoss/saved_models/h0-haowen6_05-18-08-20_gan/model
INFO::----step5500----
INFO::inception_score: (7.5789504, 0.045086216)
INFO::inps_baseline: 6.8692253943487795
INFO::step: 6000, new best result: 7.034539994891865
INFO::Save model at /datasets/BigLearning/haowen/autoLoss/saved_models/h0-haowen6_05-18-08-20_gan/model
INFO::----step6000----
INFO::inception_score: (7.6957984, 0.036011)
INFO::inps_baseline: 7.034539994891865
INFO::step: 6500, new best result: 7.182069728610026
INFO::Save model at /datasets/BigLearning/haowen/autoLoss/saved_models/h0-haowen6_05-18-08-20_gan/model
INFO::----step6500----
INFO::inception_score: (7.7721887, 0.04562952)
INFO::inps_baseline: 7.182069728610026
INFO::step: 7000, new best result: 7.3091161329246415
INFO::Save model at /datasets/BigLearning/haowen/autoLoss/saved_models/h0-haowen6_05-18-08-20_gan/model
INFO::----step7000----
INFO::inception_score: (7.8173018, 0.032775305)
INFO::inps_baseline: 7.3091161329246415
INFO::step: 7500, new best result: 7.414803129728385
INFO::Save model at /datasets/BigLearning/haowen/autoLoss/saved_models/h0-haowen6_05-18-08-20_gan/model
INFO::----step7500----
INFO::inception_score: (7.837551, 0.025115147)
INFO::inps_baseline: 7.414803129728385
INFO::step: 8000, new best result: 7.510970006224115
INFO::Save model at /datasets/BigLearning/haowen/autoLoss/saved_models/h0-haowen6_05-18-08-20_gan/model
INFO::----step8000----
INFO::inception_score: (7.8956375, 0.04540365)
INFO::inps_baseline: 7.510970006224115
INFO::step: 8500, new best result: 7.580838974187056
INFO::Save model at /datasets/BigLearning/haowen/autoLoss/saved_models/h0-haowen6_05-18-08-20_gan/model
INFO::----step8500----
INFO::inception_score: (7.860315, 0.04081295)
INFO::inps_baseline: 7.580838974187056
INFO::step: 9000, new best result: 7.645447203214391
INFO::Save model at /datasets/BigLearning/haowen/autoLoss/saved_models/h0-haowen6_05-18-08-20_gan/model
INFO::----step9000----
INFO::inception_score: (7.90388, 0.029916985)
INFO::inps_baseline: 7.645447203214391
INFO::step: 9500, new best result: 7.715412003751933
INFO::Save model at /datasets/BigLearning/haowen/autoLoss/saved_models/h0-haowen6_05-18-08-20_gan/model
INFO::----step9500----
INFO::inception_score: (7.995271, 0.04744281)
INFO::inps_baseline: 7.715412003751933
INFO::step: 10000, new best result: 7.767588506504964
INFO::Save model at /datasets/BigLearning/haowen/autoLoss/saved_models/h0-haowen6_05-18-08-20_gan/model
INFO::----step10000----
INFO::inception_score: (7.9762945, 0.027692977)
INFO::inps_baseline: 7.767588506504964
INFO::step: 10500, new best result: 7.815992268216666
INFO::Save model at /datasets/BigLearning/haowen/autoLoss/saved_models/h0-haowen6_05-18-08-20_gan/model
INFO::----step10500----
INFO::inception_score: (8.009607, 0.01729539)
INFO::inps_baseline: 7.815992268216666
INFO::step: 11000, new best result: 7.865146948728607
INFO::Save model at /datasets/BigLearning/haowen/autoLoss/saved_models/h0-haowen6_05-18-08-20_gan/model
INFO::----step11000----
INFO::inception_score: (8.061766, 0.04992411)
INFO::inps_baseline: 7.865146948728607
INFO::step: 11500, new best result: 7.913893758323706
INFO::Save model at /datasets/BigLearning/haowen/autoLoss/saved_models/h0-haowen6_05-18-08-20_gan/model
INFO::----step11500----
INFO::inception_score: (8.108881, 0.048502628)
INFO::inps_baseline: 7.913893758323706
INFO::step: 12000, new best result: 7.955913399908477
INFO::Save model at /datasets/BigLearning/haowen/autoLoss/saved_models/h0-haowen6_05-18-08-20_gan/model
INFO::----step12000----
INFO::inception_score: (8.123992, 0.016641328)
INFO::inps_baseline: 7.955913399908477
INFO::step: 12500, new best result: 7.990230063798852
INFO::Save model at /datasets/BigLearning/haowen/autoLoss/saved_models/h0-haowen6_05-18-08-20_gan/model
INFO::----step12500----
INFO::inception_score: (8.127497, 0.026484866)
INFO::inps_baseline: 7.990230063798852
INFO::step: 13000, new best result: 8.026887496473652
INFO::Save model at /datasets/BigLearning/haowen/autoLoss/saved_models/h0-haowen6_05-18-08-20_gan/model
INFO::----step13000----
INFO::inception_score: (8.173517, 0.048234586)
INFO::inps_baseline: 8.026887496473652
INFO::step: 13500, new best result: 8.063364855577358
INFO::Save model at /datasets/BigLearning/haowen/autoLoss/saved_models/h0-haowen6_05-18-08-20_gan/model
INFO::----step13500----
INFO::inception_score: (8.209274, 0.05126615)
INFO::inps_baseline: 8.063364855577358
INFO::step: 14000, new best result: 8.08578500122214
INFO::Save model at /datasets/BigLearning/haowen/autoLoss/saved_models/h0-haowen6_05-18-08-20_gan/model
INFO::----step14000----
INFO::inception_score: (8.175466, 0.028796889)
INFO::inps_baseline: 8.08578500122214
INFO::step: 14500, new best result: 8.115782809022146
INFO::Save model at /datasets/BigLearning/haowen/autoLoss/saved_models/h0-haowen6_05-18-08-20_gan/model
INFO::----step14500----
INFO::inception_score: (8.235774, 0.022823222)
INFO::inps_baseline: 8.115782809022146
INFO::step: 15000, new best result: 8.142491206934514
INFO::Save model at /datasets/BigLearning/haowen/autoLoss/saved_models/h0-haowen6_05-18-08-20_gan/model
INFO::----step15000----
INFO::inception_score: (8.249325, 0.014043856)
INFO::inps_baseline: 8.142491206934514
INFO::step: 15500, new best result: 8.174174583284428
INFO::Save model at /datasets/BigLearning/haowen/autoLoss/saved_models/h0-haowen6_05-18-08-20_gan/model
INFO::----step15500----
INFO::inception_score: (8.300908, 0.043528464)
INFO::inps_baseline: 8.174174583284428
INFO::step: 16000, new best result: 8.202725630067484
INFO::Save model at /datasets/BigLearning/haowen/autoLoss/saved_models/h0-haowen6_05-18-08-20_gan/model
INFO::----step16000----
INFO::inception_score: (8.31693, 0.042068675)
INFO::inps_baseline: 8.202725630067484
INFO::step: 16500, new best result: 8.225928291529573
INFO::Save model at /datasets/BigLearning/haowen/autoLoss/saved_models/h0-haowen6_05-18-08-20_gan/model
INFO::----step16500----
INFO::inception_score: (8.318739, 0.029118128)
INFO::inps_baseline: 8.225928291529573
INFO::step: 17000, new best result: 8.244880092024928
INFO::Save model at /datasets/BigLearning/haowen/autoLoss/saved_models/h0-haowen6_05-18-08-20_gan/model
INFO::----step17000----
INFO::inception_score: (8.320687, 0.031244477)
INFO::inps_baseline: 8.244880092024928
INFO::step: 17500, new best result: 8.25049086561213
INFO::Save model at /datasets/BigLearning/haowen/autoLoss/saved_models/h0-haowen6_05-18-08-20_gan/model
INFO::----step17500----
INFO::inception_score: (8.272934, 0.053239614)
INFO::inps_baseline: 8.25049086561213
INFO::step: 18000, new best result: 8.273186653060993
INFO::Save model at /datasets/BigLearning/haowen/autoLoss/saved_models/h0-haowen6_05-18-08-20_gan/model
INFO::----step18000----
INFO::inception_score: (8.36397, 0.013753832)
INFO::inps_baseline: 8.273186653060993
INFO::step: 18500, new best result: 8.29587418969733
INFO::Save model at /datasets/BigLearning/haowen/autoLoss/saved_models/h0-haowen6_05-18-08-20_gan/model
INFO::----step18500----
INFO::inception_score: (8.386624, 0.035416216)
INFO::inps_baseline: 8.29587418969733
INFO::step: 19000, new best result: 8.299801501721243
INFO::Save model at /datasets/BigLearning/haowen/autoLoss/saved_models/h0-haowen6_05-18-08-20_gan/model
INFO::----step19000----
INFO::inception_score: (8.315511, 0.049532037)
INFO::inps_baseline: 8.299801501721243
INFO::step: 19500, new best result: 8.31283734090336
INFO::Save model at /datasets/BigLearning/haowen/autoLoss/saved_models/h0-haowen6_05-18-08-20_gan/model
INFO::----step19500----
INFO::inception_score: (8.364981, 0.039454907)
INFO::inps_baseline: 8.31283734090336
INFO::step: 20000, new best result: 8.33722360807425
INFO::Save model at /datasets/BigLearning/haowen/autoLoss/saved_models/h0-haowen6_05-18-08-20_gan/model
INFO::----step20000----
INFO::inception_score: (8.434769, 0.016075347)
INFO::inps_baseline: 8.33722360807425
INFO::step: 20500, new best result: 8.35422884526067
INFO::Save model at /datasets/BigLearning/haowen/autoLoss/saved_models/h0-haowen6_05-18-08-20_gan/model
INFO::----step20500----
INFO::inception_score: (8.42225, 0.030040666)
INFO::inps_baseline: 8.35422884526067
INFO::step: 21000, new best result: 8.362005512731972
INFO::Save model at /datasets/BigLearning/haowen/autoLoss/saved_models/h0-haowen6_05-18-08-20_gan/model
INFO::----step21000----
INFO::inception_score: (8.393112, 0.027583154)
INFO::inps_baseline: 8.362005512731972
INFO::step: 21500, new best result: 8.376085695280793
INFO::Save model at /datasets/BigLearning/haowen/autoLoss/saved_models/h0-haowen6_05-18-08-20_gan/model
INFO::----step21500----
INFO::inception_score: (8.432406, 0.03431977)
INFO::inps_baseline: 8.376085695280793
INFO::step: 22000, new best result: 8.389884707652856
INFO::Save model at /datasets/BigLearning/haowen/autoLoss/saved_models/h0-haowen6_05-18-08-20_gan/model
INFO::----step22000----
INFO::inception_score: (8.445081, 0.027154833)
INFO::inps_baseline: 8.389884707652856
INFO::step: 22500, new best result: 8.410296437997285
INFO::Save model at /datasets/BigLearning/haowen/autoLoss/saved_models/h0-haowen6_05-18-08-20_gan/model
INFO::----step22500----
INFO::inception_score: (8.491943, 0.030853394)
INFO::inps_baseline: 8.410296437997285
INFO::step: 23000, new best result: 8.428878591743043
INFO::Save model at /datasets/BigLearning/haowen/autoLoss/saved_models/h0-haowen6_05-18-08-20_gan/model
INFO::----step23000----
INFO::inception_score: (8.503207, 0.031481855)
INFO::inps_baseline: 8.428878591743043
INFO::step: 23500, new best result: 8.449920118877833
INFO::Save model at /datasets/BigLearning/haowen/autoLoss/saved_models/h0-haowen6_05-18-08-20_gan/model
INFO::----step23500----
INFO::inception_score: (8.534086, 0.024931647)
INFO::inps_baseline: 8.449920118877833
INFO::step: 24000, new best result: 8.452359343393281
INFO::Save model at /datasets/BigLearning/haowen/autoLoss/saved_models/h0-haowen6_05-18-08-20_gan/model
INFO::----step24000----
INFO::inception_score: (8.462116, 0.014665011)
INFO::inps_baseline: 8.452359343393281
INFO::step: 24500, new best result: 8.470251198469509
INFO::Save model at /datasets/BigLearning/haowen/autoLoss/saved_models/h0-haowen6_05-18-08-20_gan/model
INFO::----step24500----
INFO::inception_score: (8.541819, 0.01905879)
INFO::inps_baseline: 8.470251198469509
INFO::step: 25000, new best result: 8.483083054112521
INFO::Save model at /datasets/BigLearning/haowen/autoLoss/saved_models/h0-haowen6_05-18-08-20_gan/model
INFO::----step25000----
INFO::inception_score: (8.53441, 0.030156633)
INFO::inps_baseline: 8.483083054112521
INFO::step: 25500, new best result: 8.483749997367164
INFO::Save model at /datasets/BigLearning/haowen/autoLoss/saved_models/h0-haowen6_05-18-08-20_gan/model
INFO::----step25500----
INFO::inception_score: (8.486418, 0.012361559)
INFO::inps_baseline: 8.483749997367164
INFO::step: 26000, new best result: 8.494165143767756
INFO::Save model at /datasets/BigLearning/haowen/autoLoss/saved_models/h0-haowen6_05-18-08-20_gan/model
INFO::----step26000----
INFO::inception_score: (8.535826, 0.034589052)
INFO::inps_baseline: 8.494165143767756
INFO::step: 26500, new best result: 8.49512898238481
INFO::Save model at /datasets/BigLearning/haowen/autoLoss/saved_models/h0-haowen6_05-18-08-20_gan/model
INFO::----step26500----
INFO::inception_score: (8.498984, 0.022604069)
INFO::inps_baseline: 8.49512898238481
INFO::step: 27000, new best result: 8.499874014154917
INFO::Save model at /datasets/BigLearning/haowen/autoLoss/saved_models/h0-haowen6_05-18-08-20_gan/model
INFO::----step27000----
INFO::inception_score: (8.518854, 0.048291046)
INFO::inps_baseline: 8.499874014154917
INFO::step: 27500, new best result: 8.519129863179403
INFO::Save model at /datasets/BigLearning/haowen/autoLoss/saved_models/h0-haowen6_05-18-08-20_gan/model
INFO::----step27500----
INFO::inception_score: (8.596153, 0.03356984)
INFO::inps_baseline: 8.519129863179403
INFO::----step28000----
INFO::inception_score: (8.466899, 0.040549863)
INFO::inps_baseline: 8.508683674173893
INFO::step: 28500, new best result: 8.521749872078372
INFO::Save model at /datasets/BigLearning/haowen/autoLoss/saved_models/h0-haowen6_05-18-08-20_gan/model
INFO::----step28500----
INFO::inception_score: (8.574015, 0.040044356)
INFO::inps_baseline: 8.521749872078372
INFO::----step29000----
INFO::inception_score: (8.515493, 0.049472813)
INFO::inps_baseline: 8.520498576251565
INFO::step: 29500, new best result: 8.53380952079129
INFO::Save model at /datasets/BigLearning/haowen/autoLoss/saved_models/h0-haowen6_05-18-08-20_gan/model
INFO::----step29500----
INFO::inception_score: (8.587053, 0.028292747)
INFO::inps_baseline: 8.53380952079129
INFO::step: 30000, new best result: 8.54401233831272
INFO::Save model at /datasets/BigLearning/haowen/autoLoss/saved_models/h0-haowen6_05-18-08-20_gan/model
INFO::----step30000----
INFO::inception_score: (8.584824, 0.018725809)
INFO::inps_baseline: 8.54401233831272
INFO::step: 30500, new best result: 8.545960450484161
INFO::Save model at /datasets/BigLearning/haowen/autoLoss/saved_models/h0-haowen6_05-18-08-20_gan/model
INFO::----step30500----
INFO::inception_score: (8.553753, 0.028317273)
INFO::inps_baseline: 8.545960450484161
INFO::step: 31000, new best result: 8.560280628453736
INFO::Save model at /datasets/BigLearning/haowen/autoLoss/saved_models/h0-haowen6_05-18-08-20_gan/model
INFO::----step31000----
INFO::inception_score: (8.617561, 0.03798341)
INFO::inps_baseline: 8.560280628453736
INFO::step: 31500, new best result: 8.564945656022266
INFO::Save model at /datasets/BigLearning/haowen/autoLoss/saved_models/h0-haowen6_05-18-08-20_gan/model
INFO::----step31500----
INFO::inception_score: (8.583606, 0.04296195)
INFO::inps_baseline: 8.564945656022266
INFO::step: 32000, new best result: 8.573088993995059
INFO::Save model at /datasets/BigLearning/haowen/autoLoss/saved_models/h0-haowen6_05-18-08-20_gan/model
INFO::----step32000----
INFO::inception_score: (8.605662, 0.045701534)
INFO::inps_baseline: 8.573088993995059
INFO::step: 32500, new best result: 8.588881008123293
INFO::Save model at /datasets/BigLearning/haowen/autoLoss/saved_models/h0-haowen6_05-18-08-20_gan/model
INFO::----step32500----
INFO::inception_score: (8.652049, 0.031556796)
INFO::inps_baseline: 8.588881008123293
INFO::step: 33000, new best result: 8.603158181742774
INFO::Save model at /datasets/BigLearning/haowen/autoLoss/saved_models/h0-haowen6_05-18-08-20_gan/model
INFO::----step33000----
INFO::inception_score: (8.660267, 0.035506748)
INFO::inps_baseline: 8.603158181742774
INFO::----step33500----
INFO::inception_score: (8.5726595, 0.029281635)
INFO::inps_baseline: 8.597058443892754
INFO::step: 34000, new best result: 8.604506420031196
INFO::Save model at /datasets/BigLearning/haowen/autoLoss/saved_models/h0-haowen6_05-18-08-20_gan/model
INFO::----step34000----
INFO::inception_score: (8.634298, 0.061509218)
INFO::inps_baseline: 8.604506420031196
INFO::step: 34500, new best result: 8.616723765480524
INFO::Save model at /datasets/BigLearning/haowen/autoLoss/saved_models/h0-haowen6_05-18-08-20_gan/model
INFO::----step34500----
INFO::inception_score: (8.665593, 0.034323793)
INFO::inps_baseline: 8.616723765480524
INFO::step: 35000, new best result: 8.629058066644673
INFO::Save model at /datasets/BigLearning/haowen/autoLoss/saved_models/h0-haowen6_05-18-08-20_gan/model
INFO::----step35000----
INFO::inception_score: (8.678395, 0.036233503)
INFO::inps_baseline: 8.629058066644673
INFO::step: 35500, new best result: 8.630039170295719
INFO::Save model at /datasets/BigLearning/haowen/autoLoss/saved_models/h0-haowen6_05-18-08-20_gan/model
INFO::----step35500----
INFO::inception_score: (8.633964, 0.018344007)
INFO::inps_baseline: 8.630039170295719
INFO::step: 36000, new best result: 8.645483553338625
INFO::Save model at /datasets/BigLearning/haowen/autoLoss/saved_models/h0-haowen6_05-18-08-20_gan/model
INFO::----step36000----
INFO::inception_score: (8.707261, 0.031300575)
INFO::inps_baseline: 8.645483553338625
INFO::step: 36500, new best result: 8.654486322346193
INFO::Save model at /datasets/BigLearning/haowen/autoLoss/saved_models/h0-haowen6_05-18-08-20_gan/model
INFO::----step36500----
INFO::inception_score: (8.690497, 0.032405566)
INFO::inps_baseline: 8.654486322346193
INFO::step: 37000, new best result: 8.659414787247071
INFO::Save model at /datasets/BigLearning/haowen/autoLoss/saved_models/h0-haowen6_05-18-08-20_gan/model
INFO::----step37000----
INFO::inception_score: (8.679129, 0.019314377)
INFO::inps_baseline: 8.659414787247071
INFO::step: 37500, new best result: 8.663424316369923
INFO::Save model at /datasets/BigLearning/haowen/autoLoss/saved_models/h0-haowen6_05-18-08-20_gan/model
INFO::----step37500----
INFO::inception_score: (8.679462, 0.032432653)
INFO::inps_baseline: 8.663424316369923
INFO::step: 38000, new best result: 8.67158131863549
INFO::Save model at /datasets/BigLearning/haowen/autoLoss/saved_models/h0-haowen6_05-18-08-20_gan/model
INFO::----step38000----
INFO::inception_score: (8.704209, 0.04108892)
INFO::inps_baseline: 8.67158131863549
INFO::step: 38500, new best result: 8.678148309913274
INFO::Save model at /datasets/BigLearning/haowen/autoLoss/saved_models/h0-haowen6_05-18-08-20_gan/model
INFO::----step38500----
INFO::inception_score: (8.704416, 0.015505304)
INFO::inps_baseline: 8.678148309913274
INFO::step: 39000, new best result: 8.687128289959427
INFO::Save model at /datasets/BigLearning/haowen/autoLoss/saved_models/h0-haowen6_05-18-08-20_gan/model
INFO::----step39000----
INFO::inception_score: (8.723048, 0.045688782)
INFO::inps_baseline: 8.687128289959427
INFO::step: 39500, new best result: 8.69450529767799
INFO::Save model at /datasets/BigLearning/haowen/autoLoss/saved_models/h0-haowen6_05-18-08-20_gan/model
INFO::----step39500----
INFO::inception_score: (8.724013, 0.0359701)
INFO::inps_baseline: 8.69450529767799
INFO::step: 40000, new best result: 8.702504224409482
INFO::Save model at /datasets/BigLearning/haowen/autoLoss/saved_models/h0-haowen6_05-18-08-20_gan/model
INFO::----step40000----
INFO::inception_score: (8.7345, 0.035572167)
INFO::inps_baseline: 8.702504224409482
INFO::step: 40500, new best result: 8.71432996338989
INFO::Save model at /datasets/BigLearning/haowen/autoLoss/saved_models/h0-haowen6_05-18-08-20_gan/model
INFO::----step40500----
INFO::inception_score: (8.761633, 0.044953912)
INFO::inps_baseline: 8.71432996338989
INFO::step: 41000, new best result: 8.716706280282224
INFO::Save model at /datasets/BigLearning/haowen/autoLoss/saved_models/h0-haowen6_05-18-08-20_gan/model
INFO::----step41000----
INFO::inception_score: (8.726212, 0.02981908)
INFO::inps_baseline: 8.716706280282224
INFO::----step41500----
INFO::inception_score: (8.6944475, 0.03915095)
INFO::inps_baseline: 8.712254527704783
INFO::step: 42000, new best result: 8.716904833711679
INFO::Save model at /datasets/BigLearning/haowen/autoLoss/saved_models/h0-haowen6_05-18-08-20_gan/model
INFO::----step42000----
INFO::inception_score: (8.735506, 0.025417201)
INFO::inps_baseline: 8.716904833711679
INFO::step: 42500, new best result: 8.723024523097273
INFO::Save model at /datasets/BigLearning/haowen/autoLoss/saved_models/h0-haowen6_05-18-08-20_gan/model
INFO::----step42500----
INFO::inception_score: (8.747503, 0.05429075)
INFO::inps_baseline: 8.723024523097273
INFO::step: 43000, new best result: 8.725523500313756
INFO::Save model at /datasets/BigLearning/haowen/autoLoss/saved_models/h0-haowen6_05-18-08-20_gan/model
INFO::----step43000----
INFO::inception_score: (8.735519, 0.011463024)
INFO::inps_baseline: 8.725523500313756
INFO::----step43500----
INFO::inception_score: (8.716954, 0.023000365)
INFO::inps_baseline: 8.723809646503446
INFO::step: 44000, new best result: 8.725661410440061
INFO::Save model at /datasets/BigLearning/haowen/autoLoss/saved_models/h0-haowen6_05-18-08-20_gan/model
INFO::----step44000----
INFO::inception_score: (8.733068, 0.029936431)
INFO::inps_baseline: 8.725661410440061
INFO::----step44500----
INFO::inception_score: (8.723605, 0.048701834)
INFO::inps_baseline: 8.725250159541014
INFO::step: 45000, new best result: 8.727971200020507
INFO::Save model at /datasets/BigLearning/haowen/autoLoss/saved_models/h0-haowen6_05-18-08-20_gan/model
INFO::----step45000----
INFO::inception_score: (8.738855, 0.025688509)
INFO::inps_baseline: 8.727971200020507
INFO::----step45500----
INFO::inception_score: (8.695776, 0.0445387)
INFO::inps_baseline: 8.721532157159961
INFO::----step46000----
INFO::inception_score: (8.728469, 0.036363985)
INFO::inps_baseline: 8.722919504719668
INFO::----step46500----
INFO::inception_score: (8.743772, 0.03999666)
INFO::inps_baseline: 8.727089914383644
INFO::----step47000----
INFO::inception_score: (8.713395, 0.027883245)
INFO::inps_baseline: 8.72435095524959
INFO::----step47500----
INFO::inception_score: (8.732524, 0.013202919)
INFO::inps_baseline: 8.725985547830044
INFO::----step48000----
INFO::inception_score: (8.7297735, 0.028231377)
INFO::inps_baseline: 8.726743142548703
INFO::step: 48500, new best result: 8.734036764099997
INFO::Save model at /datasets/BigLearning/haowen/autoLoss/saved_models/h0-haowen6_05-18-08-20_gan/model
INFO::----step48500----
INFO::inception_score: (8.763211, 0.04660529)
INFO::inps_baseline: 8.734036764099997
INFO::----step49000----
INFO::inception_score: (8.733544, 0.033007324)
INFO::inps_baseline: 8.73393828121408
INFO::step: 49500, new best result: 8.737715772371166
INFO::Save model at /datasets/BigLearning/haowen/autoLoss/saved_models/h0-haowen6_05-18-08-20_gan/model
INFO::----step49500----
INFO::inception_score: (8.752826, 0.05369334)
INFO::inps_baseline: 8.737715772371166
INFO::step: 50000, new best result: 8.746535914405722
INFO::Save model at /datasets/BigLearning/haowen/autoLoss/saved_models/h0-haowen6_05-18-08-20_gan/model
INFO::----step50000----
INFO::inception_score: (8.7818165, 0.04733338)
INFO::inps_baseline: 8.746535914405722
INFO::step: 50500, new best result: 8.75418216170036
INFO::Save model at /datasets/BigLearning/haowen/autoLoss/saved_models/h0-haowen6_05-18-08-20_gan/model
INFO::----step50500----
INFO::inception_score: (8.784767, 0.03281318)
INFO::inps_baseline: 8.75418216170036
INFO::----step51000----
INFO::inception_score: (8.709493, 0.0081140315)
INFO::inps_baseline: 8.745244266042416
INFO::----step51500----
INFO::inception_score: (8.757639, 0.042107556)
INFO::inps_baseline: 8.747723199088815
INFO::step: 52000, new best result: 8.755344468084528
INFO::Save model at /datasets/BigLearning/haowen/autoLoss/saved_models/h0-haowen6_05-18-08-20_gan/model
INFO::----step52000----
INFO::inception_score: (8.78583, 0.042217568)
INFO::inps_baseline: 8.755344468084528
INFO::----step52500----
INFO::inception_score: (8.7162, 0.04551183)
INFO::inps_baseline: 8.747515549443209
INFO::step: 53000, new best result: 8.756038371866579
INFO::Save model at /datasets/BigLearning/haowen/autoLoss/saved_models/h0-haowen6_05-18-08-20_gan/model
INFO::----step53000----
INFO::inception_score: (8.79013, 0.029008506)
INFO::inps_baseline: 8.756038371866579
INFO::step: 53500, new best result: 8.756511834578223
INFO::Save model at /datasets/BigLearning/haowen/autoLoss/saved_models/h0-haowen6_05-18-08-20_gan/model
INFO::----step53500----
INFO::inception_score: (8.758406, 0.01797901)
INFO::inps_baseline: 8.756511834578223
INFO::step: 54000, new best result: 8.762703249706036
INFO::Save model at /datasets/BigLearning/haowen/autoLoss/saved_models/h0-haowen6_05-18-08-20_gan/model
INFO::----step54000----
INFO::inception_score: (8.787469, 0.032750968)
INFO::inps_baseline: 8.762703249706036
INFO::step: 54500, new best result: 8.767495401583677
INFO::Save model at /datasets/BigLearning/haowen/autoLoss/saved_models/h0-haowen6_05-18-08-20_gan/model
INFO::----step54500----
INFO::inception_score: (8.786664, 0.008605867)
INFO::inps_baseline: 8.767495401583677
INFO::----step55000----
INFO::inception_score: (8.751612, 0.03684936)
INFO::inps_baseline: 8.764318663185886
INFO::----step55500----
INFO::inception_score: (8.752651, 0.049169056)
INFO::inps_baseline: 8.76198517346863
INFO::----step56000----
INFO::inception_score: (8.734231, 0.05670271)
INFO::inps_baseline: 8.75643433781055
INFO::----step56500----
INFO::inception_score: (8.743109, 0.026550539)
INFO::inps_baseline: 8.753769220126369
INFO::----step57000----
INFO::inception_score: (8.7642565, 0.047803935)
INFO::inps_baseline: 8.755866671572287
INFO::----step57500----
INFO::inception_score: (8.789371, 0.019034993)
INFO::inps_baseline: 8.76256744461867
INFO::----step58000----
INFO::inception_score: (8.769896, 0.05533086)
INFO::inps_baseline: 8.76403306641271
INFO::step: 58500, new best result: 8.770646657292765
INFO::Save model at /datasets/BigLearning/haowen/autoLoss/saved_models/h0-haowen6_05-18-08-20_gan/model
INFO::----step58500----
INFO::inception_score: (8.797101, 0.047430623)
INFO::inps_baseline: 8.770646657292765
INFO::----step59000----
INFO::inception_score: (8.752102, 0.036940876)
INFO::inps_baseline: 8.766937705472884
INFO::----step59500----
INFO::inception_score: (8.770327, 0.024292363)
INFO::inps_baseline: 8.767615487254284
INFO::----step60000----
INFO::inception_score: (8.763075, 0.049686324)
INFO::inps_baseline: 8.766707364779013
INFO::----step60500----
INFO::inception_score: (8.781632, 0.029901234)
INFO::inps_baseline: 8.769692376503386
INFO::step: 61000, new best result: 8.774433100421458
INFO::Save model at /datasets/BigLearning/haowen/autoLoss/saved_models/h0-haowen6_05-18-08-20_gan/model
INFO::----step61000----
INFO::inception_score: (8.793396, 0.010728746)
INFO::inps_baseline: 8.774433100421458
INFO::step: 61500, new best result: 8.77576004997828
INFO::Save model at /datasets/BigLearning/haowen/autoLoss/saved_models/h0-haowen6_05-18-08-20_gan/model
INFO::----step61500----
INFO::inception_score: (8.781068, 0.04743348)
INFO::inps_baseline: 8.77576004997828
INFO::step: 62000, new best result: 8.785282798893757
INFO::Save model at /datasets/BigLearning/haowen/autoLoss/saved_models/h0-haowen6_05-18-08-20_gan/model
INFO::----step62000----
INFO::inception_score: (8.823374, 0.025312088)
INFO::inps_baseline: 8.785282798893757
INFO::----step62500----
INFO::inception_score: (8.7774105, 0.029885044)
INFO::inps_baseline: 8.783708340555435
INFO::step: 63000, new best result: 8.792316632771497
INFO::Save model at /datasets/BigLearning/haowen/autoLoss/saved_models/h0-haowen6_05-18-08-20_gan/model
INFO::----step63000----
INFO::inception_score: (8.82675, 0.016177287)
INFO::inps_baseline: 8.792316632771497
INFO::----step63500----
INFO::inception_score: (8.771322, 0.04205778)
INFO::inps_baseline: 8.78811775629044
INFO::----step64000----
INFO::inception_score: (8.73775, 0.024476882)
INFO::inps_baseline: 8.778044215713503
INFO::----step64500----
INFO::inception_score: (8.730062, 0.028669357)
INFO::inps_baseline: 8.768447678784181
INFO::----step65000----
INFO::inception_score: (8.811201, 0.026412638)
INFO::inps_baseline: 8.776998362143555
INFO::----step65500----
INFO::inception_score: (8.764788, 0.02966017)
INFO::inps_baseline: 8.774556224504883
INFO::----step66000----
INFO::inception_score: (8.792917, 0.048425563)
INFO::inps_baseline: 8.77822842992129
INFO::----step66500----
INFO::inception_score: (8.81974, 0.045181304)
INFO::inps_baseline: 8.786530803019064
INFO::----step67000----
INFO::inception_score: (8.815126, 0.02208623)
INFO::inps_baseline: 8.792249926228727
INFO::----step67500----
INFO::inception_score: (8.785038, 0.04847807)
INFO::inps_baseline: 8.790807539859935
INFO::step: 68000, new best result: 8.793844266446055
INFO::Save model at /datasets/BigLearning/haowen/autoLoss/saved_models/h0-haowen6_05-18-08-20_gan/model
INFO::----step68000----
INFO::inception_score: (8.805991, 0.047681473)
INFO::inps_baseline: 8.793844266446055
INFO::step: 68500, new best result: 8.795164715219832
INFO::Save model at /datasets/BigLearning/haowen/autoLoss/saved_models/h0-haowen6_05-18-08-20_gan/model
INFO::----step68500----
INFO::inception_score: (8.8004465, 0.03014808)
INFO::inps_baseline: 8.795164715219832
INFO::step: 69000, new best result: 8.802181920186118
INFO::Save model at /datasets/BigLearning/haowen/autoLoss/saved_models/h0-haowen6_05-18-08-20_gan/model
INFO::----step69000----
INFO::inception_score: (8.830251, 0.03941182)
INFO::inps_baseline: 8.802181920186118
INFO::----step69500----
INFO::inception_score: (8.783949, 0.043796252)
INFO::inps_baseline: 8.79853531581198
INFO::step: 70000, new best result: 8.8036578882697
INFO::Save model at /datasets/BigLearning/haowen/autoLoss/saved_models/h0-haowen6_05-18-08-20_gan/model
INFO::----step70000----
INFO::inception_score: (8.824148, 0.03741748)
INFO::inps_baseline: 8.8036578882697
INFO::----step70500----
INFO::inception_score: (8.777572, 0.029681435)
INFO::inps_baseline: 8.798440646248086
INFO::----step71000----
INFO::inception_score: (8.8173065, 0.039287917)
INFO::inps_baseline: 8.802213820709406
INFO::step: 71500, new best result: 8.811148383532856
INFO::Save model at /datasets/BigLearning/haowen/autoLoss/saved_models/h0-haowen6_05-18-08-20_gan/model
INFO::----step71500----
INFO::inception_score: (8.846887, 0.040119745)
INFO::inps_baseline: 8.811148383532856
INFO::----step72000----
INFO::inception_score: (8.802182, 0.041801646)
INFO::inps_baseline: 8.809355146340446
INFO::step: 72500, new best result: 8.813844781440032
INFO::Save model at /datasets/BigLearning/haowen/autoLoss/saved_models/h0-haowen6_05-18-08-20_gan/model
INFO::----step72500----
INFO::inception_score: (8.831803, 0.055975832)
INFO::inps_baseline: 8.813844781440032
INFO::step: 73000, new best result: 8.815228733477221
INFO::Save model at /datasets/BigLearning/haowen/autoLoss/saved_models/h0-haowen6_05-18-08-20_gan/model
INFO::----step73000----
INFO::inception_score: (8.820765, 0.032577116)
INFO::inps_baseline: 8.815228733477221
INFO::step: 73500, new best result: 8.81810057406205
INFO::Save model at /datasets/BigLearning/haowen/autoLoss/saved_models/h0-haowen6_05-18-08-20_gan/model
INFO::----step73500----
INFO::inception_score: (8.829588, 0.077682056)
INFO::inps_baseline: 8.81810057406205
INFO::----step74000----
INFO::inception_score: (8.804012, 0.036235325)
INFO::inps_baseline: 8.815282918966437
INFO::----step74500----
INFO::inception_score: (8.807253, 0.017016264)
INFO::inps_baseline: 8.813676911955376
INFO::step: 75000, new best result: 8.81993147402231
INFO::Save model at /datasets/BigLearning/haowen/autoLoss/saved_models/h0-haowen6_05-18-08-20_gan/model
INFO::----step75000----
INFO::inception_score: (8.84495, 0.027995344)
INFO::inps_baseline: 8.81993147402231
INFO::----step75500----
INFO::inception_score: (8.782474, 0.023473788)
INFO::inps_baseline: 8.812439892047438
INFO::----step76000----
INFO::inception_score: (8.80148, 0.03264212)
INFO::inps_baseline: 8.810247972292736
INFO::----step76500----
INFO::inception_score: (8.827581, 0.02765968)
INFO::inps_baseline: 8.813714658962118
INFO::----step77000----
INFO::inception_score: (8.784003, 0.024779212)
INFO::inps_baseline: 8.807772378719987
INFO::----step77500----
INFO::inception_score: (8.796867, 0.035425786)
INFO::inps_baseline: 8.805591377097082
INFO::----step78000----
INFO::inception_score: (8.814679, 0.024807196)
INFO::inps_baseline: 8.807408930840264
INFO::----step78500----
INFO::inception_score: (8.7719755, 0.0309439)
INFO::inps_baseline: 8.8003222481268
INFO::----step79000----
INFO::inception_score: (8.862268, 0.0420585)
INFO::inps_baseline: 8.812711488076635
INFO::----step79500----
INFO::inception_score: (8.823542, 0.024557257)
INFO::inps_baseline: 8.814877518708379
INFO::----step80000----
INFO::inception_score: (8.783396, 0.024667324)
INFO::inps_baseline: 8.808581168409086
INFO::----step80500----
INFO::inception_score: (8.813646, 0.033859108)
INFO::inps_baseline: 8.809594198032933
INFO::----step81000----
INFO::inception_score: (8.803663, 0.029488442)
INFO::inps_baseline: 8.808408009183182
INFO::----step81500----
INFO::inception_score: (8.798259, 0.041321743)
INFO::inps_baseline: 8.806378163633166
INFO::----step82000----
INFO::inception_score: (8.823121, 0.045763765)
INFO::inps_baseline: 8.809726745078896
INFO::----step82500----
INFO::inception_score: (8.785676, 0.047071148)
INFO::inps_baseline: 8.804916596563604
INFO::----step83000----
INFO::inception_score: (8.761316, 0.024251495)
INFO::inps_baseline: 8.796196537138579
INFO::----step83500----
INFO::inception_score: (8.838405, 0.033276413)
INFO::inps_baseline: 8.804638160802172
INFO::----step84000----
INFO::inception_score: (8.818901, 0.019100957)
INFO::inps_baseline: 8.80749074104408
INFO::----step84500----
INFO::inception_score: (8.823018, 0.024180157)
INFO::inps_baseline: 8.810596207642394
INFO::----step85000----
INFO::inception_score: (8.798141, 0.02568187)
INFO::inps_baseline: 8.80810507127749
INFO::----step85500----
INFO::inception_score: (8.810181, 0.016603943)
INFO::inps_baseline: 8.808520189834491
INFO::Loading pretrained model from: /datasets/BigLearning/haowen/autoLoss/saved_models/h0-haowen6_05-18-08-20_gan/model-75000
INFO::inps_test: (8.823416, 0.009857295)
INFO::[(8.823416, 0.009857295)]
init_mnist_model
Extracting /datasets/BigLearning/haowen/mnist/train-images-idx3-ubyte.gz
Extracting /datasets/BigLearning/haowen/mnist/train-labels-idx1-ubyte.gz
Extracting /datasets/BigLearning/haowen/mnist/t10k-images-idx3-ubyte.gz
Extracting /datasets/BigLearning/haowen/mnist/t10k-labels-idx1-ubyte.gz
Load 55000 samples.
Extracting /datasets/BigLearning/haowen/mnist/train-images-idx3-ubyte.gz
Extracting /datasets/BigLearning/haowen/mnist/train-labels-idx1-ubyte.gz
Extracting /datasets/BigLearning/haowen/mnist/t10k-images-idx3-ubyte.gz
Extracting /datasets/BigLearning/haowen/mnist/t10k-labels-idx1-ubyte.gz
Load 10000 samples.
Extracting /datasets/BigLearning/haowen/mnist/train-images-idx3-ubyte.gz
Extracting /datasets/BigLearning/haowen/mnist/train-labels-idx1-ubyte.gz
Extracting /datasets/BigLearning/haowen/mnist/t10k-images-idx3-ubyte.gz
Extracting /datasets/BigLearning/haowen/mnist/t10k-labels-idx1-ubyte.gz
Load 55000 samples.
Extracting /datasets/BigLearning/haowen/mnist/train-images-idx3-ubyte.gz
Extracting /datasets/BigLearning/haowen/mnist/train-labels-idx1-ubyte.gz
Extracting /datasets/BigLearning/haowen/mnist/t10k-images-idx3-ubyte.gz
Extracting /datasets/BigLearning/haowen/mnist/t10k-labels-idx1-ubyte.gz
Load 10000 samples.
