WARNING::lambda1_stud not found in config file
WARNING::lambda2_stud not found in config file
2018-05-15 14:42:20.545724: I tensorflow/core/platform/cpu_feature_guard.cc:137] Your CPU supports instructions that this TensorFlow binary was not compiled to use: SSE4.1 SSE4.2 AVX AVX2 FMA
2018-05-15 14:42:21.644498: I tensorflow/core/common_runtime/gpu/gpu_device.cc:1030] Found device 0 with properties: 
name: GeForce GTX TITAN X major: 5 minor: 2 memoryClockRate(GHz): 1.076
pciBusID: 0000:04:00.0
totalMemory: 11.92GiB freeMemory: 11.80GiB
2018-05-15 14:42:21.644657: I tensorflow/core/common_runtime/gpu/gpu_device.cc:1120] Creating TensorFlow device (/device:GPU:0) -> (device: 0, name: GeForce GTX TITAN X, pci bus id: 0000:04:00.0, compute capability: 5.2)
INFO::Loading pretrained model from: /datasets/BigLearning/haowen/autoLoss/saved_models/mnist_classification/model-20000
2018-05-15 14:42:24.446709: I tensorflow/core/common_runtime/gpu/gpu_device.cc:1120] Creating TensorFlow device (/device:GPU:0) -> (device: 0, name: GeForce GTX TITAN X, pci bus id: 0000:04:00.0, compute capability: 5.2)
INFO::h0.haowen6.biglearning.orca.pdl.cmu.edu
WARNING::lambda1_stud not found in config file
WARNING::lambda2_stud not found in config file
INFO::[DEFAULT]
INFO::[env]
INFO::exp_dir:: ~/haowen/GitHub/autoLoss
INFO::data_dir:: ~/haowen/GitHub/autoLoss/Data/
INFO::model_dir:: /datasets/BigLearning/haowen/autoLoss/saved_models
INFO::save_images_dir:: /datasets/BigLearning/haowen/autoLoss/saved_images
INFO::[data]
INFO::train_data_file:: gan_grid/train.npy
INFO::valid_data_file:: gan_grid/valid.npy
INFO::test_data_file:: gan_grid/test.npy
INFO::num_sample_train:: 10000
INFO::num_sample_valid:: 2000
INFO::num_sample_test:: 2000
INFO::var_noise:: 0.02
INFO::[stud]
INFO::student_model_name:: gan_grid
INFO::batch_size:: 128
INFO::lr_stud:: 0.002
INFO::lr_decay_stud:: 1
INFO::beta1:: 0.5
INFO::beta2:: 0.999
INFO::valid_frequency_stud:: 1000
INFO::print_frequency_stud:: 4000
INFO::max_endurance_stud:: 50
INFO::max_training_step:: 200000
INFO::stop_strategy_stud:: exceeding_endurance
INFO::[gan]
INFO::gan_mode:: gan_grid
INFO::dim_z:: 128
INFO::dim_x:: 2
INFO::n_hidden_disc:: 128
INFO::n_hidden_gen:: 128
INFO::disc_iters:: 1
INFO::gen_iters:: 1
INFO::[evaluate]
INFO::[rl]
INFO::controller_model_name:: linear_logits_clipping
INFO::logit_clipping_c:: 2
INFO::dim_state_rl:: 6
INFO::dim_hidden_rl:: 16
INFO::dim_action_rl:: 2
INFO::lr_rl:: 2
INFO::lr_decay_rl:: 1
INFO::total_episodes:: 1000
INFO::update_frequency:: 1
INFO::save_frequency:: 100
INFO::inps_baseline_decay:: 0.8
INFO::reward_c:: 1000
INFO::reward_step_rl:: 0.1
INFO::reward_max_value:: 20
INFO::explore_rate_decay_rl:: 100
INFO::explore_rate_rl:: 0
INFO::max_endurance_rl:: 50
INFO::state_decay:: 0.9
INFO::metric_decay:: 0.8
INFO::exp_name: h0-haowen6_05-15-20-42
2018-05-15 14:42:24.463514: I tensorflow/core/common_runtime/gpu/gpu_device.cc:1120] Creating TensorFlow device (/device:GPU:0) -> (device: 0, name: GeForce GTX TITAN X, pci bus id: 0000:04:00.0, compute capability: 5.2)
2018-05-15 14:42:24.528820: I tensorflow/core/common_runtime/gpu/gpu_device.cc:1120] Creating TensorFlow device (/device:GPU:0) -> (device: 0, name: GeForce GTX TITAN X, pci bus id: 0000:04:00.0, compute capability: 5.2)
/users/hzhang2/haowen/miniconda3/envs/py35_tf/lib/python3.5/site-packages/tensorflow/python/ops/gradients_impl.py:96: UserWarning: Converting sparse IndexedSlices to a dense Tensor of unknown shape. This may consume a large amount of memory.
  "Converting sparse IndexedSlices to a dense Tensor of unknown shape. "
INFO::=================
INFO::episodes: 0
INFO::idx:0, var:[[ 0.24901444  0.850141  ]
 [ 0.0310033   0.6752507 ]
 [-0.2798773  -0.13385153]
 [ 0.6604962  -0.7223105 ]
 [ 0.84184104  0.72225636]
 [-0.42914104  0.3884799 ]]
INFO::idx:1, var:[0. 0.]
INFO::step: 1000, new best result: 0.0379
INFO::Save model at /datasets/BigLearning/haowen/autoLoss/saved_models/h0-haowen6_05-15-20-42_gan_grid/model
INFO::step: 2000, new best result: 0.03894
INFO::Save model at /datasets/BigLearning/haowen/autoLoss/saved_models/h0-haowen6_05-15-20-42_gan_grid/model
INFO::step: 3000, new best result: 0.039912
INFO::Save model at /datasets/BigLearning/haowen/autoLoss/saved_models/h0-haowen6_05-15-20-42_gan_grid/model
INFO::step: 4000, new best result: 0.0405496
INFO::Save model at /datasets/BigLearning/haowen/autoLoss/saved_models/h0-haowen6_05-15-20-42_gan_grid/model
INFO::----step4000----
INFO::hq: 0.0431, entropy: 3.145562255157112
INFO::hq_baseline: 0.0405496
INFO::step: 6000, new best result: 0.040615743999999995
INFO::Save model at /datasets/BigLearning/haowen/autoLoss/saved_models/h0-haowen6_05-15-20-42_gan_grid/model
INFO::step: 8000, new best result: 0.04142607615999999
INFO::Save model at /datasets/BigLearning/haowen/autoLoss/saved_models/h0-haowen6_05-15-20-42_gan_grid/model
INFO::----step8000----
INFO::hq: 0.0578, entropy: 2.91211529773918
INFO::hq_baseline: 0.04142607615999999
INFO::step: 9000, new best result: 0.04914086092799999
INFO::Save model at /datasets/BigLearning/haowen/autoLoss/saved_models/h0-haowen6_05-15-20-42_gan_grid/model
INFO::step: 10000, new best result: 0.05023268874239999
INFO::Save model at /datasets/BigLearning/haowen/autoLoss/saved_models/h0-haowen6_05-15-20-42_gan_grid/model
INFO::step: 11000, new best result: 0.06624615099391999
INFO::Save model at /datasets/BigLearning/haowen/autoLoss/saved_models/h0-haowen6_05-15-20-42_gan_grid/model
INFO::step: 12000, new best result: 0.08905692079513598
INFO::Save model at /datasets/BigLearning/haowen/autoLoss/saved_models/h0-haowen6_05-15-20-42_gan_grid/model
INFO::----step12000----
INFO::hq: 0.1803, entropy: 2.8534683952770825
INFO::hq_baseline: 0.08905692079513598
INFO::step: 13000, new best result: 0.10008553663610878
INFO::Save model at /datasets/BigLearning/haowen/autoLoss/saved_models/h0-haowen6_05-15-20-42_gan_grid/model
INFO::step: 14000, new best result: 0.10780842930888701
INFO::Save model at /datasets/BigLearning/haowen/autoLoss/saved_models/h0-haowen6_05-15-20-42_gan_grid/model
INFO::step: 15000, new best result: 0.1384467434471096
INFO::Save model at /datasets/BigLearning/haowen/autoLoss/saved_models/h0-haowen6_05-15-20-42_gan_grid/model
INFO::step: 16000, new best result: 0.1610373947576877
INFO::Save model at /datasets/BigLearning/haowen/autoLoss/saved_models/h0-haowen6_05-15-20-42_gan_grid/model
INFO::----step16000----
INFO::hq: 0.2514, entropy: 2.7813686605513466
INFO::hq_baseline: 0.1610373947576877
INFO::step: 17000, new best result: 0.18304991580615015
INFO::Save model at /datasets/BigLearning/haowen/autoLoss/saved_models/h0-haowen6_05-15-20-42_gan_grid/model
INFO::step: 18000, new best result: 0.20539993264492012
INFO::Save model at /datasets/BigLearning/haowen/autoLoss/saved_models/h0-haowen6_05-15-20-42_gan_grid/model
INFO::step: 19000, new best result: 0.2213599461159361
INFO::Save model at /datasets/BigLearning/haowen/autoLoss/saved_models/h0-haowen6_05-15-20-42_gan_grid/model
INFO::step: 20000, new best result: 0.24688795689274887
INFO::Save model at /datasets/BigLearning/haowen/autoLoss/saved_models/h0-haowen6_05-15-20-42_gan_grid/model
INFO::----step20000----
INFO::hq: 0.349, entropy: 2.774985027689772
INFO::hq_baseline: 0.24688795689274887
INFO::step: 21000, new best result: 0.27063036551419906
INFO::Save model at /datasets/BigLearning/haowen/autoLoss/saved_models/h0-haowen6_05-15-20-42_gan_grid/model
INFO::step: 22000, new best result: 0.29804429241135927
INFO::Save model at /datasets/BigLearning/haowen/autoLoss/saved_models/h0-haowen6_05-15-20-42_gan_grid/model
INFO::step: 23000, new best result: 0.32417543392908743
INFO::Save model at /datasets/BigLearning/haowen/autoLoss/saved_models/h0-haowen6_05-15-20-42_gan_grid/model
INFO::step: 24000, new best result: 0.34918034714326995
INFO::Save model at /datasets/BigLearning/haowen/autoLoss/saved_models/h0-haowen6_05-15-20-42_gan_grid/model
INFO::----step24000----
INFO::hq: 0.4492, entropy: 2.729302769186228
INFO::hq_baseline: 0.34918034714326995
INFO::step: 25000, new best result: 0.37798427771461596
INFO::Save model at /datasets/BigLearning/haowen/autoLoss/saved_models/h0-haowen6_05-15-20-42_gan_grid/model
INFO::step: 26000, new best result: 0.39936742217169274
INFO::Save model at /datasets/BigLearning/haowen/autoLoss/saved_models/h0-haowen6_05-15-20-42_gan_grid/model
INFO::step: 27000, new best result: 0.4228739377373542
INFO::Save model at /datasets/BigLearning/haowen/autoLoss/saved_models/h0-haowen6_05-15-20-42_gan_grid/model
INFO::step: 28000, new best result: 0.4446991501898834
INFO::Save model at /datasets/BigLearning/haowen/autoLoss/saved_models/h0-haowen6_05-15-20-42_gan_grid/model
INFO::----step28000----
INFO::hq: 0.532, entropy: 2.707163313749585
INFO::hq_baseline: 0.4446991501898834
INFO::step: 29000, new best result: 0.46633932015190666
INFO::Save model at /datasets/BigLearning/haowen/autoLoss/saved_models/h0-haowen6_05-15-20-42_gan_grid/model
INFO::step: 30000, new best result: 0.48455145612152534
INFO::Save model at /datasets/BigLearning/haowen/autoLoss/saved_models/h0-haowen6_05-15-20-42_gan_grid/model
INFO::step: 31000, new best result: 0.4989811648972202
INFO::Save model at /datasets/BigLearning/haowen/autoLoss/saved_models/h0-haowen6_05-15-20-42_gan_grid/model
INFO::step: 32000, new best result: 0.5145649319177762
INFO::Save model at /datasets/BigLearning/haowen/autoLoss/saved_models/h0-haowen6_05-15-20-42_gan_grid/model
INFO::----step32000----
INFO::hq: 0.5769, entropy: 2.7051835108546207
INFO::hq_baseline: 0.5145649319177762
INFO::step: 33000, new best result: 0.528711945534221
INFO::Save model at /datasets/BigLearning/haowen/autoLoss/saved_models/h0-haowen6_05-15-20-42_gan_grid/model
INFO::step: 34000, new best result: 0.5409895564273768
INFO::Save model at /datasets/BigLearning/haowen/autoLoss/saved_models/h0-haowen6_05-15-20-42_gan_grid/model
INFO::step: 35000, new best result: 0.5537916451419014
INFO::Save model at /datasets/BigLearning/haowen/autoLoss/saved_models/h0-haowen6_05-15-20-42_gan_grid/model
INFO::step: 36000, new best result: 0.5630733161135211
INFO::Save model at /datasets/BigLearning/haowen/autoLoss/saved_models/h0-haowen6_05-15-20-42_gan_grid/model
INFO::----step36000----
INFO::hq: 0.6002, entropy: 2.685271316784386
INFO::hq_baseline: 0.5630733161135211
INFO::step: 37000, new best result: 0.5693386528908169
INFO::Save model at /datasets/BigLearning/haowen/autoLoss/saved_models/h0-haowen6_05-15-20-42_gan_grid/model
INFO::step: 38000, new best result: 0.5802109223126535
INFO::Save model at /datasets/BigLearning/haowen/autoLoss/saved_models/h0-haowen6_05-15-20-42_gan_grid/model
INFO::step: 39000, new best result: 0.5933687378501228
INFO::Save model at /datasets/BigLearning/haowen/autoLoss/saved_models/h0-haowen6_05-15-20-42_gan_grid/model
INFO::step: 40000, new best result: 0.6058349902800982
INFO::Save model at /datasets/BigLearning/haowen/autoLoss/saved_models/h0-haowen6_05-15-20-42_gan_grid/model
INFO::----step40000----
INFO::hq: 0.6557, entropy: 2.6634888705288287
INFO::hq_baseline: 0.6058349902800982
INFO::step: 41000, new best result: 0.6156679922240786
INFO::Save model at /datasets/BigLearning/haowen/autoLoss/saved_models/h0-haowen6_05-15-20-42_gan_grid/model
INFO::step: 42000, new best result: 0.6278543937792629
INFO::Save model at /datasets/BigLearning/haowen/autoLoss/saved_models/h0-haowen6_05-15-20-42_gan_grid/model
INFO::step: 44000, new best result: 0.6290988120187282
INFO::Save model at /datasets/BigLearning/haowen/autoLoss/saved_models/h0-haowen6_05-15-20-42_gan_grid/model
INFO::----step44000----
INFO::hq: 0.6606, entropy: 2.665227911061141
INFO::hq_baseline: 0.6290988120187282
INFO::step: 45000, new best result: 0.6404790496149826
INFO::Save model at /datasets/BigLearning/haowen/autoLoss/saved_models/h0-haowen6_05-15-20-42_gan_grid/model
INFO::step: 47000, new best result: 0.6419545917535887
INFO::Save model at /datasets/BigLearning/haowen/autoLoss/saved_models/h0-haowen6_05-15-20-42_gan_grid/model
INFO::step: 48000, new best result: 0.653943673402871
INFO::Save model at /datasets/BigLearning/haowen/autoLoss/saved_models/h0-haowen6_05-15-20-42_gan_grid/model
INFO::----step48000----
INFO::hq: 0.7019, entropy: 2.6408993251142094
INFO::hq_baseline: 0.653943673402871
INFO::step: 49000, new best result: 0.6653749387222967
INFO::Save model at /datasets/BigLearning/haowen/autoLoss/saved_models/h0-haowen6_05-15-20-42_gan_grid/model
INFO::step: 50000, new best result: 0.6733399509778373
INFO::Save model at /datasets/BigLearning/haowen/autoLoss/saved_models/h0-haowen6_05-15-20-42_gan_grid/model
INFO::step: 51000, new best result: 0.6805919607822698
INFO::Save model at /datasets/BigLearning/haowen/autoLoss/saved_models/h0-haowen6_05-15-20-42_gan_grid/model
INFO::step: 52000, new best result: 0.6888535686258158
INFO::Save model at /datasets/BigLearning/haowen/autoLoss/saved_models/h0-haowen6_05-15-20-42_gan_grid/model
INFO::----step52000----
INFO::hq: 0.7219, entropy: 2.6569248754588815
INFO::hq_baseline: 0.6888535686258158
INFO::step: 53000, new best result: 0.6964628549006526
INFO::Save model at /datasets/BigLearning/haowen/autoLoss/saved_models/h0-haowen6_05-15-20-42_gan_grid/model
INFO::step: 54000, new best result: 0.7002702839205222
INFO::Save model at /datasets/BigLearning/haowen/autoLoss/saved_models/h0-haowen6_05-15-20-42_gan_grid/model
INFO::step: 55000, new best result: 0.7017562271364177
INFO::Save model at /datasets/BigLearning/haowen/autoLoss/saved_models/h0-haowen6_05-15-20-42_gan_grid/model
INFO::step: 56000, new best result: 0.7043649817091342
INFO::Save model at /datasets/BigLearning/haowen/autoLoss/saved_models/h0-haowen6_05-15-20-42_gan_grid/model
INFO::----step56000----
INFO::hq: 0.7148, entropy: 2.653675385269285
INFO::hq_baseline: 0.7043649817091342
INFO::step: 57000, new best result: 0.7073519853673074
INFO::Save model at /datasets/BigLearning/haowen/autoLoss/saved_models/h0-haowen6_05-15-20-42_gan_grid/model
INFO::step: 58000, new best result: 0.7129015882938459
INFO::Save model at /datasets/BigLearning/haowen/autoLoss/saved_models/h0-haowen6_05-15-20-42_gan_grid/model
INFO::step: 59000, new best result: 0.7129212706350767
INFO::Save model at /datasets/BigLearning/haowen/autoLoss/saved_models/h0-haowen6_05-15-20-42_gan_grid/model
INFO::step: 60000, new best result: 0.7131370165080613
INFO::Save model at /datasets/BigLearning/haowen/autoLoss/saved_models/h0-haowen6_05-15-20-42_gan_grid/model
INFO::----step60000----
INFO::hq: 0.714, entropy: 2.645085340103545
INFO::hq_baseline: 0.7131370165080613
INFO::step: 61000, new best result: 0.715809613206449
INFO::Save model at /datasets/BigLearning/haowen/autoLoss/saved_models/h0-haowen6_05-15-20-42_gan_grid/model
INFO::step: 62000, new best result: 0.7206076905651592
INFO::Save model at /datasets/BigLearning/haowen/autoLoss/saved_models/h0-haowen6_05-15-20-42_gan_grid/model
INFO::step: 63000, new best result: 0.7257661524521273
INFO::Save model at /datasets/BigLearning/haowen/autoLoss/saved_models/h0-haowen6_05-15-20-42_gan_grid/model
INFO::step: 64000, new best result: 0.7323329219617019
INFO::Save model at /datasets/BigLearning/haowen/autoLoss/saved_models/h0-haowen6_05-15-20-42_gan_grid/model
INFO::----step64000----
INFO::hq: 0.7586, entropy: 2.6111466304891646
INFO::hq_baseline: 0.7323329219617019
INFO::step: 65000, new best result: 0.7338863375693614
INFO::Save model at /datasets/BigLearning/haowen/autoLoss/saved_models/h0-haowen6_05-15-20-42_gan_grid/model
INFO::step: 66000, new best result: 0.7374890700554891
INFO::Save model at /datasets/BigLearning/haowen/autoLoss/saved_models/h0-haowen6_05-15-20-42_gan_grid/model
INFO::----step68000----
INFO::hq: 0.7509, entropy: 2.6373996932735397
INFO::hq_baseline: 0.7232610048355129
INFO::step: 72000, new best result: 0.7391118675806261
INFO::Save model at /datasets/BigLearning/haowen/autoLoss/saved_models/h0-haowen6_05-15-20-42_gan_grid/model
INFO::----step72000----
INFO::hq: 0.7589, entropy: 2.6329517790468113
INFO::hq_baseline: 0.7391118675806261
INFO::step: 76000, new best result: 0.7398461409610244
INFO::Save model at /datasets/BigLearning/haowen/autoLoss/saved_models/h0-haowen6_05-15-20-42_gan_grid/model
INFO::----step76000----
INFO::hq: 0.7532, entropy: 2.6210907127887886
INFO::hq_baseline: 0.7398461409610244
INFO::step: 77000, new best result: 0.7455169127688196
INFO::Save model at /datasets/BigLearning/haowen/autoLoss/saved_models/h0-haowen6_05-15-20-42_gan_grid/model
INFO::step: 78000, new best result: 0.7463335302150557
INFO::Save model at /datasets/BigLearning/haowen/autoLoss/saved_models/h0-haowen6_05-15-20-42_gan_grid/model
INFO::step: 79000, new best result: 0.7534668241720446
INFO::Save model at /datasets/BigLearning/haowen/autoLoss/saved_models/h0-haowen6_05-15-20-42_gan_grid/model
INFO::----step80000----
INFO::hq: 0.7037, entropy: 2.60729278958448
INFO::hq_baseline: 0.7435134593376357
INFO::step: 82000, new best result: 0.7558646139760868
INFO::Save model at /datasets/BigLearning/haowen/autoLoss/saved_models/h0-haowen6_05-15-20-42_gan_grid/model
INFO::step: 83000, new best result: 0.7620916911808695
INFO::Save model at /datasets/BigLearning/haowen/autoLoss/saved_models/h0-haowen6_05-15-20-42_gan_grid/model
INFO::----step84000----
INFO::hq: 0.6646, entropy: 2.5956475914091843
INFO::hq_baseline: 0.7425933529446955
INFO::step: 88000, new best result: 0.7646979173661475
INFO::Save model at /datasets/BigLearning/haowen/autoLoss/saved_models/h0-haowen6_05-15-20-42_gan_grid/model
INFO::----step88000----
INFO::hq: 0.7811, entropy: 2.621635238724015
INFO::hq_baseline: 0.7646979173661475
INFO::----step92000----
INFO::hq: 0.7809, entropy: 2.6303103715656637
INFO::hq_baseline: 0.759524426953174
INFO::step: 96000, new best result: 0.76597736528002
INFO::Save model at /datasets/BigLearning/haowen/autoLoss/saved_models/h0-haowen6_05-15-20-42_gan_grid/model
INFO::----step96000----
INFO::hq: 0.7876, entropy: 2.6144405871458636
INFO::hq_baseline: 0.76597736528002
INFO::step: 97000, new best result: 0.768761892224016
INFO::Save model at /datasets/BigLearning/haowen/autoLoss/saved_models/h0-haowen6_05-15-20-42_gan_grid/model
INFO::step: 98000, new best result: 0.7718895137792128
INFO::Save model at /datasets/BigLearning/haowen/autoLoss/saved_models/h0-haowen6_05-15-20-42_gan_grid/model
INFO::step: 99000, new best result: 0.7755716110233702
INFO::Save model at /datasets/BigLearning/haowen/autoLoss/saved_models/h0-haowen6_05-15-20-42_gan_grid/model
INFO::step: 100000, new best result: 0.7764972888186962
INFO::Save model at /datasets/BigLearning/haowen/autoLoss/saved_models/h0-haowen6_05-15-20-42_gan_grid/model
INFO::----step100000----
INFO::hq: 0.7802, entropy: 2.6069350229049055
INFO::hq_baseline: 0.7764972888186962
INFO::step: 101000, new best result: 0.7793378310549569
INFO::Save model at /datasets/BigLearning/haowen/autoLoss/saved_models/h0-haowen6_05-15-20-42_gan_grid/model
INFO::----step104000----
INFO::hq: 0.7957, entropy: 2.608692946441433
INFO::hq_baseline: 0.7750921695001379
INFO::----step108000----
INFO::hq: 0.7856, entropy: 2.621638856742801
INFO::hq_baseline: 0.7724371126272565
INFO::----step112000----
INFO::hq: 0.7936, entropy: 2.6547313297178015
INFO::hq_baseline: 0.7758046413321243
INFO::step: 114000, new best result: 0.7801549704525597
INFO::Save model at /datasets/BigLearning/haowen/autoLoss/saved_models/h0-haowen6_05-15-20-42_gan_grid/model
INFO::----step116000----
INFO::hq: 0.7958, entropy: 2.768259573571756
INFO::hq_baseline: 0.7742031810896383
INFO::step: 118000, new best result: 0.7804460358973685
INFO::Save model at /datasets/BigLearning/haowen/autoLoss/saved_models/h0-haowen6_05-15-20-42_gan_grid/model
INFO::step: 119000, new best result: 0.7881368287178948
INFO::Save model at /datasets/BigLearning/haowen/autoLoss/saved_models/h0-haowen6_05-15-20-42_gan_grid/model
INFO::----step120000----
INFO::hq: 0.7858, entropy: 2.9952209559991085
INFO::hq_baseline: 0.7876694629743158
INFO::step: 121000, new best result: 0.7912155703794527
INFO::Save model at /datasets/BigLearning/haowen/autoLoss/saved_models/h0-haowen6_05-15-20-42_gan_grid/model
INFO::----step124000----
INFO::hq: 0.7997, entropy: 2.9933789100875896
INFO::hq_baseline: 0.7907735720342798
INFO::step: 125000, new best result: 0.7942388576274239
INFO::Save model at /datasets/BigLearning/haowen/autoLoss/saved_models/h0-haowen6_05-15-20-42_gan_grid/model
INFO::step: 128000, new best result: 0.8007726951052411
INFO::Save model at /datasets/BigLearning/haowen/autoLoss/saved_models/h0-haowen6_05-15-20-42_gan_grid/model
INFO::----step128000----
INFO::hq: 0.8297, entropy: 3.0052438177956513
INFO::hq_baseline: 0.8007726951052411
INFO::step: 129000, new best result: 0.8055981560841929
INFO::Save model at /datasets/BigLearning/haowen/autoLoss/saved_models/h0-haowen6_05-15-20-42_gan_grid/model
INFO::step: 132000, new best result: 0.8076486559151067
INFO::Save model at /datasets/BigLearning/haowen/autoLoss/saved_models/h0-haowen6_05-15-20-42_gan_grid/model
INFO::----step132000----
INFO::hq: 0.8422, entropy: 3.0163240694019313
INFO::hq_baseline: 0.8076486559151067
INFO::step: 134000, new best result: 0.8086591397856684
INFO::Save model at /datasets/BigLearning/haowen/autoLoss/saved_models/h0-haowen6_05-15-20-42_gan_grid/model
INFO::step: 135000, new best result: 0.8146273118285348
INFO::Save model at /datasets/BigLearning/haowen/autoLoss/saved_models/h0-haowen6_05-15-20-42_gan_grid/model
INFO::----step136000----
INFO::hq: 0.741, entropy: 2.958876190595801
INFO::hq_baseline: 0.7999018494628278
INFO::----step140000----
INFO::hq: 0.8287, entropy: 3.0046144599177174
INFO::hq_baseline: 0.8113573975399744
INFO::step: 141000, new best result: 0.8192659180319796
INFO::Save model at /datasets/BigLearning/haowen/autoLoss/saved_models/h0-haowen6_05-15-20-42_gan_grid/model
INFO::step: 142000, new best result: 0.8246327344255836
INFO::Save model at /datasets/BigLearning/haowen/autoLoss/saved_models/h0-haowen6_05-15-20-42_gan_grid/model
INFO::step: 143000, new best result: 0.8297461875404669
INFO::Save model at /datasets/BigLearning/haowen/autoLoss/saved_models/h0-haowen6_05-15-20-42_gan_grid/model
INFO::step: 144000, new best result: 0.8316969500323735
INFO::Save model at /datasets/BigLearning/haowen/autoLoss/saved_models/h0-haowen6_05-15-20-42_gan_grid/model
INFO::----step144000----
INFO::hq: 0.8395, entropy: 2.99798238495505
INFO::hq_baseline: 0.8316969500323735
INFO::step: 146000, new best result: 0.835814048020719
INFO::Save model at /datasets/BigLearning/haowen/autoLoss/saved_models/h0-haowen6_05-15-20-42_gan_grid/model
INFO::----step148000----
INFO::hq: 0.8023, entropy: 3.0119579890630086
INFO::hq_baseline: 0.8272049907332601
INFO::----step152000----
INFO::hq: 0.8357, entropy: 3.00655875166837
INFO::hq_baseline: 0.8237340442043434
INFO::----step156000----
INFO::hq: 0.8419, entropy: 3.009228019863234
INFO::hq_baseline: 0.8318211445060991
INFO::step: 158000, new best result: 0.8388575324839034
INFO::Save model at /datasets/BigLearning/haowen/autoLoss/saved_models/h0-haowen6_05-15-20-42_gan_grid/model
INFO::step: 160000, new best result: 0.8397568207896982
INFO::Save model at /datasets/BigLearning/haowen/autoLoss/saved_models/h0-haowen6_05-15-20-42_gan_grid/model
INFO::----step160000----
INFO::hq: 0.8486, entropy: 3.011691725475241
INFO::hq_baseline: 0.8397568207896982
INFO::step: 161000, new best result: 0.8420854566317586
INFO::Save model at /datasets/BigLearning/haowen/autoLoss/saved_models/h0-haowen6_05-15-20-42_gan_grid/model
INFO::step: 162000, new best result: 0.8466883653054069
INFO::Save model at /datasets/BigLearning/haowen/autoLoss/saved_models/h0-haowen6_05-15-20-42_gan_grid/model
INFO::----step164000----
INFO::hq: 0.764, entropy: 2.9520959474442545
INFO::hq_baseline: 0.8301365537954604
INFO::----step168000----
INFO::hq: 0.8295, entropy: 3.0152181818662283
INFO::hq_baseline: 0.8344602524346205
INFO::----step172000----
INFO::hq: 0.8538, entropy: 3.0133614666085564
INFO::hq_baseline: 0.8309773193972205
INFO::----step176000----
INFO::hq: 0.8612, entropy: 3.015291329156793
INFO::hq_baseline: 0.8459727900251015
INFO::step: 177000, new best result: 0.8491382320200812
INFO::Save model at /datasets/BigLearning/haowen/autoLoss/saved_models/h0-haowen6_05-15-20-42_gan_grid/model
INFO::step: 180000, new best result: 0.8515507747942817
INFO::Save model at /datasets/BigLearning/haowen/autoLoss/saved_models/h0-haowen6_05-15-20-42_gan_grid/model
INFO::----step180000----
INFO::hq: 0.8662, entropy: 3.0147184276941763
INFO::hq_baseline: 0.8515507747942817
INFO::----step184000----
INFO::hq: 0.8569, entropy: 3.0111182546092508
INFO::hq_baseline: 0.8509118373557378
INFO::----step188000----
INFO::hq: 0.7929, entropy: 2.996379108017571
INFO::hq_baseline: 0.7726450085809102
INFO::----step192000----
INFO::hq: 0.8355, entropy: 3.0093889704426777
INFO::hq_baseline: 0.7853065955147409
INFO::----step196000----
INFO::hq: 0.7908, entropy: 3.001509626232039
INFO::hq_baseline: 0.7837915015228378
INFO::----step200000----
INFO::hq: 0.8362, entropy: 3.0218213100754063
INFO::hq_baseline: 0.8060505990237544
INFO::student model hasn't been saved before
INFO::UPDATE CONTROLLOR
INFO::lr_ctrl: 2.0
INFO::grad
INFO::[[0. 0.]
 [0. 0.]
 [0. 0.]
 [0. 0.]
 [0. 0.]
 [0. 0.]]
INFO::[0. 0.]
INFO::weights
INFO::idx:0, var:[[ 0.24901444  0.850141  ]
 [ 0.0310033   0.6752507 ]
 [-0.2798773  -0.13385153]
 [ 0.6604962  -0.7223105 ]
 [ 0.84184104  0.72225636]
 [-0.42914104  0.3884799 ]]
INFO::idx:1, var:[0. 0.]
INFO::total_steps: 200001
INFO::p_a: [0.4794576 0.5205424]
INFO::Trace of actions distribution
INFO::gen: [59, 53, 42, 44, 53, 50, 49, 48, 49, 45, 35, 39, 41, 40, 40, 44, 37, 37, 48, 44, 45, 47, 40, 41, 48, 41, 50, 52, 53, 46, 44, 42, 45, 51, 45, 51, 46, 49, 45, 49, 52, 54, 59, 57, 44, 47, 46, 44, 41, 42, 44, 51, 40, 52, 48, 52, 47, 48, 50, 47, 46, 43, 45, 40, 44, 40, 55, 46, 47, 46, 53, 41, 52, 48, 62, 49, 46, 46, 43, 48]
INFO::disc: [41, 47, 58, 56, 47, 50, 51, 52, 51, 55, 65, 61, 59, 60, 60, 56, 63, 63, 52, 56, 55, 53, 60, 59, 52, 59, 50, 48, 47, 54, 56, 58, 55, 49, 55, 49, 54, 51, 55, 51, 48, 46, 41, 43, 56, 53, 54, 56, 59, 58, 56, 49, 60, 48, 52, 48, 53, 52, 50, 53, 54, 57, 55, 60, 56, 60, 45, 54, 53, 54, 47, 59, 48, 52, 38, 51, 54, 54, 57, 52]
init_mnist_model
Extracting /datasets/BigLearning/haowen/mnist/train-images-idx3-ubyte.gz
Extracting /datasets/BigLearning/haowen/mnist/train-labels-idx1-ubyte.gz
Extracting /datasets/BigLearning/haowen/mnist/t10k-images-idx3-ubyte.gz
Extracting /datasets/BigLearning/haowen/mnist/t10k-labels-idx1-ubyte.gz
Load 55000 samples.
Extracting /datasets/BigLearning/haowen/mnist/train-images-idx3-ubyte.gz
Extracting /datasets/BigLearning/haowen/mnist/train-labels-idx1-ubyte.gz
Extracting /datasets/BigLearning/haowen/mnist/t10k-images-idx3-ubyte.gz
Extracting /datasets/BigLearning/haowen/mnist/t10k-labels-idx1-ubyte.gz
Load 10000 samples.
load 10000 samples.
load 2000 samples.
Traceback (most recent call last):
  File "trainer.py", line 333, in <module>
    trainer.train(save_ctrl=True)
  File "trainer.py", line 247, in train
    hq_ratio = model_stud.best_hq_ratio
AttributeError: 'Gan_grid' object has no attribute 'best_hq_ratio'
